<?xml version="1.0" encoding="UTF-8" ?>
<testsuite tests="4" failures="0" name="fr.gestion.donnees.EnseignantRepositoryTest" time="0.115" errors="4" skipped="0">
  <properties>
    <property name="java.runtime.name" value="Java(TM) SE Runtime Environment"/>
    <property name="sun.boot.library.path" value="/usr/lib/jvm/java-8-oracle/jre/lib/amd64"/>
    <property name="java.vm.version" value="25.111-b14"/>
    <property name="java.vm.vendor" value="Oracle Corporation"/>
    <property name="maven.multiModuleProjectDirectory" value="/home/alexis/workspace/Service"/>
    <property name="java.vendor.url" value="http://java.oracle.com/"/>
    <property name="path.separator" value=":"/>
    <property name="guice.disable.misplaced.annotation.check" value="true"/>
    <property name="java.vm.name" value="Java HotSpot(TM) 64-Bit Server VM"/>
    <property name="file.encoding.pkg" value="sun.io"/>
    <property name="user.country" value="FR"/>
    <property name="sun.java.launcher" value="SUN_STANDARD"/>
    <property name="sun.os.patch.level" value="unknown"/>
    <property name="java.vm.specification.name" value="Java Virtual Machine Specification"/>
    <property name="user.dir" value="/home/alexis/workspace/Service"/>
    <property name="java.runtime.version" value="1.8.0_111-b14"/>
    <property name="java.awt.graphicsenv" value="sun.awt.X11GraphicsEnvironment"/>
    <property name="java.endorsed.dirs" value="/usr/lib/jvm/java-8-oracle/jre/lib/endorsed"/>
    <property name="os.arch" value="amd64"/>
    <property name="java.io.tmpdir" value="/tmp"/>
    <property name="line.separator" value="
"/>
    <property name="java.vm.specification.vendor" value="Oracle Corporation"/>
    <property name="os.name" value="Linux"/>
    <property name="classworlds.conf" value="/home/alexis/workspace/.metadata/.plugins/org.eclipse.m2e.launching/launches/m2conf1645461857563306441.tmp"/>
    <property name="sun.jnu.encoding" value="UTF-8"/>
    <property name="java.library.path" value="/usr/java/packages/lib/amd64:/usr/lib64:/lib64:/lib:/usr/lib"/>
    <property name="java.specification.name" value="Java Platform API Specification"/>
    <property name="java.class.version" value="52.0"/>
    <property name="sun.management.compiler" value="HotSpot 64-Bit Tiered Compilers"/>
    <property name="os.version" value="3.2.0-118-generic"/>
    <property name="user.home" value="/home/alexis"/>
    <property name="user.timezone" value="Europe/Paris"/>
    <property name="java.awt.printerjob" value="sun.print.PSPrinterJob"/>
    <property name="file.encoding" value="UTF-8"/>
    <property name="java.specification.version" value="1.8"/>
    <property name="user.name" value="alexis"/>
    <property name="java.class.path" value="/home/alexis/.p2/pool/plugins/org.eclipse.m2e.maven.runtime_1.7.0.20160603-1931/jars/plexus-classworlds-2.5.2.jar"/>
    <property name="java.vm.specification.version" value="1.8"/>
    <property name="sun.arch.data.model" value="64"/>
    <property name="java.home" value="/usr/lib/jvm/java-8-oracle/jre"/>
    <property name="sun.java.command" value="org.codehaus.plexus.classworlds.launcher.Launcher -B install"/>
    <property name="java.specification.vendor" value="Oracle Corporation"/>
    <property name="user.language" value="fr"/>
    <property name="awt.toolkit" value="sun.awt.X11.XToolkit"/>
    <property name="java.vm.info" value="mixed mode"/>
    <property name="java.version" value="1.8.0_111"/>
    <property name="java.ext.dirs" value="/usr/lib/jvm/java-8-oracle/jre/lib/ext:/usr/java/packages/lib/ext"/>
    <property name="securerandom.source" value="file:/dev/./urandom"/>
    <property name="sun.boot.class.path" value="/usr/lib/jvm/java-8-oracle/jre/lib/resources.jar:/usr/lib/jvm/java-8-oracle/jre/lib/rt.jar:/usr/lib/jvm/java-8-oracle/jre/lib/sunrsasign.jar:/usr/lib/jvm/java-8-oracle/jre/lib/jsse.jar:/usr/lib/jvm/java-8-oracle/jre/lib/jce.jar:/usr/lib/jvm/java-8-oracle/jre/lib/charsets.jar:/usr/lib/jvm/java-8-oracle/jre/lib/jfr.jar:/usr/lib/jvm/java-8-oracle/jre/classes"/>
    <property name="java.vendor" value="Oracle Corporation"/>
    <property name="maven.home" value="/home/alexis/workspace/Service/EMBEDDED"/>
    <property name="file.separator" value="/"/>
    <property name="java.vendor.url.bug" value="http://bugreport.sun.com/bugreport/"/>
    <property name="sun.cpu.endian" value="little"/>
    <property name="sun.io.unicode.encoding" value="UnicodeLittle"/>
    <property name="sun.desktop" value="gnome"/>
    <property name="sun.cpu.isalist" value=""/>
  </properties>
  <testcase classname="fr.gestion.donnees.EnseignantRepositoryTest" name="searchEnseignantNatively" time="0.108">
    <error message="Failed to load ApplicationContext" type="java.lang.IllegalStateException">java.lang.IllegalStateException: Failed to load ApplicationContext
	at org.springframework.test.context.cache.DefaultCacheAwareContextLoaderDelegate.loadContext(DefaultCacheAwareContextLoaderDelegate.java:124)
	at org.springframework.test.context.support.DefaultTestContext.getApplicationContext(DefaultTestContext.java:83)
	at org.springframework.test.context.support.DependencyInjectionTestExecutionListener.injectDependencies(DependencyInjectionTestExecutionListener.java:117)
	at org.springframework.test.context.support.DependencyInjectionTestExecutionListener.prepareTestInstance(DependencyInjectionTestExecutionListener.java:83)
	at org.springframework.test.context.TestContextManager.prepareTestInstance(TestContextManager.java:230)
	at org.springframework.test.context.junit4.SpringJUnit4ClassRunner.createTest(SpringJUnit4ClassRunner.java:228)
	at org.springframework.test.context.junit4.SpringJUnit4ClassRunner$1.runReflectiveCall(SpringJUnit4ClassRunner.java:287)
	at org.junit.internal.runners.model.ReflectiveCallable.run(ReflectiveCallable.java:12)
	at org.springframework.test.context.junit4.SpringJUnit4ClassRunner.methodBlock(SpringJUnit4ClassRunner.java:289)
	at org.springframework.test.context.junit4.SpringJUnit4ClassRunner.runChild(SpringJUnit4ClassRunner.java:247)
	at org.springframework.test.context.junit4.SpringJUnit4ClassRunner.runChild(SpringJUnit4ClassRunner.java:94)
	at org.junit.runners.ParentRunner$3.run(ParentRunner.java:290)
	at org.junit.runners.ParentRunner$1.schedule(ParentRunner.java:71)
	at org.junit.runners.ParentRunner.runChildren(ParentRunner.java:288)
	at org.junit.runners.ParentRunner.access$000(ParentRunner.java:58)
	at org.junit.runners.ParentRunner$2.evaluate(ParentRunner.java:268)
	at org.springframework.test.context.junit4.statements.RunBeforeTestClassCallbacks.evaluate(RunBeforeTestClassCallbacks.java:61)
	at org.springframework.test.context.junit4.statements.RunAfterTestClassCallbacks.evaluate(RunAfterTestClassCallbacks.java:70)
	at org.junit.runners.ParentRunner.run(ParentRunner.java:363)
	at org.springframework.test.context.junit4.SpringJUnit4ClassRunner.run(SpringJUnit4ClassRunner.java:191)
	at org.apache.maven.surefire.junit4.JUnit4Provider.execute(JUnit4Provider.java:252)
	at org.apache.maven.surefire.junit4.JUnit4Provider.executeTestSet(JUnit4Provider.java:141)
	at org.apache.maven.surefire.junit4.JUnit4Provider.invoke(JUnit4Provider.java:112)
	at sun.reflect.NativeMethodAccessorImpl.invoke0(Native Method)
	at sun.reflect.NativeMethodAccessorImpl.invoke(NativeMethodAccessorImpl.java:62)
	at sun.reflect.DelegatingMethodAccessorImpl.invoke(DelegatingMethodAccessorImpl.java:43)
	at java.lang.reflect.Method.invoke(Method.java:498)
	at org.apache.maven.surefire.util.ReflectionUtils.invokeMethodWithArray(ReflectionUtils.java:189)
	at org.apache.maven.surefire.booter.ProviderFactory$ProviderProxy.invoke(ProviderFactory.java:165)
	at org.apache.maven.surefire.booter.ProviderFactory.invokeProvider(ProviderFactory.java:85)
	at org.apache.maven.surefire.booter.ForkedBooter.runSuitesInProcess(ForkedBooter.java:115)
	at org.apache.maven.surefire.booter.ForkedBooter.main(ForkedBooter.java:75)
Caused by: org.springframework.beans.factory.BeanCreationException: Error creating bean with name &apos;entityManagerFactory&apos; defined in fr.gestion.donnees.SpringConfiguration: Bean instantiation via factory method failed; nested exception is org.springframework.beans.BeanInstantiationException: Failed to instantiate [javax.persistence.EntityManagerFactory]: Factory method &apos;entityManagerFactory&apos; threw exception; nested exception is javax.persistence.PersistenceException: [PersistenceUnit: default] Unable to build Hibernate SessionFactory
	at org.springframework.beans.factory.support.ConstructorResolver.instantiateUsingFactoryMethod(ConstructorResolver.java:599)
	at org.springframework.beans.factory.support.AbstractAutowireCapableBeanFactory.instantiateUsingFactoryMethod(AbstractAutowireCapableBeanFactory.java:1127)
	at org.springframework.beans.factory.support.AbstractAutowireCapableBeanFactory.createBeanInstance(AbstractAutowireCapableBeanFactory.java:1022)
	at org.springframework.beans.factory.support.AbstractAutowireCapableBeanFactory.doCreateBean(AbstractAutowireCapableBeanFactory.java:510)
	at org.springframework.beans.factory.support.AbstractAutowireCapableBeanFactory.createBean(AbstractAutowireCapableBeanFactory.java:482)
	at org.springframework.beans.factory.support.AbstractBeanFactory$1.getObject(AbstractBeanFactory.java:306)
	at org.springframework.beans.factory.support.DefaultSingletonBeanRegistry.getSingleton(DefaultSingletonBeanRegistry.java:230)
	at org.springframework.beans.factory.support.AbstractBeanFactory.doGetBean(AbstractBeanFactory.java:302)
	at org.springframework.beans.factory.support.AbstractBeanFactory.getBean(AbstractBeanFactory.java:197)
	at org.springframework.beans.factory.support.DefaultListableBeanFactory.preInstantiateSingletons(DefaultListableBeanFactory.java:778)
	at org.springframework.context.support.AbstractApplicationContext.finishBeanFactoryInitialization(AbstractApplicationContext.java:839)
	at org.springframework.context.support.AbstractApplicationContext.refresh(AbstractApplicationContext.java:538)
	at org.springframework.test.context.support.AbstractGenericContextLoader.loadContext(AbstractGenericContextLoader.java:128)
	at org.springframework.test.context.support.AbstractGenericContextLoader.loadContext(AbstractGenericContextLoader.java:60)
	at org.springframework.test.context.support.AbstractDelegatingSmartContextLoader.delegateLoading(AbstractDelegatingSmartContextLoader.java:108)
	at org.springframework.test.context.support.AbstractDelegatingSmartContextLoader.loadContext(AbstractDelegatingSmartContextLoader.java:251)
	at org.springframework.test.context.cache.DefaultCacheAwareContextLoaderDelegate.loadContextInternal(DefaultCacheAwareContextLoaderDelegate.java:98)
	at org.springframework.test.context.cache.DefaultCacheAwareContextLoaderDelegate.loadContext(DefaultCacheAwareContextLoaderDelegate.java:116)
	... 31 more
Caused by: org.springframework.beans.BeanInstantiationException: Failed to instantiate [javax.persistence.EntityManagerFactory]: Factory method &apos;entityManagerFactory&apos; threw exception; nested exception is javax.persistence.PersistenceException: [PersistenceUnit: default] Unable to build Hibernate SessionFactory
	at org.springframework.beans.factory.support.SimpleInstantiationStrategy.instantiate(SimpleInstantiationStrategy.java:189)
	at org.springframework.beans.factory.support.ConstructorResolver.instantiateUsingFactoryMethod(ConstructorResolver.java:588)
	... 48 more
Caused by: javax.persistence.PersistenceException: [PersistenceUnit: default] Unable to build Hibernate SessionFactory
	at org.hibernate.jpa.boot.internal.EntityManagerFactoryBuilderImpl.persistenceException(EntityManagerFactoryBuilderImpl.java:954)
	at org.hibernate.jpa.boot.internal.EntityManagerFactoryBuilderImpl.build(EntityManagerFactoryBuilderImpl.java:884)
	at org.springframework.orm.jpa.vendor.SpringHibernateJpaPersistenceProvider.createContainerEntityManagerFactory(SpringHibernateJpaPersistenceProvider.java:60)
	at org.springframework.orm.jpa.LocalContainerEntityManagerFactoryBean.createNativeEntityManagerFactory(LocalContainerEntityManagerFactoryBean.java:340)
	at org.springframework.orm.jpa.AbstractEntityManagerFactoryBean.afterPropertiesSet(AbstractEntityManagerFactoryBean.java:319)
	at fr.gestion.donnees.SpringConfiguration.entityManagerFactory(SpringConfiguration.java:41)
	at fr.gestion.donnees.SpringConfiguration$$EnhancerBySpringCGLIB$$27b4b909.CGLIB$entityManagerFactory$0(&lt;generated&gt;)
	at fr.gestion.donnees.SpringConfiguration$$EnhancerBySpringCGLIB$$27b4b909$$FastClassBySpringCGLIB$$d6371d14.invoke(&lt;generated&gt;)
	at org.springframework.cglib.proxy.MethodProxy.invokeSuper(MethodProxy.java:228)
	at org.springframework.context.annotation.ConfigurationClassEnhancer$BeanMethodInterceptor.intercept(ConfigurationClassEnhancer.java:356)
	at fr.gestion.donnees.SpringConfiguration$$EnhancerBySpringCGLIB$$27b4b909.entityManagerFactory(&lt;generated&gt;)
	at sun.reflect.NativeMethodAccessorImpl.invoke0(Native Method)
	at sun.reflect.NativeMethodAccessorImpl.invoke(NativeMethodAccessorImpl.java:62)
	at sun.reflect.DelegatingMethodAccessorImpl.invoke(DelegatingMethodAccessorImpl.java:43)
	at java.lang.reflect.Method.invoke(Method.java:498)
	at org.springframework.beans.factory.support.SimpleInstantiationStrategy.instantiate(SimpleInstantiationStrategy.java:162)
	... 49 more
Caused by: org.hibernate.MappingException: Could not determine type for: java.util.List, at table: Enseignant, for columns: [org.hibernate.mapping.Column(demandes)]
	at org.hibernate.mapping.SimpleValue.getType(SimpleValue.java:411)
	at org.hibernate.mapping.SimpleValue.isValid(SimpleValue.java:384)
	at org.hibernate.mapping.Property.isValid(Property.java:226)
	at org.hibernate.mapping.PersistentClass.validate(PersistentClass.java:529)
	at org.hibernate.mapping.RootClass.validate(RootClass.java:265)
	at org.hibernate.boot.internal.MetadataImpl.validate(MetadataImpl.java:329)
	at org.hibernate.boot.internal.SessionFactoryBuilderImpl.build(SessionFactoryBuilderImpl.java:464)
	at org.hibernate.jpa.boot.internal.EntityManagerFactoryBuilderImpl.build(EntityManagerFactoryBuilderImpl.java:881)
	... 63 more
</error>
    <system-out>16:37:49.720 [main] DEBUG org.springframework.test.context.junit4.SpringJUnit4ClassRunner - SpringJUnit4ClassRunner constructor called with [class fr.gestion.donnees.EnseignantRepositoryTest]
16:37:49.745 [main] DEBUG org.springframework.test.context.BootstrapUtils - Instantiating CacheAwareContextLoaderDelegate from class [org.springframework.test.context.cache.DefaultCacheAwareContextLoaderDelegate]
16:37:49.766 [main] DEBUG org.springframework.test.context.BootstrapUtils - Instantiating BootstrapContext using constructor [public org.springframework.test.context.support.DefaultBootstrapContext(java.lang.Class,org.springframework.test.context.CacheAwareContextLoaderDelegate)]
16:37:49.783 [main] DEBUG org.springframework.test.context.BootstrapUtils - Instantiating TestContextBootstrapper for test class [fr.gestion.donnees.EnseignantRepositoryTest] from class [org.springframework.test.context.support.DefaultTestContextBootstrapper]
16:37:49.825 [main] DEBUG org.springframework.test.context.support.AbstractDelegatingSmartContextLoader - Delegating to AnnotationConfigContextLoader to process context configuration [ContextConfigurationAttributes@5f341870 declaringClass = &apos;fr.gestion.donnees.EnseignantRepositoryTest&apos;, classes = &apos;{class fr.gestion.donnees.SpringConfiguration}&apos;, locations = &apos;{}&apos;, inheritLocations = true, initializers = &apos;{}&apos;, inheritInitializers = true, name = [null], contextLoaderClass = &apos;org.springframework.test.context.ContextLoader&apos;].
16:37:49.845 [main] DEBUG org.springframework.test.context.support.ActiveProfilesUtils - Could not find an &apos;annotation declaring class&apos; for annotation type [org.springframework.test.context.ActiveProfiles] and class [fr.gestion.donnees.EnseignantRepositoryTest]
16:37:49.846 [main] DEBUG org.springframework.test.context.support.DefaultTestContextBootstrapper - @TestExecutionListeners is not present for class [fr.gestion.donnees.EnseignantRepositoryTest]: using defaults.
16:37:49.848 [main] INFO org.springframework.test.context.support.DefaultTestContextBootstrapper - Loaded default TestExecutionListener class names from location [META-INF/spring.factories]: [org.springframework.test.context.web.ServletTestExecutionListener, org.springframework.test.context.support.DirtiesContextBeforeModesTestExecutionListener, org.springframework.test.context.support.DependencyInjectionTestExecutionListener, org.springframework.test.context.support.DirtiesContextTestExecutionListener, org.springframework.test.context.transaction.TransactionalTestExecutionListener, org.springframework.test.context.jdbc.SqlScriptsTestExecutionListener]
16:37:49.862 [main] INFO org.springframework.test.context.support.DefaultTestContextBootstrapper - Could not instantiate TestExecutionListener [org.springframework.test.context.web.ServletTestExecutionListener]. Specify custom listener classes or make the default listener classes (and their required dependencies) available. Offending class: [javax/servlet/ServletContext]
16:37:49.864 [main] INFO org.springframework.test.context.support.DefaultTestContextBootstrapper - Using TestExecutionListeners: [org.springframework.test.context.support.DirtiesContextBeforeModesTestExecutionListener@23e028a9, org.springframework.test.context.support.DependencyInjectionTestExecutionListener@3dd4520b, org.springframework.test.context.support.DirtiesContextTestExecutionListener@5ae63ade, org.springframework.test.context.transaction.TransactionalTestExecutionListener@610694f1, org.springframework.test.context.jdbc.SqlScriptsTestExecutionListener@43814d18]
16:37:49.867 [main] DEBUG org.springframework.test.annotation.ProfileValueUtils - Retrieved @ProfileValueSourceConfiguration [null] for test class [fr.gestion.donnees.EnseignantRepositoryTest]
16:37:49.868 [main] DEBUG org.springframework.test.annotation.ProfileValueUtils - Retrieved ProfileValueSource type [class org.springframework.test.annotation.SystemProfileValueSource] for class [fr.gestion.donnees.EnseignantRepositoryTest]
16:37:49.869 [main] DEBUG org.springframework.test.annotation.ProfileValueUtils - Retrieved @ProfileValueSourceConfiguration [null] for test class [fr.gestion.donnees.EnseignantRepositoryTest]
16:37:49.869 [main] DEBUG org.springframework.test.annotation.ProfileValueUtils - Retrieved ProfileValueSource type [class org.springframework.test.annotation.SystemProfileValueSource] for class [fr.gestion.donnees.EnseignantRepositoryTest]
16:37:49.873 [main] DEBUG org.springframework.test.context.support.AbstractDirtiesContextTestExecutionListener - Before test class: context [DefaultTestContext@50b494a6 testClass = EnseignantRepositoryTest, testInstance = [null], testMethod = [null], testException = [null], mergedContextConfiguration = [MergedContextConfiguration@3cef309d testClass = EnseignantRepositoryTest, locations = &apos;{}&apos;, classes = &apos;{class fr.gestion.donnees.SpringConfiguration}&apos;, contextInitializerClasses = &apos;[]&apos;, activeProfiles = &apos;{}&apos;, propertySourceLocations = &apos;{}&apos;, propertySourceProperties = &apos;{}&apos;, contextCustomizers = set[[empty]], contextLoader = &apos;org.springframework.test.context.support.DelegatingSmartContextLoader&apos;, parent = [null]]], class annotated with @DirtiesContext [true] with mode [AFTER_CLASS].
16:37:49.875 [main] DEBUG org.springframework.test.annotation.ProfileValueUtils - Retrieved @ProfileValueSourceConfiguration [null] for test class [fr.gestion.donnees.EnseignantRepositoryTest]
16:37:49.876 [main] DEBUG org.springframework.test.annotation.ProfileValueUtils - Retrieved ProfileValueSource type [class org.springframework.test.annotation.SystemProfileValueSource] for class [fr.gestion.donnees.EnseignantRepositoryTest]
16:37:49.879 [main] DEBUG org.springframework.test.context.support.DependencyInjectionTestExecutionListener - Performing dependency injection for test context [[DefaultTestContext@50b494a6 testClass = EnseignantRepositoryTest, testInstance = fr.gestion.donnees.EnseignantRepositoryTest@4973813a, testMethod = [null], testException = [null], mergedContextConfiguration = [MergedContextConfiguration@3cef309d testClass = EnseignantRepositoryTest, locations = &apos;{}&apos;, classes = &apos;{class fr.gestion.donnees.SpringConfiguration}&apos;, contextInitializerClasses = &apos;[]&apos;, activeProfiles = &apos;{}&apos;, propertySourceLocations = &apos;{}&apos;, propertySourceProperties = &apos;{}&apos;, contextCustomizers = set[[empty]], contextLoader = &apos;org.springframework.test.context.support.DelegatingSmartContextLoader&apos;, parent = [null]]]].
16:37:49.880 [main] DEBUG org.springframework.test.context.support.AbstractDelegatingSmartContextLoader - Delegating to AnnotationConfigContextLoader to load context from [MergedContextConfiguration@3cef309d testClass = EnseignantRepositoryTest, locations = &apos;{}&apos;, classes = &apos;{class fr.gestion.donnees.SpringConfiguration}&apos;, contextInitializerClasses = &apos;[]&apos;, activeProfiles = &apos;{}&apos;, propertySourceLocations = &apos;{}&apos;, propertySourceProperties = &apos;{}&apos;, contextCustomizers = set[[empty]], contextLoader = &apos;org.springframework.test.context.support.DelegatingSmartContextLoader&apos;, parent = [null]].
16:37:49.881 [main] DEBUG org.springframework.test.context.support.AbstractGenericContextLoader - Loading ApplicationContext for merged context configuration [[MergedContextConfiguration@3cef309d testClass = EnseignantRepositoryTest, locations = &apos;{}&apos;, classes = &apos;{class fr.gestion.donnees.SpringConfiguration}&apos;, contextInitializerClasses = &apos;[]&apos;, activeProfiles = &apos;{}&apos;, propertySourceLocations = &apos;{}&apos;, propertySourceProperties = &apos;{}&apos;, contextCustomizers = set[[empty]], contextLoader = &apos;org.springframework.test.context.support.DelegatingSmartContextLoader&apos;, parent = [null]]].
16:37:50.071 [main] DEBUG org.springframework.core.env.StandardEnvironment - Adding [systemProperties] PropertySource with lowest search precedence
16:37:50.076 [main] DEBUG org.springframework.core.env.StandardEnvironment - Adding [systemEnvironment] PropertySource with lowest search precedence
16:37:50.078 [main] DEBUG org.springframework.core.env.StandardEnvironment - Initialized StandardEnvironment with PropertySources [systemProperties,systemEnvironment]
16:37:50.079 [main] DEBUG org.springframework.test.context.support.AnnotationConfigContextLoader - Registering annotated classes: {class fr.gestion.donnees.SpringConfiguration}
16:37:50.206 [main] INFO org.springframework.context.support.GenericApplicationContext - Refreshing org.springframework.context.support.GenericApplicationContext@53f65459: startup date [Tue Dec 20 16:37:50 CET 2016]; root of context hierarchy
16:37:50.215 [main] DEBUG org.springframework.context.support.GenericApplicationContext - Bean factory for org.springframework.context.support.GenericApplicationContext@53f65459: org.springframework.beans.factory.support.DefaultListableBeanFactory@55040f2f: defining beans [org.springframework.context.annotation.internalConfigurationAnnotationProcessor,org.springframework.context.annotation.internalAutowiredAnnotationProcessor,org.springframework.context.annotation.internalRequiredAnnotationProcessor,org.springframework.context.annotation.internalCommonAnnotationProcessor,org.springframework.context.annotation.internalPersistenceAnnotationProcessor,org.springframework.context.event.internalEventListenerProcessor,org.springframework.context.event.internalEventListenerFactory,springConfiguration]; root of factory hierarchy
16:37:50.235 [main] DEBUG org.springframework.beans.factory.support.DefaultListableBeanFactory - Creating shared instance of singleton bean &apos;org.springframework.context.annotation.internalConfigurationAnnotationProcessor&apos;
16:37:50.236 [main] DEBUG org.springframework.beans.factory.support.DefaultListableBeanFactory - Creating instance of bean &apos;org.springframework.context.annotation.internalConfigurationAnnotationProcessor&apos;
16:37:50.269 [main] DEBUG org.springframework.beans.factory.support.DefaultListableBeanFactory - Eagerly caching bean &apos;org.springframework.context.annotation.internalConfigurationAnnotationProcessor&apos; to allow for resolving potential circular references
16:37:50.272 [main] DEBUG org.springframework.beans.factory.support.DefaultListableBeanFactory - Finished creating instance of bean &apos;org.springframework.context.annotation.internalConfigurationAnnotationProcessor&apos;
16:37:50.324 [main] DEBUG org.springframework.core.env.StandardEnvironment - Adding [systemProperties] PropertySource with lowest search precedence
16:37:50.324 [main] DEBUG org.springframework.core.env.StandardEnvironment - Adding [systemEnvironment] PropertySource with lowest search precedence
16:37:50.325 [main] DEBUG org.springframework.core.env.StandardEnvironment - Initialized StandardEnvironment with PropertySources [systemProperties,systemEnvironment]
16:37:50.334 [main] DEBUG org.springframework.core.io.support.PathMatchingResourcePatternResolver - Resolved classpath location [fr/gestion/donnees/] to resources [URL [file:/home/alexis/workspace/Service/target/test-classes/fr/gestion/donnees/], URL [file:/home/alexis/workspace/Service/target/classes/fr/gestion/donnees/]]
16:37:50.335 [main] DEBUG org.springframework.core.io.support.PathMatchingResourcePatternResolver - Looking for matching resources in directory tree [/home/alexis/workspace/Service/target/test-classes/fr/gestion/donnees]
16:37:50.336 [main] DEBUG org.springframework.core.io.support.PathMatchingResourcePatternResolver - Searching directory [/home/alexis/workspace/Service/target/test-classes/fr/gestion/donnees] for files matching pattern [/home/alexis/workspace/Service/target/test-classes/fr/gestion/donnees/**/*.class]
16:37:50.341 [main] DEBUG org.springframework.core.io.support.PathMatchingResourcePatternResolver - Searching directory [/home/alexis/workspace/Service/target/test-classes/fr/gestion/donnees/test] for files matching pattern [/home/alexis/workspace/Service/target/test-classes/fr/gestion/donnees/**/*.class]
16:37:50.353 [main] DEBUG org.springframework.core.io.support.PathMatchingResourcePatternResolver - Looking for matching resources in directory tree [/home/alexis/workspace/Service/target/classes/fr/gestion/donnees]
16:37:50.354 [main] DEBUG org.springframework.core.io.support.PathMatchingResourcePatternResolver - Searching directory [/home/alexis/workspace/Service/target/classes/fr/gestion/donnees] for files matching pattern [/home/alexis/workspace/Service/target/classes/fr/gestion/donnees/**/*.class]
16:37:50.358 [main] DEBUG org.springframework.core.io.support.PathMatchingResourcePatternResolver - Resolved location pattern [classpath*:fr/gestion/donnees/**/*.class] to resources [file [/home/alexis/workspace/Service/target/test-classes/fr/gestion/donnees/EnseignantRepositoryTest.class], file [/home/alexis/workspace/Service/target/test-classes/fr/gestion/donnees/test/DemandeTest.class], file [/home/alexis/workspace/Service/target/test-classes/fr/gestion/donnees/test/EnseignantTest.class], file [/home/alexis/workspace/Service/target/test-classes/fr/gestion/donnees/test/EnseignementTest.class], file [/home/alexis/workspace/Service/target/test-classes/fr/gestion/donnees/test/VoeuTest.class], file [/home/alexis/workspace/Service/target/classes/fr/gestion/donnees/Demande.class], file [/home/alexis/workspace/Service/target/classes/fr/gestion/donnees/DemandeInterventionExterieure.class], file [/home/alexis/workspace/Service/target/classes/fr/gestion/donnees/DemandeSpeciale.class], file [/home/alexis/workspace/Service/target/classes/fr/gestion/donnees/Enseignant.class], file [/home/alexis/workspace/Service/target/classes/fr/gestion/donnees/EnseignantRepository.class], file [/home/alexis/workspace/Service/target/classes/fr/gestion/donnees/Enseignement.class], file [/home/alexis/workspace/Service/target/classes/fr/gestion/donnees/SpringConfiguration.class], file [/home/alexis/workspace/Service/target/classes/fr/gestion/donnees/Voeu.class]]
16:37:50.425 [main] DEBUG org.springframework.context.annotation.ClassPathBeanDefinitionScanner - Ignored because not a concrete top-level class: file [/home/alexis/workspace/Service/target/classes/fr/gestion/donnees/EnseignantRepository.class]
16:37:50.487 [main] DEBUG org.springframework.context.annotation.ConfigurationClassBeanDefinitionReader - Registered bean definition for imported class &apos;org.springframework.transaction.annotation.ProxyTransactionManagementConfiguration&apos;
16:37:50.489 [main] DEBUG org.springframework.context.annotation.ConfigurationClassBeanDefinitionReader - Registering bean definition for @Bean method org.springframework.transaction.annotation.ProxyTransactionManagementConfiguration.org.springframework.transaction.config.internalTransactionAdvisor()
16:37:50.490 [main] DEBUG org.springframework.context.annotation.ConfigurationClassBeanDefinitionReader - Registering bean definition for @Bean method org.springframework.transaction.annotation.ProxyTransactionManagementConfiguration.transactionAttributeSource()
16:37:50.492 [main] DEBUG org.springframework.context.annotation.ConfigurationClassBeanDefinitionReader - Registering bean definition for @Bean method org.springframework.transaction.annotation.ProxyTransactionManagementConfiguration.transactionInterceptor()
16:37:50.494 [main] DEBUG org.springframework.context.annotation.ConfigurationClassBeanDefinitionReader - Registering bean definition for @Bean method org.springframework.transaction.annotation.ProxyTransactionManagementConfiguration.org.springframework.transaction.config.internalTransactionalEventListenerFactory()
16:37:50.501 [main] DEBUG org.springframework.context.annotation.ConfigurationClassBeanDefinitionReader - Registering bean definition for @Bean method fr.gestion.donnees.SpringConfiguration.entityManagerFactory()
16:37:50.504 [main] DEBUG org.springframework.context.annotation.ConfigurationClassBeanDefinitionReader - Registering bean definition for @Bean method fr.gestion.donnees.SpringConfiguration.dataSource()
16:37:50.505 [main] DEBUG org.springframework.context.annotation.ConfigurationClassBeanDefinitionReader - Registering bean definition for @Bean method fr.gestion.donnees.SpringConfiguration.transactionManager()
16:37:50.508 [main] DEBUG org.springframework.context.annotation.ConfigurationClassBeanDefinitionReader - Registering bean definition for @Bean method fr.gestion.donnees.SpringConfiguration.hibernateExceptionTranslator()
16:37:50.530 [main] DEBUG org.springframework.core.env.StandardEnvironment - Adding [systemProperties] PropertySource with lowest search precedence
16:37:50.530 [main] DEBUG org.springframework.core.env.StandardEnvironment - Adding [systemEnvironment] PropertySource with lowest search precedence
16:37:50.532 [main] DEBUG org.springframework.core.env.StandardEnvironment - Initialized StandardEnvironment with PropertySources [systemProperties,systemEnvironment]
16:37:50.536 [main] DEBUG org.springframework.core.io.support.PathMatchingResourcePatternResolver - Resolved classpath location [org/springframework/data/] to resources [URL [jar:file:/home/alexis/.m2/repository/org/springframework/data/spring-data-jpa/1.10.5.RELEASE/spring-data-jpa-1.10.5.RELEASE.jar!/org/springframework/data/], URL [jar:file:/home/alexis/.m2/repository/org/springframework/data/spring-data-commons/1.12.5.RELEASE/spring-data-commons-1.12.5.RELEASE.jar!/org/springframework/data/]]
16:37:50.537 [main] DEBUG org.springframework.core.io.support.PathMatchingResourcePatternResolver - Looking for matching resources in jar file [file:/home/alexis/.m2/repository/org/springframework/data/spring-data-jpa/1.10.5.RELEASE/spring-data-jpa-1.10.5.RELEASE.jar]
16:37:50.555 [main] DEBUG org.springframework.core.io.support.PathMatchingResourcePatternResolver - Looking for matching resources in jar file [file:/home/alexis/.m2/repository/org/springframework/data/spring-data-commons/1.12.5.RELEASE/spring-data-commons-1.12.5.RELEASE.jar]
16:37:50.581 [main] DEBUG org.springframework.core.io.support.PathMatchingResourcePatternResolver - Resolved location pattern [classpath*:org/springframework/data/**/repository/support/**/*.class] to resources [URL [jar:file:/home/alexis/.m2/repository/org/springframework/data/spring-data-jpa/1.10.5.RELEASE/spring-data-jpa-1.10.5.RELEASE.jar!/org/springframework/data/jpa/repository/support/CrudMethodMetadata.class], URL [jar:file:/home/alexis/.m2/repository/org/springframework/data/spring-data-jpa/1.10.5.RELEASE/spring-data-jpa-1.10.5.RELEASE.jar!/org/springframework/data/jpa/repository/support/CrudMethodMetadataPostProcessor$1.class], URL [jar:file:/home/alexis/.m2/repository/org/springframework/data/spring-data-jpa/1.10.5.RELEASE/spring-data-jpa-1.10.5.RELEASE.jar!/org/springframework/data/jpa/repository/support/CrudMethodMetadataPostProcessor$CrudMethodMetadataPopulatingMethodInterceptor.class], URL [jar:file:/home/alexis/.m2/repository/org/springframework/data/spring-data-jpa/1.10.5.RELEASE/spring-data-jpa-1.10.5.RELEASE.jar!/org/springframework/data/jpa/repository/support/CrudMethodMetadataPostProcessor$DefaultCrudMethodMetadata.class], URL [jar:file:/home/alexis/.m2/repository/org/springframework/data/spring-data-jpa/1.10.5.RELEASE/spring-data-jpa-1.10.5.RELEASE.jar!/org/springframework/data/jpa/repository/support/CrudMethodMetadataPostProcessor$ThreadBoundTargetSource.class], URL [jar:file:/home/alexis/.m2/repository/org/springframework/data/spring-data-jpa/1.10.5.RELEASE/spring-data-jpa-1.10.5.RELEASE.jar!/org/springframework/data/jpa/repository/support/CrudMethodMetadataPostProcessor.class], URL [jar:file:/home/alexis/.m2/repository/org/springframework/data/spring-data-jpa/1.10.5.RELEASE/spring-data-jpa-1.10.5.RELEASE.jar!/org/springframework/data/jpa/repository/support/DefaultJpaContext.class], URL [jar:file:/home/alexis/.m2/repository/org/springframework/data/spring-data-jpa/1.10.5.RELEASE/spring-data-jpa-1.10.5.RELEASE.jar!/org/springframework/data/jpa/repository/support/EntityManagerBeanDefinitionRegistrarPostProcessor.class], URL [jar:file:/home/alexis/.m2/repository/org/springframework/data/spring-data-jpa/1.10.5.RELEASE/spring-data-jpa-1.10.5.RELEASE.jar!/org/springframework/data/jpa/repository/support/JpaEntityInformation.class], URL [jar:file:/home/alexis/.m2/repository/org/springframework/data/spring-data-jpa/1.10.5.RELEASE/spring-data-jpa-1.10.5.RELEASE.jar!/org/springframework/data/jpa/repository/support/JpaEntityInformationSupport.class], URL [jar:file:/home/alexis/.m2/repository/org/springframework/data/spring-data-jpa/1.10.5.RELEASE/spring-data-jpa-1.10.5.RELEASE.jar!/org/springframework/data/jpa/repository/support/JpaMetamodelEntityInformation$IdentifierDerivingDirectFieldAccessFallbackBeanWrapper.class], URL [jar:file:/home/alexis/.m2/repository/org/springframework/data/spring-data-jpa/1.10.5.RELEASE/spring-data-jpa-1.10.5.RELEASE.jar!/org/springframework/data/jpa/repository/support/JpaMetamodelEntityInformation$IdMetadata.class], URL [jar:file:/home/alexis/.m2/repository/org/springframework/data/spring-data-jpa/1.10.5.RELEASE/spring-data-jpa-1.10.5.RELEASE.jar!/org/springframework/data/jpa/repository/support/JpaMetamodelEntityInformation.class], URL [jar:file:/home/alexis/.m2/repository/org/springframework/data/spring-data-jpa/1.10.5.RELEASE/spring-data-jpa-1.10.5.RELEASE.jar!/org/springframework/data/jpa/repository/support/JpaPersistableEntityInformation.class], URL [jar:file:/home/alexis/.m2/repository/org/springframework/data/spring-data-jpa/1.10.5.RELEASE/spring-data-jpa-1.10.5.RELEASE.jar!/org/springframework/data/jpa/repository/support/JpaRepositoryFactory.class], URL [jar:file:/home/alexis/.m2/repository/org/springframework/data/spring-data-jpa/1.10.5.RELEASE/spring-data-jpa-1.10.5.RELEASE.jar!/org/springframework/data/jpa/repository/support/JpaRepositoryFactoryBean.class], URL [jar:file:/home/alexis/.m2/repository/org/springframework/data/spring-data-jpa/1.10.5.RELEASE/spring-data-jpa-1.10.5.RELEASE.jar!/org/springframework/data/jpa/repository/support/Querydsl$1.class], URL [jar:file:/home/alexis/.m2/repository/org/springframework/data/spring-data-jpa/1.10.5.RELEASE/spring-data-jpa-1.10.5.RELEASE.jar!/org/springframework/data/jpa/repository/support/Querydsl.class], URL [jar:file:/home/alexis/.m2/repository/org/springframework/data/spring-data-jpa/1.10.5.RELEASE/spring-data-jpa-1.10.5.RELEASE.jar!/org/springframework/data/jpa/repository/support/QueryDslJpaRepository.class], URL [jar:file:/home/alexis/.m2/repository/org/springframework/data/spring-data-jpa/1.10.5.RELEASE/spring-data-jpa-1.10.5.RELEASE.jar!/org/springframework/data/jpa/repository/support/QueryDslRepositorySupport.class], URL [jar:file:/home/alexis/.m2/repository/org/springframework/data/spring-data-jpa/1.10.5.RELEASE/spring-data-jpa-1.10.5.RELEASE.jar!/org/springframework/data/jpa/repository/support/SimpleJpaRepository$ByIdsSpecification.class], URL [jar:file:/home/alexis/.m2/repository/org/springframework/data/spring-data-jpa/1.10.5.RELEASE/spring-data-jpa-1.10.5.RELEASE.jar!/org/springframework/data/jpa/repository/support/SimpleJpaRepository$ExampleSpecification.class], URL [jar:file:/home/alexis/.m2/repository/org/springframework/data/spring-data-jpa/1.10.5.RELEASE/spring-data-jpa-1.10.5.RELEASE.jar!/org/springframework/data/jpa/repository/support/SimpleJpaRepository.class], URL [jar:file:/home/alexis/.m2/repository/org/springframework/data/spring-data-commons/1.12.5.RELEASE/spring-data-commons-1.12.5.RELEASE.jar!/org/springframework/data/repository/support/AnnotationAttribute.class], URL [jar:file:/home/alexis/.m2/repository/org/springframework/data/spring-data-commons/1.12.5.RELEASE/spring-data-commons-1.12.5.RELEASE.jar!/org/springframework/data/repository/support/CrudRepositoryInvoker.class], URL [jar:file:/home/alexis/.m2/repository/org/springframework/data/spring-data-commons/1.12.5.RELEASE/spring-data-commons-1.12.5.RELEASE.jar!/org/springframework/data/repository/support/DefaultRepositoryInvokerFactory.class], URL [jar:file:/home/alexis/.m2/repository/org/springframework/data/spring-data-commons/1.12.5.RELEASE/spring-data-commons-1.12.5.RELEASE.jar!/org/springframework/data/repository/support/DomainClassConverter$ToEntityConverter.class], URL [jar:file:/home/alexis/.m2/repository/org/springframework/data/spring-data-commons/1.12.5.RELEASE/spring-data-commons-1.12.5.RELEASE.jar!/org/springframework/data/repository/support/DomainClassConverter$ToIdConverter.class], URL [jar:file:/home/alexis/.m2/repository/org/springframework/data/spring-data-commons/1.12.5.RELEASE/spring-data-commons-1.12.5.RELEASE.jar!/org/springframework/data/repository/support/DomainClassConverter.class], URL [jar:file:/home/alexis/.m2/repository/org/springframework/data/spring-data-commons/1.12.5.RELEASE/spring-data-commons-1.12.5.RELEASE.jar!/org/springframework/data/repository/support/DomainClassPropertyEditor.class], URL [jar:file:/home/alexis/.m2/repository/org/springframework/data/spring-data-commons/1.12.5.RELEASE/spring-data-commons-1.12.5.RELEASE.jar!/org/springframework/data/repository/support/DomainClassPropertyEditorRegistrar.class], URL [jar:file:/home/alexis/.m2/repository/org/springframework/data/spring-data-commons/1.12.5.RELEASE/spring-data-commons-1.12.5.RELEASE.jar!/org/springframework/data/repository/support/MethodParameters$AnnotationNamingMethodParameter.class], URL [jar:file:/home/alexis/.m2/repository/org/springframework/data/spring-data-commons/1.12.5.RELEASE/spring-data-commons-1.12.5.RELEASE.jar!/org/springframework/data/repository/support/MethodParameters.class], URL [jar:file:/home/alexis/.m2/repository/org/springframework/data/spring-data-commons/1.12.5.RELEASE/spring-data-commons-1.12.5.RELEASE.jar!/org/springframework/data/repository/support/PagingAndSortingRepositoryInvoker.class], URL [jar:file:/home/alexis/.m2/repository/org/springframework/data/spring-data-commons/1.12.5.RELEASE/spring-data-commons-1.12.5.RELEASE.jar!/org/springframework/data/repository/support/QueryMethodParameterConversionException.class], URL [jar:file:/home/alexis/.m2/repository/org/springframework/data/spring-data-commons/1.12.5.RELEASE/spring-data-commons-1.12.5.RELEASE.jar!/org/springframework/data/repository/support/ReflectionRepositoryInvoker.class], URL [jar:file:/home/alexis/.m2/repository/org/springframework/data/spring-data-commons/1.12.5.RELEASE/spring-data-commons-1.12.5.RELEASE.jar!/org/springframework/data/repository/support/Repositories$EmptyRepositoryFactoryInformation.class], URL [jar:file:/home/alexis/.m2/repository/org/springframework/data/spring-data-commons/1.12.5.RELEASE/spring-data-commons-1.12.5.RELEASE.jar!/org/springframework/data/repository/support/Repositories.class], URL [jar:file:/home/alexis/.m2/repository/org/springframework/data/spring-data-commons/1.12.5.RELEASE/spring-data-commons-1.12.5.RELEASE.jar!/org/springframework/data/repository/support/RepositoryInvocationInformation.class], URL [jar:file:/home/alexis/.m2/repository/org/springframework/data/spring-data-commons/1.12.5.RELEASE/spring-data-commons-1.12.5.RELEASE.jar!/org/springframework/data/repository/support/RepositoryInvoker.class], URL [jar:file:/home/alexis/.m2/repository/org/springframework/data/spring-data-commons/1.12.5.RELEASE/spring-data-commons-1.12.5.RELEASE.jar!/org/springframework/data/repository/support/RepositoryInvokerFactory.class]]
16:37:50.657 [main] DEBUG org.springframework.context.annotation.ClassPathScanningCandidateComponentProvider - Identified candidate component class: URL [jar:file:/home/alexis/.m2/repository/org/springframework/data/spring-data-jpa/1.10.5.RELEASE/spring-data-jpa-1.10.5.RELEASE.jar!/org/springframework/data/jpa/repository/support/JpaRepositoryFactory.class]
16:37:50.773 [main] DEBUG org.springframework.core.env.StandardEnvironment - Adding [systemProperties] PropertySource with lowest search precedence
16:37:50.774 [main] DEBUG org.springframework.core.env.StandardEnvironment - Adding [systemEnvironment] PropertySource with lowest search precedence
16:37:50.777 [main] DEBUG org.springframework.core.env.StandardEnvironment - Initialized StandardEnvironment with PropertySources [systemProperties,systemEnvironment]
16:37:50.781 [main] DEBUG org.springframework.core.io.support.PathMatchingResourcePatternResolver - Resolved classpath location [fr/gestion/donnees/] to resources [URL [file:/home/alexis/workspace/Service/target/test-classes/fr/gestion/donnees/], URL [file:/home/alexis/workspace/Service/target/classes/fr/gestion/donnees/]]
16:37:50.782 [main] DEBUG org.springframework.core.io.support.PathMatchingResourcePatternResolver - Looking for matching resources in directory tree [/home/alexis/workspace/Service/target/test-classes/fr/gestion/donnees]
16:37:50.783 [main] DEBUG org.springframework.core.io.support.PathMatchingResourcePatternResolver - Searching directory [/home/alexis/workspace/Service/target/test-classes/fr/gestion/donnees] for files matching pattern [/home/alexis/workspace/Service/target/test-classes/fr/gestion/donnees/**/*.class]
16:37:50.784 [main] DEBUG org.springframework.core.io.support.PathMatchingResourcePatternResolver - Searching directory [/home/alexis/workspace/Service/target/test-classes/fr/gestion/donnees/test] for files matching pattern [/home/alexis/workspace/Service/target/test-classes/fr/gestion/donnees/**/*.class]
16:37:50.794 [main] DEBUG org.springframework.core.io.support.PathMatchingResourcePatternResolver - Looking for matching resources in directory tree [/home/alexis/workspace/Service/target/classes/fr/gestion/donnees]
16:37:50.796 [main] DEBUG org.springframework.core.io.support.PathMatchingResourcePatternResolver - Searching directory [/home/alexis/workspace/Service/target/classes/fr/gestion/donnees] for files matching pattern [/home/alexis/workspace/Service/target/classes/fr/gestion/donnees/**/*.class]
16:37:50.810 [main] DEBUG org.springframework.core.io.support.PathMatchingResourcePatternResolver - Resolved location pattern [classpath*:fr/gestion/donnees/**/*.class] to resources [file [/home/alexis/workspace/Service/target/test-classes/fr/gestion/donnees/EnseignantRepositoryTest.class], file [/home/alexis/workspace/Service/target/test-classes/fr/gestion/donnees/test/DemandeTest.class], file [/home/alexis/workspace/Service/target/test-classes/fr/gestion/donnees/test/EnseignantTest.class], file [/home/alexis/workspace/Service/target/test-classes/fr/gestion/donnees/test/EnseignementTest.class], file [/home/alexis/workspace/Service/target/test-classes/fr/gestion/donnees/test/VoeuTest.class], file [/home/alexis/workspace/Service/target/classes/fr/gestion/donnees/Demande.class], file [/home/alexis/workspace/Service/target/classes/fr/gestion/donnees/DemandeInterventionExterieure.class], file [/home/alexis/workspace/Service/target/classes/fr/gestion/donnees/DemandeSpeciale.class], file [/home/alexis/workspace/Service/target/classes/fr/gestion/donnees/Enseignant.class], file [/home/alexis/workspace/Service/target/classes/fr/gestion/donnees/EnseignantRepository.class], file [/home/alexis/workspace/Service/target/classes/fr/gestion/donnees/Enseignement.class], file [/home/alexis/workspace/Service/target/classes/fr/gestion/donnees/SpringConfiguration.class], file [/home/alexis/workspace/Service/target/classes/fr/gestion/donnees/Voeu.class]]
16:37:50.817 [main] DEBUG org.springframework.data.repository.config.RepositoryComponentProvider - Identified candidate component class: file [/home/alexis/workspace/Service/target/classes/fr/gestion/donnees/EnseignantRepository.class]
16:37:50.960 [main] DEBUG org.springframework.core.env.StandardEnvironment - Adding [systemProperties] PropertySource with lowest search precedence
16:37:50.962 [main] DEBUG org.springframework.core.env.StandardEnvironment - Adding [systemEnvironment] PropertySource with lowest search precedence
16:37:50.963 [main] DEBUG org.springframework.core.env.StandardEnvironment - Initialized StandardEnvironment with PropertySources [systemProperties,systemEnvironment]
16:37:50.964 [main] DEBUG org.springframework.core.io.support.PathMatchingResourcePatternResolver - Resolved classpath location [fr/gestion/donnees/] to resources [URL [file:/home/alexis/workspace/Service/target/test-classes/fr/gestion/donnees/], URL [file:/home/alexis/workspace/Service/target/classes/fr/gestion/donnees/]]
16:37:50.965 [main] DEBUG org.springframework.core.io.support.PathMatchingResourcePatternResolver - Looking for matching resources in directory tree [/home/alexis/workspace/Service/target/test-classes/fr/gestion/donnees]
16:37:50.967 [main] DEBUG org.springframework.core.io.support.PathMatchingResourcePatternResolver - Searching directory [/home/alexis/workspace/Service/target/test-classes/fr/gestion/donnees] for files matching pattern [/home/alexis/workspace/Service/target/test-classes/fr/gestion/donnees/**/*EnseignantRepositoryImpl.class]
16:37:50.967 [main] DEBUG org.springframework.core.io.support.PathMatchingResourcePatternResolver - Searching directory [/home/alexis/workspace/Service/target/test-classes/fr/gestion/donnees/test] for files matching pattern [/home/alexis/workspace/Service/target/test-classes/fr/gestion/donnees/**/*EnseignantRepositoryImpl.class]
16:37:50.968 [main] DEBUG org.springframework.core.io.support.PathMatchingResourcePatternResolver - Looking for matching resources in directory tree [/home/alexis/workspace/Service/target/classes/fr/gestion/donnees]
16:37:50.968 [main] DEBUG org.springframework.core.io.support.PathMatchingResourcePatternResolver - Searching directory [/home/alexis/workspace/Service/target/classes/fr/gestion/donnees] for files matching pattern [/home/alexis/workspace/Service/target/classes/fr/gestion/donnees/**/*EnseignantRepositoryImpl.class]
16:37:50.968 [main] DEBUG org.springframework.core.io.support.PathMatchingResourcePatternResolver - Resolved location pattern [classpath*:fr/gestion/donnees/**/*EnseignantRepositoryImpl.class] to resources []
16:37:50.972 [main] DEBUG org.springframework.data.repository.config.RepositoryConfigurationDelegate - Spring Data JPA - Registering repository: enseignantRepository - Interface: fr.gestion.donnees.EnseignantRepository - Factory: org.springframework.data.jpa.repository.support.JpaRepositoryFactoryBean
16:37:51.148 [main] DEBUG org.springframework.context.annotation.ConfigurationClassEnhancer - Successfully enhanced fr.gestion.donnees.SpringConfiguration; enhanced class name is: fr.gestion.donnees.SpringConfiguration$$EnhancerBySpringCGLIB$$27b4b909
16:37:51.160 [main] DEBUG org.springframework.context.annotation.ConfigurationClassPostProcessor - Replacing bean definition &apos;springConfiguration&apos; existing class &apos;fr.gestion.donnees.SpringConfiguration&apos; with enhanced class &apos;fr.gestion.donnees.SpringConfiguration$$EnhancerBySpringCGLIB$$27b4b909&apos;
16:37:51.189 [main] DEBUG org.springframework.context.annotation.ConfigurationClassEnhancer - Successfully enhanced org.springframework.transaction.annotation.ProxyTransactionManagementConfiguration; enhanced class name is: org.springframework.transaction.annotation.ProxyTransactionManagementConfiguration$$EnhancerBySpringCGLIB$$93ddb188
16:37:51.192 [main] DEBUG org.springframework.context.annotation.ConfigurationClassPostProcessor - Replacing bean definition &apos;org.springframework.transaction.annotation.ProxyTransactionManagementConfiguration&apos; existing class &apos;org.springframework.transaction.annotation.ProxyTransactionManagementConfiguration&apos; with enhanced class &apos;org.springframework.transaction.annotation.ProxyTransactionManagementConfiguration$$EnhancerBySpringCGLIB$$93ddb188&apos;
16:37:51.193 [main] DEBUG org.springframework.beans.factory.support.DefaultListableBeanFactory - Creating shared instance of singleton bean &apos;emBeanDefinitionRegistrarPostProcessor&apos;
16:37:51.193 [main] DEBUG org.springframework.beans.factory.support.DefaultListableBeanFactory - Creating instance of bean &apos;emBeanDefinitionRegistrarPostProcessor&apos;
16:37:51.195 [main] DEBUG org.springframework.beans.factory.support.DefaultListableBeanFactory - Eagerly caching bean &apos;emBeanDefinitionRegistrarPostProcessor&apos; to allow for resolving potential circular references
16:37:51.195 [main] DEBUG org.springframework.beans.factory.support.DefaultListableBeanFactory - Finished creating instance of bean &apos;emBeanDefinitionRegistrarPostProcessor&apos;
16:37:51.234 [main] DEBUG org.springframework.beans.factory.support.DefaultListableBeanFactory - Creating shared instance of singleton bean &apos;org.springframework.context.annotation.internalAutowiredAnnotationProcessor&apos;
16:37:51.235 [main] DEBUG org.springframework.beans.factory.support.DefaultListableBeanFactory - Creating instance of bean &apos;org.springframework.context.annotation.internalAutowiredAnnotationProcessor&apos;
16:37:51.236 [main] DEBUG org.springframework.beans.factory.support.DefaultListableBeanFactory - Eagerly caching bean &apos;org.springframework.context.annotation.internalAutowiredAnnotationProcessor&apos; to allow for resolving potential circular references
16:37:51.236 [main] DEBUG org.springframework.beans.factory.support.DefaultListableBeanFactory - Finished creating instance of bean &apos;org.springframework.context.annotation.internalAutowiredAnnotationProcessor&apos;
16:37:51.236 [main] DEBUG org.springframework.beans.factory.support.DefaultListableBeanFactory - Creating shared instance of singleton bean &apos;org.springframework.context.annotation.internalRequiredAnnotationProcessor&apos;
16:37:51.236 [main] DEBUG org.springframework.beans.factory.support.DefaultListableBeanFactory - Creating instance of bean &apos;org.springframework.context.annotation.internalRequiredAnnotationProcessor&apos;
16:37:51.237 [main] DEBUG org.springframework.beans.factory.support.DefaultListableBeanFactory - Eagerly caching bean &apos;org.springframework.context.annotation.internalRequiredAnnotationProcessor&apos; to allow for resolving potential circular references
16:37:51.237 [main] DEBUG org.springframework.beans.factory.support.DefaultListableBeanFactory - Finished creating instance of bean &apos;org.springframework.context.annotation.internalRequiredAnnotationProcessor&apos;
16:37:51.237 [main] DEBUG org.springframework.beans.factory.support.DefaultListableBeanFactory - Creating shared instance of singleton bean &apos;org.springframework.context.annotation.internalCommonAnnotationProcessor&apos;
16:37:51.237 [main] DEBUG org.springframework.beans.factory.support.DefaultListableBeanFactory - Creating instance of bean &apos;org.springframework.context.annotation.internalCommonAnnotationProcessor&apos;
16:37:51.244 [main] DEBUG org.springframework.beans.factory.support.DefaultListableBeanFactory - Eagerly caching bean &apos;org.springframework.context.annotation.internalCommonAnnotationProcessor&apos; to allow for resolving potential circular references
16:37:51.249 [main] DEBUG org.springframework.beans.factory.support.DefaultListableBeanFactory - Finished creating instance of bean &apos;org.springframework.context.annotation.internalCommonAnnotationProcessor&apos;
16:37:51.249 [main] DEBUG org.springframework.beans.factory.support.DefaultListableBeanFactory - Creating shared instance of singleton bean &apos;org.springframework.context.annotation.internalPersistenceAnnotationProcessor&apos;
16:37:51.252 [main] DEBUG org.springframework.beans.factory.support.DefaultListableBeanFactory - Creating instance of bean &apos;org.springframework.context.annotation.internalPersistenceAnnotationProcessor&apos;
16:37:51.252 [main] DEBUG org.springframework.beans.factory.support.DefaultListableBeanFactory - Eagerly caching bean &apos;org.springframework.context.annotation.internalPersistenceAnnotationProcessor&apos; to allow for resolving potential circular references
16:37:51.252 [main] DEBUG org.springframework.beans.factory.support.DefaultListableBeanFactory - Finished creating instance of bean &apos;org.springframework.context.annotation.internalPersistenceAnnotationProcessor&apos;
16:37:51.253 [main] DEBUG org.springframework.beans.factory.support.DefaultListableBeanFactory - Creating shared instance of singleton bean &apos;org.springframework.context.annotation.ConfigurationClassPostProcessor.importAwareProcessor&apos;
16:37:51.253 [main] DEBUG org.springframework.beans.factory.support.DefaultListableBeanFactory - Creating instance of bean &apos;org.springframework.context.annotation.ConfigurationClassPostProcessor.importAwareProcessor&apos;
16:37:51.253 [main] DEBUG org.springframework.beans.factory.support.DefaultListableBeanFactory - Eagerly caching bean &apos;org.springframework.context.annotation.ConfigurationClassPostProcessor.importAwareProcessor&apos; to allow for resolving potential circular references
16:37:51.253 [main] DEBUG org.springframework.beans.factory.support.DefaultListableBeanFactory - Finished creating instance of bean &apos;org.springframework.context.annotation.ConfigurationClassPostProcessor.importAwareProcessor&apos;
16:37:51.266 [main] DEBUG org.springframework.beans.factory.support.DefaultListableBeanFactory - Creating shared instance of singleton bean &apos;org.springframework.context.annotation.ConfigurationClassPostProcessor.enhancedConfigurationProcessor&apos;
16:37:51.266 [main] DEBUG org.springframework.beans.factory.support.DefaultListableBeanFactory - Creating instance of bean &apos;org.springframework.context.annotation.ConfigurationClassPostProcessor.enhancedConfigurationProcessor&apos;
16:37:51.267 [main] DEBUG org.springframework.beans.factory.support.DefaultListableBeanFactory - Eagerly caching bean &apos;org.springframework.context.annotation.ConfigurationClassPostProcessor.enhancedConfigurationProcessor&apos; to allow for resolving potential circular references
16:37:51.267 [main] DEBUG org.springframework.beans.factory.support.DefaultListableBeanFactory - Finished creating instance of bean &apos;org.springframework.context.annotation.ConfigurationClassPostProcessor.enhancedConfigurationProcessor&apos;
16:37:51.267 [main] DEBUG org.springframework.beans.factory.support.DefaultListableBeanFactory - Creating shared instance of singleton bean &apos;org.springframework.data.repository.core.support.RepositoryFactoryBeanSupport_Predictor&apos;
16:37:51.268 [main] DEBUG org.springframework.beans.factory.support.DefaultListableBeanFactory - Creating instance of bean &apos;org.springframework.data.repository.core.support.RepositoryFactoryBeanSupport_Predictor&apos;
16:37:51.312 [main] DEBUG org.springframework.beans.factory.support.DefaultListableBeanFactory - Eagerly caching bean &apos;org.springframework.data.repository.core.support.RepositoryFactoryBeanSupport_Predictor&apos; to allow for resolving potential circular references
16:37:51.317 [main] DEBUG org.springframework.beans.factory.support.DefaultListableBeanFactory - Finished creating instance of bean &apos;org.springframework.data.repository.core.support.RepositoryFactoryBeanSupport_Predictor&apos;
16:37:51.318 [main] DEBUG org.springframework.beans.factory.support.DefaultListableBeanFactory - Creating shared instance of singleton bean &apos;org.springframework.aop.config.internalAutoProxyCreator&apos;
16:37:51.318 [main] DEBUG org.springframework.beans.factory.support.DefaultListableBeanFactory - Creating instance of bean &apos;org.springframework.aop.config.internalAutoProxyCreator&apos;
16:37:51.353 [main] DEBUG org.springframework.beans.factory.support.DefaultListableBeanFactory - Eagerly caching bean &apos;org.springframework.aop.config.internalAutoProxyCreator&apos; to allow for resolving potential circular references
16:37:51.487 [main] DEBUG org.springframework.beans.factory.support.DefaultListableBeanFactory - Finished creating instance of bean &apos;org.springframework.aop.config.internalAutoProxyCreator&apos;
16:37:51.499 [main] DEBUG org.springframework.context.support.GenericApplicationContext - Unable to locate MessageSource with name &apos;messageSource&apos;: using default [org.springframework.context.support.DelegatingMessageSource@2794eab6]
16:37:51.517 [main] DEBUG org.springframework.context.support.GenericApplicationContext - Unable to locate ApplicationEventMulticaster with name &apos;applicationEventMulticaster&apos;: using default [org.springframework.context.event.SimpleApplicationEventMulticaster@20140db9]
16:37:51.534 [main] DEBUG org.springframework.beans.factory.support.DefaultListableBeanFactory - Pre-instantiating singletons in org.springframework.beans.factory.support.DefaultListableBeanFactory@55040f2f: defining beans [org.springframework.context.annotation.internalConfigurationAnnotationProcessor,org.springframework.context.annotation.internalAutowiredAnnotationProcessor,org.springframework.context.annotation.internalRequiredAnnotationProcessor,org.springframework.context.annotation.internalCommonAnnotationProcessor,org.springframework.context.annotation.internalPersistenceAnnotationProcessor,org.springframework.context.event.internalEventListenerProcessor,org.springframework.context.event.internalEventListenerFactory,springConfiguration,org.springframework.context.annotation.ConfigurationClassPostProcessor.importAwareProcessor,org.springframework.context.annotation.ConfigurationClassPostProcessor.enhancedConfigurationProcessor,org.springframework.transaction.annotation.ProxyTransactionManagementConfiguration,org.springframework.transaction.config.internalTransactionAdvisor,transactionAttributeSource,transactionInterceptor,org.springframework.transaction.config.internalTransactionalEventListenerFactory,entityManagerFactory,dataSource,transactionManager,hibernateExceptionTranslator,org.springframework.aop.config.internalAutoProxyCreator,org.springframework.data.jpa.repository.config.JpaRepositoryConfigExtension#0,org.springframework.data.repository.core.support.RepositoryFactoryBeanSupport_Predictor,emBeanDefinitionRegistrarPostProcessor,jpaMappingContext,jpaContext,enseignantRepository,org.springframework.orm.jpa.SharedEntityManagerCreator#0]; root of factory hierarchy
16:37:51.535 [main] DEBUG org.springframework.beans.factory.support.DefaultListableBeanFactory - Returning cached instance of singleton bean &apos;org.springframework.context.annotation.internalConfigurationAnnotationProcessor&apos;
16:37:51.535 [main] DEBUG org.springframework.beans.factory.support.DefaultListableBeanFactory - Returning cached instance of singleton bean &apos;org.springframework.context.annotation.internalAutowiredAnnotationProcessor&apos;
16:37:51.535 [main] DEBUG org.springframework.beans.factory.support.DefaultListableBeanFactory - Returning cached instance of singleton bean &apos;org.springframework.context.annotation.internalRequiredAnnotationProcessor&apos;
16:37:51.535 [main] DEBUG org.springframework.beans.factory.support.DefaultListableBeanFactory - Returning cached instance of singleton bean &apos;org.springframework.context.annotation.internalCommonAnnotationProcessor&apos;
16:37:51.535 [main] DEBUG org.springframework.beans.factory.support.DefaultListableBeanFactory - Returning cached instance of singleton bean &apos;org.springframework.context.annotation.internalPersistenceAnnotationProcessor&apos;
16:37:51.535 [main] DEBUG org.springframework.beans.factory.support.DefaultListableBeanFactory - Creating shared instance of singleton bean &apos;org.springframework.context.event.internalEventListenerProcessor&apos;
16:37:51.535 [main] DEBUG org.springframework.beans.factory.support.DefaultListableBeanFactory - Creating instance of bean &apos;org.springframework.context.event.internalEventListenerProcessor&apos;
16:37:51.537 [main] DEBUG org.springframework.beans.factory.support.DefaultListableBeanFactory - Eagerly caching bean &apos;org.springframework.context.event.internalEventListenerProcessor&apos; to allow for resolving potential circular references
16:37:51.546 [main] DEBUG org.springframework.beans.factory.support.DefaultListableBeanFactory - Creating shared instance of singleton bean &apos;org.springframework.transaction.config.internalTransactionAdvisor&apos;
16:37:51.548 [main] DEBUG org.springframework.beans.factory.support.DefaultListableBeanFactory - Creating instance of bean &apos;org.springframework.transaction.config.internalTransactionAdvisor&apos;
16:37:51.550 [main] DEBUG org.springframework.beans.factory.support.DefaultListableBeanFactory - Creating shared instance of singleton bean &apos;org.springframework.transaction.annotation.ProxyTransactionManagementConfiguration&apos;
16:37:51.551 [main] DEBUG org.springframework.beans.factory.support.DefaultListableBeanFactory - Creating instance of bean &apos;org.springframework.transaction.annotation.ProxyTransactionManagementConfiguration&apos;
16:37:51.588 [main] DEBUG org.springframework.beans.factory.annotation.InjectionMetadata - Registered injected element on class [org.springframework.transaction.annotation.ProxyTransactionManagementConfiguration$$EnhancerBySpringCGLIB$$93ddb188]: AutowiredMethodElement for void org.springframework.transaction.annotation.AbstractTransactionManagementConfiguration.setConfigurers(java.util.Collection)
16:37:51.589 [main] DEBUG org.springframework.beans.factory.support.DefaultListableBeanFactory - Eagerly caching bean &apos;org.springframework.transaction.annotation.ProxyTransactionManagementConfiguration&apos; to allow for resolving potential circular references
16:37:51.590 [main] DEBUG org.springframework.beans.factory.annotation.InjectionMetadata - Processing injected element of bean &apos;org.springframework.transaction.annotation.ProxyTransactionManagementConfiguration&apos;: AutowiredMethodElement for void org.springframework.transaction.annotation.AbstractTransactionManagementConfiguration.setConfigurers(java.util.Collection)
16:37:51.604 [main] DEBUG org.springframework.beans.factory.support.DefaultListableBeanFactory - Returning cached instance of singleton bean &apos;org.springframework.context.annotation.ConfigurationClassPostProcessor.importRegistry&apos;
16:37:51.605 [main] DEBUG org.springframework.aop.framework.autoproxy.BeanFactoryAdvisorRetrievalHelper - Skipping currently created advisor &apos;org.springframework.transaction.config.internalTransactionAdvisor&apos;
16:37:51.607 [main] DEBUG org.springframework.beans.factory.support.DefaultListableBeanFactory - Finished creating instance of bean &apos;org.springframework.transaction.annotation.ProxyTransactionManagementConfiguration&apos;
16:37:51.659 [main] DEBUG org.springframework.beans.factory.support.DefaultListableBeanFactory - Creating shared instance of singleton bean &apos;transactionAttributeSource&apos;
16:37:51.659 [main] DEBUG org.springframework.beans.factory.support.DefaultListableBeanFactory - Creating instance of bean &apos;transactionAttributeSource&apos;
16:37:51.660 [main] DEBUG org.springframework.beans.factory.support.DefaultListableBeanFactory - Returning cached instance of singleton bean &apos;org.springframework.transaction.annotation.ProxyTransactionManagementConfiguration&apos;
16:37:51.662 [main] DEBUG org.springframework.beans.factory.support.DefaultListableBeanFactory - Eagerly caching bean &apos;transactionAttributeSource&apos; to allow for resolving potential circular references
16:37:51.667 [main] DEBUG org.springframework.aop.framework.autoproxy.BeanFactoryAdvisorRetrievalHelper - Skipping currently created advisor &apos;org.springframework.transaction.config.internalTransactionAdvisor&apos;
16:37:51.669 [main] DEBUG org.springframework.beans.factory.support.DefaultListableBeanFactory - Finished creating instance of bean &apos;transactionAttributeSource&apos;
16:37:51.672 [main] DEBUG org.springframework.beans.factory.support.DefaultListableBeanFactory - Creating shared instance of singleton bean &apos;transactionInterceptor&apos;
16:37:51.672 [main] DEBUG org.springframework.beans.factory.support.DefaultListableBeanFactory - Creating instance of bean &apos;transactionInterceptor&apos;
16:37:51.673 [main] DEBUG org.springframework.beans.factory.support.DefaultListableBeanFactory - Returning cached instance of singleton bean &apos;org.springframework.transaction.annotation.ProxyTransactionManagementConfiguration&apos;
16:37:51.738 [main] DEBUG org.springframework.beans.factory.support.DefaultListableBeanFactory - Returning cached instance of singleton bean &apos;transactionAttributeSource&apos;
16:37:51.746 [main] DEBUG org.springframework.beans.factory.support.DefaultListableBeanFactory - Eagerly caching bean &apos;transactionInterceptor&apos; to allow for resolving potential circular references
16:37:51.767 [main] DEBUG org.springframework.beans.factory.support.DefaultListableBeanFactory - Invoking afterPropertiesSet() on bean with name &apos;transactionInterceptor&apos;
16:37:51.772 [main] DEBUG org.springframework.beans.factory.support.DefaultListableBeanFactory - Finished creating instance of bean &apos;transactionInterceptor&apos;
16:37:51.787 [main] DEBUG org.springframework.beans.factory.support.DefaultListableBeanFactory - Eagerly caching bean &apos;org.springframework.transaction.config.internalTransactionAdvisor&apos; to allow for resolving potential circular references
16:37:51.815 [main] DEBUG org.springframework.beans.factory.support.DefaultListableBeanFactory - Finished creating instance of bean &apos;org.springframework.transaction.config.internalTransactionAdvisor&apos;
16:37:51.837 [main] DEBUG org.springframework.beans.factory.support.DefaultListableBeanFactory - Finished creating instance of bean &apos;org.springframework.context.event.internalEventListenerProcessor&apos;
16:37:51.842 [main] DEBUG org.springframework.beans.factory.support.DefaultListableBeanFactory - Creating shared instance of singleton bean &apos;org.springframework.context.event.internalEventListenerFactory&apos;
16:37:51.842 [main] DEBUG org.springframework.beans.factory.support.DefaultListableBeanFactory - Creating instance of bean &apos;org.springframework.context.event.internalEventListenerFactory&apos;
16:37:51.843 [main] DEBUG org.springframework.beans.factory.support.DefaultListableBeanFactory - Eagerly caching bean &apos;org.springframework.context.event.internalEventListenerFactory&apos; to allow for resolving potential circular references
16:37:51.848 [main] DEBUG org.springframework.beans.factory.support.DefaultListableBeanFactory - Returning cached instance of singleton bean &apos;org.springframework.transaction.config.internalTransactionAdvisor&apos;
16:37:51.852 [main] DEBUG org.springframework.beans.factory.support.DefaultListableBeanFactory - Finished creating instance of bean &apos;org.springframework.context.event.internalEventListenerFactory&apos;
16:37:51.856 [main] DEBUG org.springframework.beans.factory.support.DefaultListableBeanFactory - Creating shared instance of singleton bean &apos;springConfiguration&apos;
16:37:51.856 [main] DEBUG org.springframework.beans.factory.support.DefaultListableBeanFactory - Creating instance of bean &apos;springConfiguration&apos;
16:37:51.866 [main] DEBUG org.springframework.beans.factory.support.DefaultListableBeanFactory - Eagerly caching bean &apos;springConfiguration&apos; to allow for resolving potential circular references
16:37:51.869 [main] DEBUG org.springframework.beans.factory.support.DefaultListableBeanFactory - Returning cached instance of singleton bean &apos;org.springframework.transaction.config.internalTransactionAdvisor&apos;
16:37:51.873 [main] DEBUG org.springframework.beans.factory.support.DefaultListableBeanFactory - Finished creating instance of bean &apos;springConfiguration&apos;
16:37:51.876 [main] DEBUG org.springframework.beans.factory.support.DefaultListableBeanFactory - Returning cached instance of singleton bean &apos;org.springframework.context.annotation.ConfigurationClassPostProcessor.importAwareProcessor&apos;
16:37:51.887 [main] DEBUG org.springframework.beans.factory.support.DefaultListableBeanFactory - Returning cached instance of singleton bean &apos;org.springframework.context.annotation.ConfigurationClassPostProcessor.enhancedConfigurationProcessor&apos;
16:37:51.887 [main] DEBUG org.springframework.beans.factory.support.DefaultListableBeanFactory - Returning cached instance of singleton bean &apos;org.springframework.transaction.annotation.ProxyTransactionManagementConfiguration&apos;
16:37:51.887 [main] DEBUG org.springframework.beans.factory.support.DefaultListableBeanFactory - Returning cached instance of singleton bean &apos;org.springframework.transaction.config.internalTransactionAdvisor&apos;
16:37:51.889 [main] DEBUG org.springframework.beans.factory.support.DefaultListableBeanFactory - Returning cached instance of singleton bean &apos;transactionAttributeSource&apos;
16:37:51.890 [main] DEBUG org.springframework.beans.factory.support.DefaultListableBeanFactory - Returning cached instance of singleton bean &apos;transactionInterceptor&apos;
16:37:51.890 [main] DEBUG org.springframework.beans.factory.support.DefaultListableBeanFactory - Creating shared instance of singleton bean &apos;org.springframework.transaction.config.internalTransactionalEventListenerFactory&apos;
16:37:51.890 [main] DEBUG org.springframework.beans.factory.support.DefaultListableBeanFactory - Creating instance of bean &apos;org.springframework.transaction.config.internalTransactionalEventListenerFactory&apos;
16:37:51.892 [main] DEBUG org.springframework.beans.factory.support.DefaultListableBeanFactory - Returning cached instance of singleton bean &apos;org.springframework.transaction.annotation.ProxyTransactionManagementConfiguration&apos;
16:37:51.899 [main] DEBUG org.springframework.beans.factory.support.DefaultListableBeanFactory - Eagerly caching bean &apos;org.springframework.transaction.config.internalTransactionalEventListenerFactory&apos; to allow for resolving potential circular references
16:37:51.901 [main] DEBUG org.springframework.beans.factory.support.DefaultListableBeanFactory - Returning cached instance of singleton bean &apos;org.springframework.transaction.config.internalTransactionAdvisor&apos;
16:37:51.902 [main] DEBUG org.springframework.beans.factory.support.DefaultListableBeanFactory - Finished creating instance of bean &apos;org.springframework.transaction.config.internalTransactionalEventListenerFactory&apos;
16:37:51.902 [main] DEBUG org.springframework.beans.factory.support.DefaultListableBeanFactory - Creating shared instance of singleton bean &apos;entityManagerFactory&apos;
16:37:51.903 [main] DEBUG org.springframework.beans.factory.support.DefaultListableBeanFactory - Creating instance of bean &apos;entityManagerFactory&apos;
16:37:51.903 [main] DEBUG org.springframework.beans.factory.support.DefaultListableBeanFactory - Returning cached instance of singleton bean &apos;springConfiguration&apos;
16:37:52.269 [main] DEBUG org.springframework.beans.factory.support.DefaultListableBeanFactory - Creating shared instance of singleton bean &apos;dataSource&apos;
16:37:52.269 [main] DEBUG org.springframework.beans.factory.support.DefaultListableBeanFactory - Creating instance of bean &apos;dataSource&apos;
16:37:52.269 [main] DEBUG org.springframework.beans.factory.support.DefaultListableBeanFactory - Returning cached instance of singleton bean &apos;springConfiguration&apos;
16:37:53.252 [main] INFO org.springframework.jdbc.datasource.embedded.EmbeddedDatabaseFactory - Starting embedded database: url=&apos;jdbc:derby:memory:testdb;create=true&apos;, username=&apos;sa&apos;
16:37:53.273 [main] DEBUG org.springframework.jdbc.datasource.DataSourceUtils - Fetching JDBC Connection from DataSource
16:37:53.273 [main] DEBUG org.springframework.jdbc.datasource.SimpleDriverDataSource - Creating new JDBC Driver Connection to [jdbc:derby:memory:testdb;create=true]
16:37:54.639 [main] DEBUG org.springframework.jdbc.datasource.DataSourceUtils - Returning JDBC Connection to DataSource
16:37:54.642 [main] DEBUG org.springframework.beans.factory.support.DefaultListableBeanFactory - Eagerly caching bean &apos;dataSource&apos; to allow for resolving potential circular references
16:37:54.649 [main] DEBUG org.springframework.beans.factory.support.DefaultListableBeanFactory - Returning cached instance of singleton bean &apos;org.springframework.transaction.config.internalTransactionAdvisor&apos;
16:37:54.655 [main] DEBUG org.springframework.beans.factory.support.DefaultListableBeanFactory - Finished creating instance of bean &apos;dataSource&apos;
16:37:54.727 [main] DEBUG org.springframework.core.io.support.PathMatchingResourcePatternResolver - Resolved classpath location [META-INF/persistence.xml] to resources []
16:37:54.734 [main] DEBUG org.springframework.core.io.support.PathMatchingResourcePatternResolver - Resolved classpath location [fr/gestion/donnees/] to resources [URL [file:/home/alexis/workspace/Service/target/test-classes/fr/gestion/donnees/], URL [file:/home/alexis/workspace/Service/target/classes/fr/gestion/donnees/]]
16:37:54.735 [main] DEBUG org.springframework.core.io.support.PathMatchingResourcePatternResolver - Looking for matching resources in directory tree [/home/alexis/workspace/Service/target/test-classes/fr/gestion/donnees]
16:37:54.736 [main] DEBUG org.springframework.core.io.support.PathMatchingResourcePatternResolver - Searching directory [/home/alexis/workspace/Service/target/test-classes/fr/gestion/donnees] for files matching pattern [/home/alexis/workspace/Service/target/test-classes/fr/gestion/donnees/**/*.class]
16:37:54.737 [main] DEBUG org.springframework.core.io.support.PathMatchingResourcePatternResolver - Searching directory [/home/alexis/workspace/Service/target/test-classes/fr/gestion/donnees/test] for files matching pattern [/home/alexis/workspace/Service/target/test-classes/fr/gestion/donnees/**/*.class]
16:37:54.738 [main] DEBUG org.springframework.core.io.support.PathMatchingResourcePatternResolver - Looking for matching resources in directory tree [/home/alexis/workspace/Service/target/classes/fr/gestion/donnees]
16:37:54.738 [main] DEBUG org.springframework.core.io.support.PathMatchingResourcePatternResolver - Searching directory [/home/alexis/workspace/Service/target/classes/fr/gestion/donnees] for files matching pattern [/home/alexis/workspace/Service/target/classes/fr/gestion/donnees/**/*.class]
16:37:54.755 [main] DEBUG org.springframework.core.io.support.PathMatchingResourcePatternResolver - Resolved location pattern [classpath*:fr/gestion/donnees/**/*.class] to resources [file [/home/alexis/workspace/Service/target/test-classes/fr/gestion/donnees/EnseignantRepositoryTest.class], file [/home/alexis/workspace/Service/target/test-classes/fr/gestion/donnees/test/DemandeTest.class], file [/home/alexis/workspace/Service/target/test-classes/fr/gestion/donnees/test/EnseignantTest.class], file [/home/alexis/workspace/Service/target/test-classes/fr/gestion/donnees/test/EnseignementTest.class], file [/home/alexis/workspace/Service/target/test-classes/fr/gestion/donnees/test/VoeuTest.class], file [/home/alexis/workspace/Service/target/classes/fr/gestion/donnees/Demande.class], file [/home/alexis/workspace/Service/target/classes/fr/gestion/donnees/DemandeInterventionExterieure.class], file [/home/alexis/workspace/Service/target/classes/fr/gestion/donnees/DemandeSpeciale.class], file [/home/alexis/workspace/Service/target/classes/fr/gestion/donnees/Enseignant.class], file [/home/alexis/workspace/Service/target/classes/fr/gestion/donnees/EnseignantRepository.class], file [/home/alexis/workspace/Service/target/classes/fr/gestion/donnees/Enseignement.class], file [/home/alexis/workspace/Service/target/classes/fr/gestion/donnees/SpringConfiguration.class], file [/home/alexis/workspace/Service/target/classes/fr/gestion/donnees/Voeu.class]]
16:37:54.787 [main] INFO org.springframework.orm.jpa.LocalContainerEntityManagerFactoryBean - Building JPA container EntityManagerFactory for persistence unit &apos;default&apos;
16:37:56.366 [main] DEBUG org.springframework.jdbc.datasource.SimpleDriverDataSource - Creating new JDBC Driver Connection to [jdbc:derby:memory:testdb;create=true]
16:37:58.167 [main] WARN org.springframework.context.support.GenericApplicationContext - Exception encountered during context initialization - cancelling refresh attempt: org.springframework.beans.factory.BeanCreationException: Error creating bean with name &apos;entityManagerFactory&apos; defined in fr.gestion.donnees.SpringConfiguration: Bean instantiation via factory method failed; nested exception is org.springframework.beans.BeanInstantiationException: Failed to instantiate [javax.persistence.EntityManagerFactory]: Factory method &apos;entityManagerFactory&apos; threw exception; nested exception is javax.persistence.PersistenceException: [PersistenceUnit: default] Unable to build Hibernate SessionFactory
16:37:58.168 [main] DEBUG org.springframework.beans.factory.support.DefaultListableBeanFactory - Destroying singletons in org.springframework.beans.factory.support.DefaultListableBeanFactory@55040f2f: defining beans [org.springframework.context.annotation.internalConfigurationAnnotationProcessor,org.springframework.context.annotation.internalAutowiredAnnotationProcessor,org.springframework.context.annotation.internalRequiredAnnotationProcessor,org.springframework.context.annotation.internalCommonAnnotationProcessor,org.springframework.context.annotation.internalPersistenceAnnotationProcessor,org.springframework.context.event.internalEventListenerProcessor,org.springframework.context.event.internalEventListenerFactory,springConfiguration,org.springframework.context.annotation.ConfigurationClassPostProcessor.importAwareProcessor,org.springframework.context.annotation.ConfigurationClassPostProcessor.enhancedConfigurationProcessor,org.springframework.transaction.annotation.ProxyTransactionManagementConfiguration,org.springframework.transaction.config.internalTransactionAdvisor,transactionAttributeSource,transactionInterceptor,org.springframework.transaction.config.internalTransactionalEventListenerFactory,entityManagerFactory,dataSource,transactionManager,hibernateExceptionTranslator,org.springframework.aop.config.internalAutoProxyCreator,org.springframework.data.jpa.repository.config.JpaRepositoryConfigExtension#0,org.springframework.data.repository.core.support.RepositoryFactoryBeanSupport_Predictor,emBeanDefinitionRegistrarPostProcessor,jpaMappingContext,jpaContext,enseignantRepository,org.springframework.orm.jpa.SharedEntityManagerCreator#0]; root of factory hierarchy
16:37:58.227 [main] DEBUG org.springframework.beans.factory.support.DisposableBeanAdapter - Invoking destroy method &apos;shutdown&apos; on bean with name &apos;dataSource&apos;
16:37:58.227 [main] INFO org.springframework.jdbc.datasource.embedded.EmbeddedDatabaseFactory - Shutting down embedded database: url=&apos;jdbc:derby:memory:testdb;create=true&apos;
16:37:58.850 [main] ERROR org.springframework.test.context.TestContextManager - Caught exception while allowing TestExecutionListener [org.springframework.test.context.support.DependencyInjectionTestExecutionListener@3dd4520b] to prepare test instance [fr.gestion.donnees.EnseignantRepositoryTest@4973813a]
java.lang.IllegalStateException: Failed to load ApplicationContext
	at org.springframework.test.context.cache.DefaultCacheAwareContextLoaderDelegate.loadContext(DefaultCacheAwareContextLoaderDelegate.java:124)
	at org.springframework.test.context.support.DefaultTestContext.getApplicationContext(DefaultTestContext.java:83)
	at org.springframework.test.context.support.DependencyInjectionTestExecutionListener.injectDependencies(DependencyInjectionTestExecutionListener.java:117)
	at org.springframework.test.context.support.DependencyInjectionTestExecutionListener.prepareTestInstance(DependencyInjectionTestExecutionListener.java:83)
	at org.springframework.test.context.TestContextManager.prepareTestInstance(TestContextManager.java:230)
	at org.springframework.test.context.junit4.SpringJUnit4ClassRunner.createTest(SpringJUnit4ClassRunner.java:228)
	at org.springframework.test.context.junit4.SpringJUnit4ClassRunner$1.runReflectiveCall(SpringJUnit4ClassRunner.java:287)
	at org.junit.internal.runners.model.ReflectiveCallable.run(ReflectiveCallable.java:12)
	at org.springframework.test.context.junit4.SpringJUnit4ClassRunner.methodBlock(SpringJUnit4ClassRunner.java:289)
	at org.springframework.test.context.junit4.SpringJUnit4ClassRunner.runChild(SpringJUnit4ClassRunner.java:247)
	at org.springframework.test.context.junit4.SpringJUnit4ClassRunner.runChild(SpringJUnit4ClassRunner.java:94)
	at org.junit.runners.ParentRunner$3.run(ParentRunner.java:290)
	at org.junit.runners.ParentRunner$1.schedule(ParentRunner.java:71)
	at org.junit.runners.ParentRunner.runChildren(ParentRunner.java:288)
	at org.junit.runners.ParentRunner.access$000(ParentRunner.java:58)
	at org.junit.runners.ParentRunner$2.evaluate(ParentRunner.java:268)
	at org.springframework.test.context.junit4.statements.RunBeforeTestClassCallbacks.evaluate(RunBeforeTestClassCallbacks.java:61)
	at org.springframework.test.context.junit4.statements.RunAfterTestClassCallbacks.evaluate(RunAfterTestClassCallbacks.java:70)
	at org.junit.runners.ParentRunner.run(ParentRunner.java:363)
	at org.springframework.test.context.junit4.SpringJUnit4ClassRunner.run(SpringJUnit4ClassRunner.java:191)
	at org.apache.maven.surefire.junit4.JUnit4Provider.execute(JUnit4Provider.java:252)
	at org.apache.maven.surefire.junit4.JUnit4Provider.executeTestSet(JUnit4Provider.java:141)
	at org.apache.maven.surefire.junit4.JUnit4Provider.invoke(JUnit4Provider.java:112)
	at sun.reflect.NativeMethodAccessorImpl.invoke0(Native Method)
	at sun.reflect.NativeMethodAccessorImpl.invoke(NativeMethodAccessorImpl.java:62)
	at sun.reflect.DelegatingMethodAccessorImpl.invoke(DelegatingMethodAccessorImpl.java:43)
	at java.lang.reflect.Method.invoke(Method.java:498)
	at org.apache.maven.surefire.util.ReflectionUtils.invokeMethodWithArray(ReflectionUtils.java:189)
	at org.apache.maven.surefire.booter.ProviderFactory$ProviderProxy.invoke(ProviderFactory.java:165)
	at org.apache.maven.surefire.booter.ProviderFactory.invokeProvider(ProviderFactory.java:85)
	at org.apache.maven.surefire.booter.ForkedBooter.runSuitesInProcess(ForkedBooter.java:115)
	at org.apache.maven.surefire.booter.ForkedBooter.main(ForkedBooter.java:75)
Caused by: org.springframework.beans.factory.BeanCreationException: Error creating bean with name &apos;entityManagerFactory&apos; defined in fr.gestion.donnees.SpringConfiguration: Bean instantiation via factory method failed; nested exception is org.springframework.beans.BeanInstantiationException: Failed to instantiate [javax.persistence.EntityManagerFactory]: Factory method &apos;entityManagerFactory&apos; threw exception; nested exception is javax.persistence.PersistenceException: [PersistenceUnit: default] Unable to build Hibernate SessionFactory
	at org.springframework.beans.factory.support.ConstructorResolver.instantiateUsingFactoryMethod(ConstructorResolver.java:599)
	at org.springframework.beans.factory.support.AbstractAutowireCapableBeanFactory.instantiateUsingFactoryMethod(AbstractAutowireCapableBeanFactory.java:1127)
	at org.springframework.beans.factory.support.AbstractAutowireCapableBeanFactory.createBeanInstance(AbstractAutowireCapableBeanFactory.java:1022)
	at org.springframework.beans.factory.support.AbstractAutowireCapableBeanFactory.doCreateBean(AbstractAutowireCapableBeanFactory.java:510)
	at org.springframework.beans.factory.support.AbstractAutowireCapableBeanFactory.createBean(AbstractAutowireCapableBeanFactory.java:482)
	at org.springframework.beans.factory.support.AbstractBeanFactory$1.getObject(AbstractBeanFactory.java:306)
	at org.springframework.beans.factory.support.DefaultSingletonBeanRegistry.getSingleton(DefaultSingletonBeanRegistry.java:230)
	at org.springframework.beans.factory.support.AbstractBeanFactory.doGetBean(AbstractBeanFactory.java:302)
	at org.springframework.beans.factory.support.AbstractBeanFactory.getBean(AbstractBeanFactory.java:197)
	at org.springframework.beans.factory.support.DefaultListableBeanFactory.preInstantiateSingletons(DefaultListableBeanFactory.java:778)
	at org.springframework.context.support.AbstractApplicationContext.finishBeanFactoryInitialization(AbstractApplicationContext.java:839)
	at org.springframework.context.support.AbstractApplicationContext.refresh(AbstractApplicationContext.java:538)
	at org.springframework.test.context.support.AbstractGenericContextLoader.loadContext(AbstractGenericContextLoader.java:128)
	at org.springframework.test.context.support.AbstractGenericContextLoader.loadContext(AbstractGenericContextLoader.java:60)
	at org.springframework.test.context.support.AbstractDelegatingSmartContextLoader.delegateLoading(AbstractDelegatingSmartContextLoader.java:108)
	at org.springframework.test.context.support.AbstractDelegatingSmartContextLoader.loadContext(AbstractDelegatingSmartContextLoader.java:251)
	at org.springframework.test.context.cache.DefaultCacheAwareContextLoaderDelegate.loadContextInternal(DefaultCacheAwareContextLoaderDelegate.java:98)
	at org.springframework.test.context.cache.DefaultCacheAwareContextLoaderDelegate.loadContext(DefaultCacheAwareContextLoaderDelegate.java:116)
	... 31 common frames omitted
Caused by: org.springframework.beans.BeanInstantiationException: Failed to instantiate [javax.persistence.EntityManagerFactory]: Factory method &apos;entityManagerFactory&apos; threw exception; nested exception is javax.persistence.PersistenceException: [PersistenceUnit: default] Unable to build Hibernate SessionFactory
	at org.springframework.beans.factory.support.SimpleInstantiationStrategy.instantiate(SimpleInstantiationStrategy.java:189)
	at org.springframework.beans.factory.support.ConstructorResolver.instantiateUsingFactoryMethod(ConstructorResolver.java:588)
	... 48 common frames omitted
Caused by: javax.persistence.PersistenceException: [PersistenceUnit: default] Unable to build Hibernate SessionFactory
	at org.hibernate.jpa.boot.internal.EntityManagerFactoryBuilderImpl.persistenceException(EntityManagerFactoryBuilderImpl.java:954)
	at org.hibernate.jpa.boot.internal.EntityManagerFactoryBuilderImpl.build(EntityManagerFactoryBuilderImpl.java:884)
	at org.springframework.orm.jpa.vendor.SpringHibernateJpaPersistenceProvider.createContainerEntityManagerFactory(SpringHibernateJpaPersistenceProvider.java:60)
	at org.springframework.orm.jpa.LocalContainerEntityManagerFactoryBean.createNativeEntityManagerFactory(LocalContainerEntityManagerFactoryBean.java:340)
	at org.springframework.orm.jpa.AbstractEntityManagerFactoryBean.afterPropertiesSet(AbstractEntityManagerFactoryBean.java:319)
	at fr.gestion.donnees.SpringConfiguration.entityManagerFactory(SpringConfiguration.java:41)
	at fr.gestion.donnees.SpringConfiguration$$EnhancerBySpringCGLIB$$27b4b909.CGLIB$entityManagerFactory$0(&lt;generated&gt;)
	at fr.gestion.donnees.SpringConfiguration$$EnhancerBySpringCGLIB$$27b4b909$$FastClassBySpringCGLIB$$d6371d14.invoke(&lt;generated&gt;)
	at org.springframework.cglib.proxy.MethodProxy.invokeSuper(MethodProxy.java:228)
	at org.springframework.context.annotation.ConfigurationClassEnhancer$BeanMethodInterceptor.intercept(ConfigurationClassEnhancer.java:356)
	at fr.gestion.donnees.SpringConfiguration$$EnhancerBySpringCGLIB$$27b4b909.entityManagerFactory(&lt;generated&gt;)
	at sun.reflect.NativeMethodAccessorImpl.invoke0(Native Method)
	at sun.reflect.NativeMethodAccessorImpl.invoke(NativeMethodAccessorImpl.java:62)
	at sun.reflect.DelegatingMethodAccessorImpl.invoke(DelegatingMethodAccessorImpl.java:43)
	at java.lang.reflect.Method.invoke(Method.java:498)
	at org.springframework.beans.factory.support.SimpleInstantiationStrategy.instantiate(SimpleInstantiationStrategy.java:162)
	... 49 common frames omitted
Caused by: org.hibernate.MappingException: Could not determine type for: java.util.List, at table: Enseignant, for columns: [org.hibernate.mapping.Column(demandes)]
	at org.hibernate.mapping.SimpleValue.getType(SimpleValue.java:411)
	at org.hibernate.mapping.SimpleValue.isValid(SimpleValue.java:384)
	at org.hibernate.mapping.Property.isValid(Property.java:226)
	at org.hibernate.mapping.PersistentClass.validate(PersistentClass.java:529)
	at org.hibernate.mapping.RootClass.validate(RootClass.java:265)
	at org.hibernate.boot.internal.MetadataImpl.validate(MetadataImpl.java:329)
	at org.hibernate.boot.internal.SessionFactoryBuilderImpl.build(SessionFactoryBuilderImpl.java:464)
	at org.hibernate.jpa.boot.internal.EntityManagerFactoryBuilderImpl.build(EntityManagerFactoryBuilderImpl.java:881)
	... 63 common frames omitted
</system-out>
    <system-err>log4j:WARN No appenders could be found for logger (org.jboss.logging).
log4j:WARN Please initialize the log4j system properly.
</system-err>
  </testcase>
  <testcase classname="fr.gestion.donnees.EnseignantRepositoryTest" name="searchEnseignant" time="0.004">
    <error message="Failed to load ApplicationContext" type="java.lang.IllegalStateException">java.lang.IllegalStateException: Failed to load ApplicationContext
	at org.springframework.test.context.cache.DefaultCacheAwareContextLoaderDelegate.loadContext(DefaultCacheAwareContextLoaderDelegate.java:124)
	at org.springframework.test.context.support.DefaultTestContext.getApplicationContext(DefaultTestContext.java:83)
	at org.springframework.test.context.support.DependencyInjectionTestExecutionListener.injectDependencies(DependencyInjectionTestExecutionListener.java:117)
	at org.springframework.test.context.support.DependencyInjectionTestExecutionListener.prepareTestInstance(DependencyInjectionTestExecutionListener.java:83)
	at org.springframework.test.context.TestContextManager.prepareTestInstance(TestContextManager.java:230)
	at org.springframework.test.context.junit4.SpringJUnit4ClassRunner.createTest(SpringJUnit4ClassRunner.java:228)
	at org.springframework.test.context.junit4.SpringJUnit4ClassRunner$1.runReflectiveCall(SpringJUnit4ClassRunner.java:287)
	at org.junit.internal.runners.model.ReflectiveCallable.run(ReflectiveCallable.java:12)
	at org.springframework.test.context.junit4.SpringJUnit4ClassRunner.methodBlock(SpringJUnit4ClassRunner.java:289)
	at org.springframework.test.context.junit4.SpringJUnit4ClassRunner.runChild(SpringJUnit4ClassRunner.java:247)
	at org.springframework.test.context.junit4.SpringJUnit4ClassRunner.runChild(SpringJUnit4ClassRunner.java:94)
	at org.junit.runners.ParentRunner$3.run(ParentRunner.java:290)
	at org.junit.runners.ParentRunner$1.schedule(ParentRunner.java:71)
	at org.junit.runners.ParentRunner.runChildren(ParentRunner.java:288)
	at org.junit.runners.ParentRunner.access$000(ParentRunner.java:58)
	at org.junit.runners.ParentRunner$2.evaluate(ParentRunner.java:268)
	at org.springframework.test.context.junit4.statements.RunBeforeTestClassCallbacks.evaluate(RunBeforeTestClassCallbacks.java:61)
	at org.springframework.test.context.junit4.statements.RunAfterTestClassCallbacks.evaluate(RunAfterTestClassCallbacks.java:70)
	at org.junit.runners.ParentRunner.run(ParentRunner.java:363)
	at org.springframework.test.context.junit4.SpringJUnit4ClassRunner.run(SpringJUnit4ClassRunner.java:191)
	at org.apache.maven.surefire.junit4.JUnit4Provider.execute(JUnit4Provider.java:252)
	at org.apache.maven.surefire.junit4.JUnit4Provider.executeTestSet(JUnit4Provider.java:141)
	at org.apache.maven.surefire.junit4.JUnit4Provider.invoke(JUnit4Provider.java:112)
	at sun.reflect.NativeMethodAccessorImpl.invoke0(Native Method)
	at sun.reflect.NativeMethodAccessorImpl.invoke(NativeMethodAccessorImpl.java:62)
	at sun.reflect.DelegatingMethodAccessorImpl.invoke(DelegatingMethodAccessorImpl.java:43)
	at java.lang.reflect.Method.invoke(Method.java:498)
	at org.apache.maven.surefire.util.ReflectionUtils.invokeMethodWithArray(ReflectionUtils.java:189)
	at org.apache.maven.surefire.booter.ProviderFactory$ProviderProxy.invoke(ProviderFactory.java:165)
	at org.apache.maven.surefire.booter.ProviderFactory.invokeProvider(ProviderFactory.java:85)
	at org.apache.maven.surefire.booter.ForkedBooter.runSuitesInProcess(ForkedBooter.java:115)
	at org.apache.maven.surefire.booter.ForkedBooter.main(ForkedBooter.java:75)
Caused by: org.springframework.beans.factory.BeanCreationException: Error creating bean with name &apos;entityManagerFactory&apos; defined in fr.gestion.donnees.SpringConfiguration: Bean instantiation via factory method failed; nested exception is org.springframework.beans.BeanInstantiationException: Failed to instantiate [javax.persistence.EntityManagerFactory]: Factory method &apos;entityManagerFactory&apos; threw exception; nested exception is javax.persistence.PersistenceException: [PersistenceUnit: default] Unable to build Hibernate SessionFactory
	at org.springframework.beans.factory.support.ConstructorResolver.instantiateUsingFactoryMethod(ConstructorResolver.java:599)
	at org.springframework.beans.factory.support.AbstractAutowireCapableBeanFactory.instantiateUsingFactoryMethod(AbstractAutowireCapableBeanFactory.java:1127)
	at org.springframework.beans.factory.support.AbstractAutowireCapableBeanFactory.createBeanInstance(AbstractAutowireCapableBeanFactory.java:1022)
	at org.springframework.beans.factory.support.AbstractAutowireCapableBeanFactory.doCreateBean(AbstractAutowireCapableBeanFactory.java:510)
	at org.springframework.beans.factory.support.AbstractAutowireCapableBeanFactory.createBean(AbstractAutowireCapableBeanFactory.java:482)
	at org.springframework.beans.factory.support.AbstractBeanFactory$1.getObject(AbstractBeanFactory.java:306)
	at org.springframework.beans.factory.support.DefaultSingletonBeanRegistry.getSingleton(DefaultSingletonBeanRegistry.java:230)
	at org.springframework.beans.factory.support.AbstractBeanFactory.doGetBean(AbstractBeanFactory.java:302)
	at org.springframework.beans.factory.support.AbstractBeanFactory.getBean(AbstractBeanFactory.java:197)
	at org.springframework.beans.factory.support.DefaultListableBeanFactory.preInstantiateSingletons(DefaultListableBeanFactory.java:778)
	at org.springframework.context.support.AbstractApplicationContext.finishBeanFactoryInitialization(AbstractApplicationContext.java:839)
	at org.springframework.context.support.AbstractApplicationContext.refresh(AbstractApplicationContext.java:538)
	at org.springframework.test.context.support.AbstractGenericContextLoader.loadContext(AbstractGenericContextLoader.java:128)
	at org.springframework.test.context.support.AbstractGenericContextLoader.loadContext(AbstractGenericContextLoader.java:60)
	at org.springframework.test.context.support.AbstractDelegatingSmartContextLoader.delegateLoading(AbstractDelegatingSmartContextLoader.java:108)
	at org.springframework.test.context.support.AbstractDelegatingSmartContextLoader.loadContext(AbstractDelegatingSmartContextLoader.java:251)
	at org.springframework.test.context.cache.DefaultCacheAwareContextLoaderDelegate.loadContextInternal(DefaultCacheAwareContextLoaderDelegate.java:98)
	at org.springframework.test.context.cache.DefaultCacheAwareContextLoaderDelegate.loadContext(DefaultCacheAwareContextLoaderDelegate.java:116)
	... 31 more
Caused by: org.springframework.beans.BeanInstantiationException: Failed to instantiate [javax.persistence.EntityManagerFactory]: Factory method &apos;entityManagerFactory&apos; threw exception; nested exception is javax.persistence.PersistenceException: [PersistenceUnit: default] Unable to build Hibernate SessionFactory
	at org.springframework.beans.factory.support.SimpleInstantiationStrategy.instantiate(SimpleInstantiationStrategy.java:189)
	at org.springframework.beans.factory.support.ConstructorResolver.instantiateUsingFactoryMethod(ConstructorResolver.java:588)
	... 48 more
Caused by: javax.persistence.PersistenceException: [PersistenceUnit: default] Unable to build Hibernate SessionFactory
	at org.hibernate.jpa.boot.internal.EntityManagerFactoryBuilderImpl.persistenceException(EntityManagerFactoryBuilderImpl.java:954)
	at org.hibernate.jpa.boot.internal.EntityManagerFactoryBuilderImpl.build(EntityManagerFactoryBuilderImpl.java:884)
	at org.springframework.orm.jpa.vendor.SpringHibernateJpaPersistenceProvider.createContainerEntityManagerFactory(SpringHibernateJpaPersistenceProvider.java:60)
	at org.springframework.orm.jpa.LocalContainerEntityManagerFactoryBean.createNativeEntityManagerFactory(LocalContainerEntityManagerFactoryBean.java:340)
	at org.springframework.orm.jpa.AbstractEntityManagerFactoryBean.afterPropertiesSet(AbstractEntityManagerFactoryBean.java:319)
	at fr.gestion.donnees.SpringConfiguration.entityManagerFactory(SpringConfiguration.java:41)
	at fr.gestion.donnees.SpringConfiguration$$EnhancerBySpringCGLIB$$27b4b909.CGLIB$entityManagerFactory$0(&lt;generated&gt;)
	at fr.gestion.donnees.SpringConfiguration$$EnhancerBySpringCGLIB$$27b4b909$$FastClassBySpringCGLIB$$d6371d14.invoke(&lt;generated&gt;)
	at org.springframework.cglib.proxy.MethodProxy.invokeSuper(MethodProxy.java:228)
	at org.springframework.context.annotation.ConfigurationClassEnhancer$BeanMethodInterceptor.intercept(ConfigurationClassEnhancer.java:356)
	at fr.gestion.donnees.SpringConfiguration$$EnhancerBySpringCGLIB$$27b4b909.entityManagerFactory(&lt;generated&gt;)
	at sun.reflect.NativeMethodAccessorImpl.invoke0(Native Method)
	at sun.reflect.NativeMethodAccessorImpl.invoke(NativeMethodAccessorImpl.java:62)
	at sun.reflect.DelegatingMethodAccessorImpl.invoke(DelegatingMethodAccessorImpl.java:43)
	at java.lang.reflect.Method.invoke(Method.java:498)
	at org.springframework.beans.factory.support.SimpleInstantiationStrategy.instantiate(SimpleInstantiationStrategy.java:162)
	... 49 more
Caused by: org.hibernate.MappingException: Could not determine type for: java.util.List, at table: Enseignant, for columns: [org.hibernate.mapping.Column(demandes)]
	at org.hibernate.mapping.SimpleValue.getType(SimpleValue.java:411)
	at org.hibernate.mapping.SimpleValue.isValid(SimpleValue.java:384)
	at org.hibernate.mapping.Property.isValid(Property.java:226)
	at org.hibernate.mapping.PersistentClass.validate(PersistentClass.java:529)
	at org.hibernate.mapping.RootClass.validate(RootClass.java:265)
	at org.hibernate.boot.internal.MetadataImpl.validate(MetadataImpl.java:329)
	at org.hibernate.boot.internal.SessionFactoryBuilderImpl.build(SessionFactoryBuilderImpl.java:464)
	at org.hibernate.jpa.boot.internal.EntityManagerFactoryBuilderImpl.build(EntityManagerFactoryBuilderImpl.java:881)
	... 63 more
</error>
    <system-out>16:37:58.973 [main] DEBUG org.springframework.test.annotation.ProfileValueUtils - Retrieved @ProfileValueSourceConfiguration [null] for test class [fr.gestion.donnees.EnseignantRepositoryTest]
16:37:58.974 [main] DEBUG org.springframework.test.annotation.ProfileValueUtils - Retrieved ProfileValueSource type [class org.springframework.test.annotation.SystemProfileValueSource] for class [fr.gestion.donnees.EnseignantRepositoryTest]
16:37:58.982 [main] DEBUG org.springframework.test.context.support.DependencyInjectionTestExecutionListener - Performing dependency injection for test context [[DefaultTestContext@50b494a6 testClass = EnseignantRepositoryTest, testInstance = fr.gestion.donnees.EnseignantRepositoryTest@2c768ada, testMethod = [null], testException = [null], mergedContextConfiguration = [MergedContextConfiguration@3cef309d testClass = EnseignantRepositoryTest, locations = &apos;{}&apos;, classes = &apos;{class fr.gestion.donnees.SpringConfiguration}&apos;, contextInitializerClasses = &apos;[]&apos;, activeProfiles = &apos;{}&apos;, propertySourceLocations = &apos;{}&apos;, propertySourceProperties = &apos;{}&apos;, contextCustomizers = set[[empty]], contextLoader = &apos;org.springframework.test.context.support.DelegatingSmartContextLoader&apos;, parent = [null]]]].
16:37:58.985 [main] DEBUG org.springframework.test.context.support.AbstractDelegatingSmartContextLoader - Delegating to AnnotationConfigContextLoader to load context from [MergedContextConfiguration@3cef309d testClass = EnseignantRepositoryTest, locations = &apos;{}&apos;, classes = &apos;{class fr.gestion.donnees.SpringConfiguration}&apos;, contextInitializerClasses = &apos;[]&apos;, activeProfiles = &apos;{}&apos;, propertySourceLocations = &apos;{}&apos;, propertySourceProperties = &apos;{}&apos;, contextCustomizers = set[[empty]], contextLoader = &apos;org.springframework.test.context.support.DelegatingSmartContextLoader&apos;, parent = [null]].
16:37:58.986 [main] DEBUG org.springframework.test.context.support.AbstractGenericContextLoader - Loading ApplicationContext for merged context configuration [[MergedContextConfiguration@3cef309d testClass = EnseignantRepositoryTest, locations = &apos;{}&apos;, classes = &apos;{class fr.gestion.donnees.SpringConfiguration}&apos;, contextInitializerClasses = &apos;[]&apos;, activeProfiles = &apos;{}&apos;, propertySourceLocations = &apos;{}&apos;, propertySourceProperties = &apos;{}&apos;, contextCustomizers = set[[empty]], contextLoader = &apos;org.springframework.test.context.support.DelegatingSmartContextLoader&apos;, parent = [null]]].
16:37:58.992 [main] DEBUG org.springframework.core.env.StandardEnvironment - Adding [systemProperties] PropertySource with lowest search precedence
16:37:58.992 [main] DEBUG org.springframework.core.env.StandardEnvironment - Adding [systemEnvironment] PropertySource with lowest search precedence
16:37:58.992 [main] DEBUG org.springframework.core.env.StandardEnvironment - Initialized StandardEnvironment with PropertySources [systemProperties,systemEnvironment]
16:37:58.992 [main] DEBUG org.springframework.test.context.support.AnnotationConfigContextLoader - Registering annotated classes: {class fr.gestion.donnees.SpringConfiguration}
16:37:59.000 [main] INFO org.springframework.context.support.GenericApplicationContext - Refreshing org.springframework.context.support.GenericApplicationContext@c1fca2a: startup date [Tue Dec 20 16:37:59 CET 2016]; root of context hierarchy
16:37:59.000 [main] DEBUG org.springframework.context.support.GenericApplicationContext - Bean factory for org.springframework.context.support.GenericApplicationContext@c1fca2a: org.springframework.beans.factory.support.DefaultListableBeanFactory@5533dc72: defining beans [org.springframework.context.annotation.internalConfigurationAnnotationProcessor,org.springframework.context.annotation.internalAutowiredAnnotationProcessor,org.springframework.context.annotation.internalRequiredAnnotationProcessor,org.springframework.context.annotation.internalCommonAnnotationProcessor,org.springframework.context.annotation.internalPersistenceAnnotationProcessor,org.springframework.context.event.internalEventListenerProcessor,org.springframework.context.event.internalEventListenerFactory,springConfiguration]; root of factory hierarchy
16:37:59.002 [main] DEBUG org.springframework.beans.factory.support.DefaultListableBeanFactory - Creating shared instance of singleton bean &apos;org.springframework.context.annotation.internalConfigurationAnnotationProcessor&apos;
16:37:59.002 [main] DEBUG org.springframework.beans.factory.support.DefaultListableBeanFactory - Creating instance of bean &apos;org.springframework.context.annotation.internalConfigurationAnnotationProcessor&apos;
16:37:59.002 [main] DEBUG org.springframework.beans.factory.support.DefaultListableBeanFactory - Eagerly caching bean &apos;org.springframework.context.annotation.internalConfigurationAnnotationProcessor&apos; to allow for resolving potential circular references
16:37:59.002 [main] DEBUG org.springframework.beans.factory.support.DefaultListableBeanFactory - Finished creating instance of bean &apos;org.springframework.context.annotation.internalConfigurationAnnotationProcessor&apos;
16:37:59.006 [main] DEBUG org.springframework.core.env.StandardEnvironment - Adding [systemProperties] PropertySource with lowest search precedence
16:37:59.006 [main] DEBUG org.springframework.core.env.StandardEnvironment - Adding [systemEnvironment] PropertySource with lowest search precedence
16:37:59.017 [main] DEBUG org.springframework.core.env.StandardEnvironment - Initialized StandardEnvironment with PropertySources [systemProperties,systemEnvironment]
16:37:59.019 [main] DEBUG org.springframework.core.io.support.PathMatchingResourcePatternResolver - Resolved classpath location [fr/gestion/donnees/] to resources [URL [file:/home/alexis/workspace/Service/target/test-classes/fr/gestion/donnees/], URL [file:/home/alexis/workspace/Service/target/classes/fr/gestion/donnees/]]
16:37:59.020 [main] DEBUG org.springframework.core.io.support.PathMatchingResourcePatternResolver - Looking for matching resources in directory tree [/home/alexis/workspace/Service/target/test-classes/fr/gestion/donnees]
16:37:59.021 [main] DEBUG org.springframework.core.io.support.PathMatchingResourcePatternResolver - Searching directory [/home/alexis/workspace/Service/target/test-classes/fr/gestion/donnees] for files matching pattern [/home/alexis/workspace/Service/target/test-classes/fr/gestion/donnees/**/*.class]
16:37:59.023 [main] DEBUG org.springframework.core.io.support.PathMatchingResourcePatternResolver - Searching directory [/home/alexis/workspace/Service/target/test-classes/fr/gestion/donnees/test] for files matching pattern [/home/alexis/workspace/Service/target/test-classes/fr/gestion/donnees/**/*.class]
16:37:59.024 [main] DEBUG org.springframework.core.io.support.PathMatchingResourcePatternResolver - Looking for matching resources in directory tree [/home/alexis/workspace/Service/target/classes/fr/gestion/donnees]
16:37:59.025 [main] DEBUG org.springframework.core.io.support.PathMatchingResourcePatternResolver - Searching directory [/home/alexis/workspace/Service/target/classes/fr/gestion/donnees] for files matching pattern [/home/alexis/workspace/Service/target/classes/fr/gestion/donnees/**/*.class]
16:37:59.029 [main] DEBUG org.springframework.core.io.support.PathMatchingResourcePatternResolver - Resolved location pattern [classpath*:fr/gestion/donnees/**/*.class] to resources [file [/home/alexis/workspace/Service/target/test-classes/fr/gestion/donnees/EnseignantRepositoryTest.class], file [/home/alexis/workspace/Service/target/test-classes/fr/gestion/donnees/test/DemandeTest.class], file [/home/alexis/workspace/Service/target/test-classes/fr/gestion/donnees/test/EnseignantTest.class], file [/home/alexis/workspace/Service/target/test-classes/fr/gestion/donnees/test/EnseignementTest.class], file [/home/alexis/workspace/Service/target/test-classes/fr/gestion/donnees/test/VoeuTest.class], file [/home/alexis/workspace/Service/target/classes/fr/gestion/donnees/Demande.class], file [/home/alexis/workspace/Service/target/classes/fr/gestion/donnees/DemandeInterventionExterieure.class], file [/home/alexis/workspace/Service/target/classes/fr/gestion/donnees/DemandeSpeciale.class], file [/home/alexis/workspace/Service/target/classes/fr/gestion/donnees/Enseignant.class], file [/home/alexis/workspace/Service/target/classes/fr/gestion/donnees/EnseignantRepository.class], file [/home/alexis/workspace/Service/target/classes/fr/gestion/donnees/Enseignement.class], file [/home/alexis/workspace/Service/target/classes/fr/gestion/donnees/SpringConfiguration.class], file [/home/alexis/workspace/Service/target/classes/fr/gestion/donnees/Voeu.class]]
16:37:59.042 [main] DEBUG org.springframework.context.annotation.ClassPathBeanDefinitionScanner - Ignored because not a concrete top-level class: file [/home/alexis/workspace/Service/target/classes/fr/gestion/donnees/EnseignantRepository.class]
16:37:59.097 [main] DEBUG org.springframework.context.annotation.ConfigurationClassBeanDefinitionReader - Registered bean definition for imported class &apos;org.springframework.transaction.annotation.ProxyTransactionManagementConfiguration&apos;
16:37:59.099 [main] DEBUG org.springframework.context.annotation.ConfigurationClassBeanDefinitionReader - Registering bean definition for @Bean method org.springframework.transaction.annotation.ProxyTransactionManagementConfiguration.org.springframework.transaction.config.internalTransactionAdvisor()
16:37:59.099 [main] DEBUG org.springframework.context.annotation.ConfigurationClassBeanDefinitionReader - Registering bean definition for @Bean method org.springframework.transaction.annotation.ProxyTransactionManagementConfiguration.transactionAttributeSource()
16:37:59.100 [main] DEBUG org.springframework.context.annotation.ConfigurationClassBeanDefinitionReader - Registering bean definition for @Bean method org.springframework.transaction.annotation.ProxyTransactionManagementConfiguration.transactionInterceptor()
16:37:59.100 [main] DEBUG org.springframework.context.annotation.ConfigurationClassBeanDefinitionReader - Registering bean definition for @Bean method org.springframework.transaction.annotation.ProxyTransactionManagementConfiguration.org.springframework.transaction.config.internalTransactionalEventListenerFactory()
16:37:59.101 [main] DEBUG org.springframework.context.annotation.ConfigurationClassBeanDefinitionReader - Registering bean definition for @Bean method fr.gestion.donnees.SpringConfiguration.entityManagerFactory()
16:37:59.102 [main] DEBUG org.springframework.context.annotation.ConfigurationClassBeanDefinitionReader - Registering bean definition for @Bean method fr.gestion.donnees.SpringConfiguration.dataSource()
16:37:59.103 [main] DEBUG org.springframework.context.annotation.ConfigurationClassBeanDefinitionReader - Registering bean definition for @Bean method fr.gestion.donnees.SpringConfiguration.transactionManager()
16:37:59.103 [main] DEBUG org.springframework.context.annotation.ConfigurationClassBeanDefinitionReader - Registering bean definition for @Bean method fr.gestion.donnees.SpringConfiguration.hibernateExceptionTranslator()
16:37:59.121 [main] DEBUG org.springframework.core.env.StandardEnvironment - Adding [systemProperties] PropertySource with lowest search precedence
16:37:59.121 [main] DEBUG org.springframework.core.env.StandardEnvironment - Adding [systemEnvironment] PropertySource with lowest search precedence
16:37:59.121 [main] DEBUG org.springframework.core.env.StandardEnvironment - Initialized StandardEnvironment with PropertySources [systemProperties,systemEnvironment]
16:37:59.136 [main] DEBUG org.springframework.core.io.support.PathMatchingResourcePatternResolver - Resolved classpath location [org/springframework/data/] to resources [URL [jar:file:/home/alexis/.m2/repository/org/springframework/data/spring-data-jpa/1.10.5.RELEASE/spring-data-jpa-1.10.5.RELEASE.jar!/org/springframework/data/], URL [jar:file:/home/alexis/.m2/repository/org/springframework/data/spring-data-commons/1.12.5.RELEASE/spring-data-commons-1.12.5.RELEASE.jar!/org/springframework/data/]]
16:37:59.140 [main] DEBUG org.springframework.core.io.support.PathMatchingResourcePatternResolver - Looking for matching resources in jar file [file:/home/alexis/.m2/repository/org/springframework/data/spring-data-jpa/1.10.5.RELEASE/spring-data-jpa-1.10.5.RELEASE.jar]
16:37:59.146 [main] DEBUG org.springframework.core.io.support.PathMatchingResourcePatternResolver - Looking for matching resources in jar file [file:/home/alexis/.m2/repository/org/springframework/data/spring-data-commons/1.12.5.RELEASE/spring-data-commons-1.12.5.RELEASE.jar]
16:37:59.158 [main] DEBUG org.springframework.core.io.support.PathMatchingResourcePatternResolver - Resolved location pattern [classpath*:org/springframework/data/**/repository/support/**/*.class] to resources [URL [jar:file:/home/alexis/.m2/repository/org/springframework/data/spring-data-jpa/1.10.5.RELEASE/spring-data-jpa-1.10.5.RELEASE.jar!/org/springframework/data/jpa/repository/support/CrudMethodMetadata.class], URL [jar:file:/home/alexis/.m2/repository/org/springframework/data/spring-data-jpa/1.10.5.RELEASE/spring-data-jpa-1.10.5.RELEASE.jar!/org/springframework/data/jpa/repository/support/CrudMethodMetadataPostProcessor$1.class], URL [jar:file:/home/alexis/.m2/repository/org/springframework/data/spring-data-jpa/1.10.5.RELEASE/spring-data-jpa-1.10.5.RELEASE.jar!/org/springframework/data/jpa/repository/support/CrudMethodMetadataPostProcessor$CrudMethodMetadataPopulatingMethodInterceptor.class], URL [jar:file:/home/alexis/.m2/repository/org/springframework/data/spring-data-jpa/1.10.5.RELEASE/spring-data-jpa-1.10.5.RELEASE.jar!/org/springframework/data/jpa/repository/support/CrudMethodMetadataPostProcessor$DefaultCrudMethodMetadata.class], URL [jar:file:/home/alexis/.m2/repository/org/springframework/data/spring-data-jpa/1.10.5.RELEASE/spring-data-jpa-1.10.5.RELEASE.jar!/org/springframework/data/jpa/repository/support/CrudMethodMetadataPostProcessor$ThreadBoundTargetSource.class], URL [jar:file:/home/alexis/.m2/repository/org/springframework/data/spring-data-jpa/1.10.5.RELEASE/spring-data-jpa-1.10.5.RELEASE.jar!/org/springframework/data/jpa/repository/support/CrudMethodMetadataPostProcessor.class], URL [jar:file:/home/alexis/.m2/repository/org/springframework/data/spring-data-jpa/1.10.5.RELEASE/spring-data-jpa-1.10.5.RELEASE.jar!/org/springframework/data/jpa/repository/support/DefaultJpaContext.class], URL [jar:file:/home/alexis/.m2/repository/org/springframework/data/spring-data-jpa/1.10.5.RELEASE/spring-data-jpa-1.10.5.RELEASE.jar!/org/springframework/data/jpa/repository/support/EntityManagerBeanDefinitionRegistrarPostProcessor.class], URL [jar:file:/home/alexis/.m2/repository/org/springframework/data/spring-data-jpa/1.10.5.RELEASE/spring-data-jpa-1.10.5.RELEASE.jar!/org/springframework/data/jpa/repository/support/JpaEntityInformation.class], URL [jar:file:/home/alexis/.m2/repository/org/springframework/data/spring-data-jpa/1.10.5.RELEASE/spring-data-jpa-1.10.5.RELEASE.jar!/org/springframework/data/jpa/repository/support/JpaEntityInformationSupport.class], URL [jar:file:/home/alexis/.m2/repository/org/springframework/data/spring-data-jpa/1.10.5.RELEASE/spring-data-jpa-1.10.5.RELEASE.jar!/org/springframework/data/jpa/repository/support/JpaMetamodelEntityInformation$IdentifierDerivingDirectFieldAccessFallbackBeanWrapper.class], URL [jar:file:/home/alexis/.m2/repository/org/springframework/data/spring-data-jpa/1.10.5.RELEASE/spring-data-jpa-1.10.5.RELEASE.jar!/org/springframework/data/jpa/repository/support/JpaMetamodelEntityInformation$IdMetadata.class], URL [jar:file:/home/alexis/.m2/repository/org/springframework/data/spring-data-jpa/1.10.5.RELEASE/spring-data-jpa-1.10.5.RELEASE.jar!/org/springframework/data/jpa/repository/support/JpaMetamodelEntityInformation.class], URL [jar:file:/home/alexis/.m2/repository/org/springframework/data/spring-data-jpa/1.10.5.RELEASE/spring-data-jpa-1.10.5.RELEASE.jar!/org/springframework/data/jpa/repository/support/JpaPersistableEntityInformation.class], URL [jar:file:/home/alexis/.m2/repository/org/springframework/data/spring-data-jpa/1.10.5.RELEASE/spring-data-jpa-1.10.5.RELEASE.jar!/org/springframework/data/jpa/repository/support/JpaRepositoryFactory.class], URL [jar:file:/home/alexis/.m2/repository/org/springframework/data/spring-data-jpa/1.10.5.RELEASE/spring-data-jpa-1.10.5.RELEASE.jar!/org/springframework/data/jpa/repository/support/JpaRepositoryFactoryBean.class], URL [jar:file:/home/alexis/.m2/repository/org/springframework/data/spring-data-jpa/1.10.5.RELEASE/spring-data-jpa-1.10.5.RELEASE.jar!/org/springframework/data/jpa/repository/support/Querydsl$1.class], URL [jar:file:/home/alexis/.m2/repository/org/springframework/data/spring-data-jpa/1.10.5.RELEASE/spring-data-jpa-1.10.5.RELEASE.jar!/org/springframework/data/jpa/repository/support/Querydsl.class], URL [jar:file:/home/alexis/.m2/repository/org/springframework/data/spring-data-jpa/1.10.5.RELEASE/spring-data-jpa-1.10.5.RELEASE.jar!/org/springframework/data/jpa/repository/support/QueryDslJpaRepository.class], URL [jar:file:/home/alexis/.m2/repository/org/springframework/data/spring-data-jpa/1.10.5.RELEASE/spring-data-jpa-1.10.5.RELEASE.jar!/org/springframework/data/jpa/repository/support/QueryDslRepositorySupport.class], URL [jar:file:/home/alexis/.m2/repository/org/springframework/data/spring-data-jpa/1.10.5.RELEASE/spring-data-jpa-1.10.5.RELEASE.jar!/org/springframework/data/jpa/repository/support/SimpleJpaRepository$ByIdsSpecification.class], URL [jar:file:/home/alexis/.m2/repository/org/springframework/data/spring-data-jpa/1.10.5.RELEASE/spring-data-jpa-1.10.5.RELEASE.jar!/org/springframework/data/jpa/repository/support/SimpleJpaRepository$ExampleSpecification.class], URL [jar:file:/home/alexis/.m2/repository/org/springframework/data/spring-data-jpa/1.10.5.RELEASE/spring-data-jpa-1.10.5.RELEASE.jar!/org/springframework/data/jpa/repository/support/SimpleJpaRepository.class], URL [jar:file:/home/alexis/.m2/repository/org/springframework/data/spring-data-commons/1.12.5.RELEASE/spring-data-commons-1.12.5.RELEASE.jar!/org/springframework/data/repository/support/AnnotationAttribute.class], URL [jar:file:/home/alexis/.m2/repository/org/springframework/data/spring-data-commons/1.12.5.RELEASE/spring-data-commons-1.12.5.RELEASE.jar!/org/springframework/data/repository/support/CrudRepositoryInvoker.class], URL [jar:file:/home/alexis/.m2/repository/org/springframework/data/spring-data-commons/1.12.5.RELEASE/spring-data-commons-1.12.5.RELEASE.jar!/org/springframework/data/repository/support/DefaultRepositoryInvokerFactory.class], URL [jar:file:/home/alexis/.m2/repository/org/springframework/data/spring-data-commons/1.12.5.RELEASE/spring-data-commons-1.12.5.RELEASE.jar!/org/springframework/data/repository/support/DomainClassConverter$ToEntityConverter.class], URL [jar:file:/home/alexis/.m2/repository/org/springframework/data/spring-data-commons/1.12.5.RELEASE/spring-data-commons-1.12.5.RELEASE.jar!/org/springframework/data/repository/support/DomainClassConverter$ToIdConverter.class], URL [jar:file:/home/alexis/.m2/repository/org/springframework/data/spring-data-commons/1.12.5.RELEASE/spring-data-commons-1.12.5.RELEASE.jar!/org/springframework/data/repository/support/DomainClassConverter.class], URL [jar:file:/home/alexis/.m2/repository/org/springframework/data/spring-data-commons/1.12.5.RELEASE/spring-data-commons-1.12.5.RELEASE.jar!/org/springframework/data/repository/support/DomainClassPropertyEditor.class], URL [jar:file:/home/alexis/.m2/repository/org/springframework/data/spring-data-commons/1.12.5.RELEASE/spring-data-commons-1.12.5.RELEASE.jar!/org/springframework/data/repository/support/DomainClassPropertyEditorRegistrar.class], URL [jar:file:/home/alexis/.m2/repository/org/springframework/data/spring-data-commons/1.12.5.RELEASE/spring-data-commons-1.12.5.RELEASE.jar!/org/springframework/data/repository/support/MethodParameters$AnnotationNamingMethodParameter.class], URL [jar:file:/home/alexis/.m2/repository/org/springframework/data/spring-data-commons/1.12.5.RELEASE/spring-data-commons-1.12.5.RELEASE.jar!/org/springframework/data/repository/support/MethodParameters.class], URL [jar:file:/home/alexis/.m2/repository/org/springframework/data/spring-data-commons/1.12.5.RELEASE/spring-data-commons-1.12.5.RELEASE.jar!/org/springframework/data/repository/support/PagingAndSortingRepositoryInvoker.class], URL [jar:file:/home/alexis/.m2/repository/org/springframework/data/spring-data-commons/1.12.5.RELEASE/spring-data-commons-1.12.5.RELEASE.jar!/org/springframework/data/repository/support/QueryMethodParameterConversionException.class], URL [jar:file:/home/alexis/.m2/repository/org/springframework/data/spring-data-commons/1.12.5.RELEASE/spring-data-commons-1.12.5.RELEASE.jar!/org/springframework/data/repository/support/ReflectionRepositoryInvoker.class], URL [jar:file:/home/alexis/.m2/repository/org/springframework/data/spring-data-commons/1.12.5.RELEASE/spring-data-commons-1.12.5.RELEASE.jar!/org/springframework/data/repository/support/Repositories$EmptyRepositoryFactoryInformation.class], URL [jar:file:/home/alexis/.m2/repository/org/springframework/data/spring-data-commons/1.12.5.RELEASE/spring-data-commons-1.12.5.RELEASE.jar!/org/springframework/data/repository/support/Repositories.class], URL [jar:file:/home/alexis/.m2/repository/org/springframework/data/spring-data-commons/1.12.5.RELEASE/spring-data-commons-1.12.5.RELEASE.jar!/org/springframework/data/repository/support/RepositoryInvocationInformation.class], URL [jar:file:/home/alexis/.m2/repository/org/springframework/data/spring-data-commons/1.12.5.RELEASE/spring-data-commons-1.12.5.RELEASE.jar!/org/springframework/data/repository/support/RepositoryInvoker.class], URL [jar:file:/home/alexis/.m2/repository/org/springframework/data/spring-data-commons/1.12.5.RELEASE/spring-data-commons-1.12.5.RELEASE.jar!/org/springframework/data/repository/support/RepositoryInvokerFactory.class]]
16:37:59.254 [main] DEBUG org.springframework.context.annotation.ClassPathScanningCandidateComponentProvider - Identified candidate component class: URL [jar:file:/home/alexis/.m2/repository/org/springframework/data/spring-data-jpa/1.10.5.RELEASE/spring-data-jpa-1.10.5.RELEASE.jar!/org/springframework/data/jpa/repository/support/JpaRepositoryFactory.class]
16:37:59.344 [main] DEBUG org.springframework.core.env.StandardEnvironment - Adding [systemProperties] PropertySource with lowest search precedence
16:37:59.345 [main] DEBUG org.springframework.core.env.StandardEnvironment - Adding [systemEnvironment] PropertySource with lowest search precedence
16:37:59.345 [main] DEBUG org.springframework.core.env.StandardEnvironment - Initialized StandardEnvironment with PropertySources [systemProperties,systemEnvironment]
16:37:59.345 [main] DEBUG org.springframework.core.io.support.PathMatchingResourcePatternResolver - Resolved classpath location [fr/gestion/donnees/] to resources [URL [file:/home/alexis/workspace/Service/target/test-classes/fr/gestion/donnees/], URL [file:/home/alexis/workspace/Service/target/classes/fr/gestion/donnees/]]
16:37:59.346 [main] DEBUG org.springframework.core.io.support.PathMatchingResourcePatternResolver - Looking for matching resources in directory tree [/home/alexis/workspace/Service/target/test-classes/fr/gestion/donnees]
16:37:59.347 [main] DEBUG org.springframework.core.io.support.PathMatchingResourcePatternResolver - Searching directory [/home/alexis/workspace/Service/target/test-classes/fr/gestion/donnees] for files matching pattern [/home/alexis/workspace/Service/target/test-classes/fr/gestion/donnees/**/*.class]
16:37:59.347 [main] DEBUG org.springframework.core.io.support.PathMatchingResourcePatternResolver - Searching directory [/home/alexis/workspace/Service/target/test-classes/fr/gestion/donnees/test] for files matching pattern [/home/alexis/workspace/Service/target/test-classes/fr/gestion/donnees/**/*.class]
16:37:59.347 [main] DEBUG org.springframework.core.io.support.PathMatchingResourcePatternResolver - Looking for matching resources in directory tree [/home/alexis/workspace/Service/target/classes/fr/gestion/donnees]
16:37:59.347 [main] DEBUG org.springframework.core.io.support.PathMatchingResourcePatternResolver - Searching directory [/home/alexis/workspace/Service/target/classes/fr/gestion/donnees] for files matching pattern [/home/alexis/workspace/Service/target/classes/fr/gestion/donnees/**/*.class]
16:37:59.348 [main] DEBUG org.springframework.core.io.support.PathMatchingResourcePatternResolver - Resolved location pattern [classpath*:fr/gestion/donnees/**/*.class] to resources [file [/home/alexis/workspace/Service/target/test-classes/fr/gestion/donnees/EnseignantRepositoryTest.class], file [/home/alexis/workspace/Service/target/test-classes/fr/gestion/donnees/test/DemandeTest.class], file [/home/alexis/workspace/Service/target/test-classes/fr/gestion/donnees/test/EnseignantTest.class], file [/home/alexis/workspace/Service/target/test-classes/fr/gestion/donnees/test/EnseignementTest.class], file [/home/alexis/workspace/Service/target/test-classes/fr/gestion/donnees/test/VoeuTest.class], file [/home/alexis/workspace/Service/target/classes/fr/gestion/donnees/Demande.class], file [/home/alexis/workspace/Service/target/classes/fr/gestion/donnees/DemandeInterventionExterieure.class], file [/home/alexis/workspace/Service/target/classes/fr/gestion/donnees/DemandeSpeciale.class], file [/home/alexis/workspace/Service/target/classes/fr/gestion/donnees/Enseignant.class], file [/home/alexis/workspace/Service/target/classes/fr/gestion/donnees/EnseignantRepository.class], file [/home/alexis/workspace/Service/target/classes/fr/gestion/donnees/Enseignement.class], file [/home/alexis/workspace/Service/target/classes/fr/gestion/donnees/SpringConfiguration.class], file [/home/alexis/workspace/Service/target/classes/fr/gestion/donnees/Voeu.class]]
16:37:59.355 [main] DEBUG org.springframework.data.repository.config.RepositoryComponentProvider - Identified candidate component class: file [/home/alexis/workspace/Service/target/classes/fr/gestion/donnees/EnseignantRepository.class]
16:37:59.381 [main] DEBUG org.springframework.core.env.StandardEnvironment - Adding [systemProperties] PropertySource with lowest search precedence
16:37:59.381 [main] DEBUG org.springframework.core.env.StandardEnvironment - Adding [systemEnvironment] PropertySource with lowest search precedence
16:37:59.381 [main] DEBUG org.springframework.core.env.StandardEnvironment - Initialized StandardEnvironment with PropertySources [systemProperties,systemEnvironment]
16:37:59.382 [main] DEBUG org.springframework.core.io.support.PathMatchingResourcePatternResolver - Resolved classpath location [fr/gestion/donnees/] to resources [URL [file:/home/alexis/workspace/Service/target/test-classes/fr/gestion/donnees/], URL [file:/home/alexis/workspace/Service/target/classes/fr/gestion/donnees/]]
16:37:59.382 [main] DEBUG org.springframework.core.io.support.PathMatchingResourcePatternResolver - Looking for matching resources in directory tree [/home/alexis/workspace/Service/target/test-classes/fr/gestion/donnees]
16:37:59.383 [main] DEBUG org.springframework.core.io.support.PathMatchingResourcePatternResolver - Searching directory [/home/alexis/workspace/Service/target/test-classes/fr/gestion/donnees] for files matching pattern [/home/alexis/workspace/Service/target/test-classes/fr/gestion/donnees/**/*EnseignantRepositoryImpl.class]
16:37:59.383 [main] DEBUG org.springframework.core.io.support.PathMatchingResourcePatternResolver - Searching directory [/home/alexis/workspace/Service/target/test-classes/fr/gestion/donnees/test] for files matching pattern [/home/alexis/workspace/Service/target/test-classes/fr/gestion/donnees/**/*EnseignantRepositoryImpl.class]
16:37:59.391 [main] DEBUG org.springframework.core.io.support.PathMatchingResourcePatternResolver - Looking for matching resources in directory tree [/home/alexis/workspace/Service/target/classes/fr/gestion/donnees]
16:37:59.391 [main] DEBUG org.springframework.core.io.support.PathMatchingResourcePatternResolver - Searching directory [/home/alexis/workspace/Service/target/classes/fr/gestion/donnees] for files matching pattern [/home/alexis/workspace/Service/target/classes/fr/gestion/donnees/**/*EnseignantRepositoryImpl.class]
16:37:59.392 [main] DEBUG org.springframework.core.io.support.PathMatchingResourcePatternResolver - Resolved location pattern [classpath*:fr/gestion/donnees/**/*EnseignantRepositoryImpl.class] to resources []
16:37:59.395 [main] DEBUG org.springframework.data.repository.config.RepositoryConfigurationDelegate - Spring Data JPA - Registering repository: enseignantRepository - Interface: fr.gestion.donnees.EnseignantRepository - Factory: org.springframework.data.jpa.repository.support.JpaRepositoryFactoryBean
16:37:59.403 [main] DEBUG org.springframework.context.annotation.ConfigurationClassEnhancer - Successfully enhanced fr.gestion.donnees.SpringConfiguration; enhanced class name is: fr.gestion.donnees.SpringConfiguration$$EnhancerBySpringCGLIB$$27b4b909
16:37:59.415 [main] DEBUG org.springframework.context.annotation.ConfigurationClassPostProcessor - Replacing bean definition &apos;springConfiguration&apos; existing class &apos;fr.gestion.donnees.SpringConfiguration&apos; with enhanced class &apos;fr.gestion.donnees.SpringConfiguration$$EnhancerBySpringCGLIB$$27b4b909&apos;
16:37:59.416 [main] DEBUG org.springframework.context.annotation.ConfigurationClassEnhancer - Successfully enhanced org.springframework.transaction.annotation.ProxyTransactionManagementConfiguration; enhanced class name is: org.springframework.transaction.annotation.ProxyTransactionManagementConfiguration$$EnhancerBySpringCGLIB$$93ddb188
16:37:59.416 [main] DEBUG org.springframework.context.annotation.ConfigurationClassPostProcessor - Replacing bean definition &apos;org.springframework.transaction.annotation.ProxyTransactionManagementConfiguration&apos; existing class &apos;org.springframework.transaction.annotation.ProxyTransactionManagementConfiguration&apos; with enhanced class &apos;org.springframework.transaction.annotation.ProxyTransactionManagementConfiguration$$EnhancerBySpringCGLIB$$93ddb188&apos;
16:37:59.418 [main] DEBUG org.springframework.beans.factory.support.DefaultListableBeanFactory - Creating shared instance of singleton bean &apos;emBeanDefinitionRegistrarPostProcessor&apos;
16:37:59.419 [main] DEBUG org.springframework.beans.factory.support.DefaultListableBeanFactory - Creating instance of bean &apos;emBeanDefinitionRegistrarPostProcessor&apos;
16:37:59.420 [main] DEBUG org.springframework.beans.factory.support.DefaultListableBeanFactory - Eagerly caching bean &apos;emBeanDefinitionRegistrarPostProcessor&apos; to allow for resolving potential circular references
16:37:59.423 [main] DEBUG org.springframework.beans.factory.support.DefaultListableBeanFactory - Finished creating instance of bean &apos;emBeanDefinitionRegistrarPostProcessor&apos;
16:37:59.439 [main] DEBUG org.springframework.beans.factory.support.DefaultListableBeanFactory - Creating shared instance of singleton bean &apos;org.springframework.context.annotation.internalAutowiredAnnotationProcessor&apos;
16:37:59.440 [main] DEBUG org.springframework.beans.factory.support.DefaultListableBeanFactory - Creating instance of bean &apos;org.springframework.context.annotation.internalAutowiredAnnotationProcessor&apos;
16:37:59.440 [main] DEBUG org.springframework.beans.factory.support.DefaultListableBeanFactory - Eagerly caching bean &apos;org.springframework.context.annotation.internalAutowiredAnnotationProcessor&apos; to allow for resolving potential circular references
16:37:59.440 [main] DEBUG org.springframework.beans.factory.support.DefaultListableBeanFactory - Finished creating instance of bean &apos;org.springframework.context.annotation.internalAutowiredAnnotationProcessor&apos;
16:37:59.441 [main] DEBUG org.springframework.beans.factory.support.DefaultListableBeanFactory - Creating shared instance of singleton bean &apos;org.springframework.context.annotation.internalRequiredAnnotationProcessor&apos;
16:37:59.441 [main] DEBUG org.springframework.beans.factory.support.DefaultListableBeanFactory - Creating instance of bean &apos;org.springframework.context.annotation.internalRequiredAnnotationProcessor&apos;
16:37:59.441 [main] DEBUG org.springframework.beans.factory.support.DefaultListableBeanFactory - Eagerly caching bean &apos;org.springframework.context.annotation.internalRequiredAnnotationProcessor&apos; to allow for resolving potential circular references
16:37:59.441 [main] DEBUG org.springframework.beans.factory.support.DefaultListableBeanFactory - Finished creating instance of bean &apos;org.springframework.context.annotation.internalRequiredAnnotationProcessor&apos;
16:37:59.441 [main] DEBUG org.springframework.beans.factory.support.DefaultListableBeanFactory - Creating shared instance of singleton bean &apos;org.springframework.context.annotation.internalCommonAnnotationProcessor&apos;
16:37:59.441 [main] DEBUG org.springframework.beans.factory.support.DefaultListableBeanFactory - Creating instance of bean &apos;org.springframework.context.annotation.internalCommonAnnotationProcessor&apos;
16:37:59.441 [main] DEBUG org.springframework.beans.factory.support.DefaultListableBeanFactory - Eagerly caching bean &apos;org.springframework.context.annotation.internalCommonAnnotationProcessor&apos; to allow for resolving potential circular references
16:37:59.441 [main] DEBUG org.springframework.beans.factory.support.DefaultListableBeanFactory - Finished creating instance of bean &apos;org.springframework.context.annotation.internalCommonAnnotationProcessor&apos;
16:37:59.442 [main] DEBUG org.springframework.beans.factory.support.DefaultListableBeanFactory - Creating shared instance of singleton bean &apos;org.springframework.context.annotation.internalPersistenceAnnotationProcessor&apos;
16:37:59.443 [main] DEBUG org.springframework.beans.factory.support.DefaultListableBeanFactory - Creating instance of bean &apos;org.springframework.context.annotation.internalPersistenceAnnotationProcessor&apos;
16:37:59.457 [main] DEBUG org.springframework.beans.factory.support.DefaultListableBeanFactory - Eagerly caching bean &apos;org.springframework.context.annotation.internalPersistenceAnnotationProcessor&apos; to allow for resolving potential circular references
16:37:59.458 [main] DEBUG org.springframework.beans.factory.support.DefaultListableBeanFactory - Finished creating instance of bean &apos;org.springframework.context.annotation.internalPersistenceAnnotationProcessor&apos;
16:37:59.459 [main] DEBUG org.springframework.beans.factory.support.DefaultListableBeanFactory - Creating shared instance of singleton bean &apos;org.springframework.context.annotation.ConfigurationClassPostProcessor.importAwareProcessor&apos;
16:37:59.459 [main] DEBUG org.springframework.beans.factory.support.DefaultListableBeanFactory - Creating instance of bean &apos;org.springframework.context.annotation.ConfigurationClassPostProcessor.importAwareProcessor&apos;
16:37:59.460 [main] DEBUG org.springframework.beans.factory.support.DefaultListableBeanFactory - Eagerly caching bean &apos;org.springframework.context.annotation.ConfigurationClassPostProcessor.importAwareProcessor&apos; to allow for resolving potential circular references
16:37:59.462 [main] DEBUG org.springframework.beans.factory.support.DefaultListableBeanFactory - Finished creating instance of bean &apos;org.springframework.context.annotation.ConfigurationClassPostProcessor.importAwareProcessor&apos;
16:37:59.462 [main] DEBUG org.springframework.beans.factory.support.DefaultListableBeanFactory - Creating shared instance of singleton bean &apos;org.springframework.context.annotation.ConfigurationClassPostProcessor.enhancedConfigurationProcessor&apos;
16:37:59.462 [main] DEBUG org.springframework.beans.factory.support.DefaultListableBeanFactory - Creating instance of bean &apos;org.springframework.context.annotation.ConfigurationClassPostProcessor.enhancedConfigurationProcessor&apos;
16:37:59.462 [main] DEBUG org.springframework.beans.factory.support.DefaultListableBeanFactory - Eagerly caching bean &apos;org.springframework.context.annotation.ConfigurationClassPostProcessor.enhancedConfigurationProcessor&apos; to allow for resolving potential circular references
16:37:59.462 [main] DEBUG org.springframework.beans.factory.support.DefaultListableBeanFactory - Finished creating instance of bean &apos;org.springframework.context.annotation.ConfigurationClassPostProcessor.enhancedConfigurationProcessor&apos;
16:37:59.463 [main] DEBUG org.springframework.beans.factory.support.DefaultListableBeanFactory - Creating shared instance of singleton bean &apos;org.springframework.data.repository.core.support.RepositoryFactoryBeanSupport_Predictor&apos;
16:37:59.463 [main] DEBUG org.springframework.beans.factory.support.DefaultListableBeanFactory - Creating instance of bean &apos;org.springframework.data.repository.core.support.RepositoryFactoryBeanSupport_Predictor&apos;
16:37:59.465 [main] DEBUG org.springframework.beans.factory.support.DefaultListableBeanFactory - Eagerly caching bean &apos;org.springframework.data.repository.core.support.RepositoryFactoryBeanSupport_Predictor&apos; to allow for resolving potential circular references
16:37:59.465 [main] DEBUG org.springframework.beans.factory.support.DefaultListableBeanFactory - Finished creating instance of bean &apos;org.springframework.data.repository.core.support.RepositoryFactoryBeanSupport_Predictor&apos;
16:37:59.465 [main] DEBUG org.springframework.beans.factory.support.DefaultListableBeanFactory - Creating shared instance of singleton bean &apos;org.springframework.aop.config.internalAutoProxyCreator&apos;
16:37:59.465 [main] DEBUG org.springframework.beans.factory.support.DefaultListableBeanFactory - Creating instance of bean &apos;org.springframework.aop.config.internalAutoProxyCreator&apos;
16:37:59.468 [main] DEBUG org.springframework.beans.factory.support.DefaultListableBeanFactory - Eagerly caching bean &apos;org.springframework.aop.config.internalAutoProxyCreator&apos; to allow for resolving potential circular references
16:37:59.476 [main] DEBUG org.springframework.beans.factory.support.DefaultListableBeanFactory - Finished creating instance of bean &apos;org.springframework.aop.config.internalAutoProxyCreator&apos;
16:37:59.485 [main] DEBUG org.springframework.context.support.GenericApplicationContext - Unable to locate MessageSource with name &apos;messageSource&apos;: using default [org.springframework.context.support.DelegatingMessageSource@64f16277]
16:37:59.485 [main] DEBUG org.springframework.context.support.GenericApplicationContext - Unable to locate ApplicationEventMulticaster with name &apos;applicationEventMulticaster&apos;: using default [org.springframework.context.event.SimpleApplicationEventMulticaster@497aec8c]
16:37:59.487 [main] DEBUG org.springframework.beans.factory.support.DefaultListableBeanFactory - Pre-instantiating singletons in org.springframework.beans.factory.support.DefaultListableBeanFactory@5533dc72: defining beans [org.springframework.context.annotation.internalConfigurationAnnotationProcessor,org.springframework.context.annotation.internalAutowiredAnnotationProcessor,org.springframework.context.annotation.internalRequiredAnnotationProcessor,org.springframework.context.annotation.internalCommonAnnotationProcessor,org.springframework.context.annotation.internalPersistenceAnnotationProcessor,org.springframework.context.event.internalEventListenerProcessor,org.springframework.context.event.internalEventListenerFactory,springConfiguration,org.springframework.context.annotation.ConfigurationClassPostProcessor.importAwareProcessor,org.springframework.context.annotation.ConfigurationClassPostProcessor.enhancedConfigurationProcessor,org.springframework.transaction.annotation.ProxyTransactionManagementConfiguration,org.springframework.transaction.config.internalTransactionAdvisor,transactionAttributeSource,transactionInterceptor,org.springframework.transaction.config.internalTransactionalEventListenerFactory,entityManagerFactory,dataSource,transactionManager,hibernateExceptionTranslator,org.springframework.aop.config.internalAutoProxyCreator,org.springframework.data.jpa.repository.config.JpaRepositoryConfigExtension#0,org.springframework.data.repository.core.support.RepositoryFactoryBeanSupport_Predictor,emBeanDefinitionRegistrarPostProcessor,jpaMappingContext,jpaContext,enseignantRepository,org.springframework.orm.jpa.SharedEntityManagerCreator#0]; root of factory hierarchy
16:37:59.491 [main] DEBUG org.springframework.beans.factory.support.DefaultListableBeanFactory - Returning cached instance of singleton bean &apos;org.springframework.context.annotation.internalConfigurationAnnotationProcessor&apos;
16:37:59.492 [main] DEBUG org.springframework.beans.factory.support.DefaultListableBeanFactory - Returning cached instance of singleton bean &apos;org.springframework.context.annotation.internalAutowiredAnnotationProcessor&apos;
16:37:59.492 [main] DEBUG org.springframework.beans.factory.support.DefaultListableBeanFactory - Returning cached instance of singleton bean &apos;org.springframework.context.annotation.internalRequiredAnnotationProcessor&apos;
16:37:59.492 [main] DEBUG org.springframework.beans.factory.support.DefaultListableBeanFactory - Returning cached instance of singleton bean &apos;org.springframework.context.annotation.internalCommonAnnotationProcessor&apos;
16:37:59.493 [main] DEBUG org.springframework.beans.factory.support.DefaultListableBeanFactory - Returning cached instance of singleton bean &apos;org.springframework.context.annotation.internalPersistenceAnnotationProcessor&apos;
16:37:59.498 [main] DEBUG org.springframework.beans.factory.support.DefaultListableBeanFactory - Creating shared instance of singleton bean &apos;org.springframework.context.event.internalEventListenerProcessor&apos;
16:37:59.498 [main] DEBUG org.springframework.beans.factory.support.DefaultListableBeanFactory - Creating instance of bean &apos;org.springframework.context.event.internalEventListenerProcessor&apos;
16:37:59.498 [main] DEBUG org.springframework.beans.factory.support.DefaultListableBeanFactory - Eagerly caching bean &apos;org.springframework.context.event.internalEventListenerProcessor&apos; to allow for resolving potential circular references
16:37:59.500 [main] DEBUG org.springframework.beans.factory.support.DefaultListableBeanFactory - Creating shared instance of singleton bean &apos;org.springframework.transaction.config.internalTransactionAdvisor&apos;
16:37:59.515 [main] DEBUG org.springframework.beans.factory.support.DefaultListableBeanFactory - Creating instance of bean &apos;org.springframework.transaction.config.internalTransactionAdvisor&apos;
16:37:59.515 [main] DEBUG org.springframework.beans.factory.support.DefaultListableBeanFactory - Creating shared instance of singleton bean &apos;org.springframework.transaction.annotation.ProxyTransactionManagementConfiguration&apos;
16:37:59.516 [main] DEBUG org.springframework.beans.factory.support.DefaultListableBeanFactory - Creating instance of bean &apos;org.springframework.transaction.annotation.ProxyTransactionManagementConfiguration&apos;
16:37:59.517 [main] DEBUG org.springframework.beans.factory.annotation.InjectionMetadata - Registered injected element on class [org.springframework.transaction.annotation.ProxyTransactionManagementConfiguration$$EnhancerBySpringCGLIB$$93ddb188]: AutowiredMethodElement for void org.springframework.transaction.annotation.AbstractTransactionManagementConfiguration.setConfigurers(java.util.Collection)
16:37:59.530 [main] DEBUG org.springframework.beans.factory.support.DefaultListableBeanFactory - Eagerly caching bean &apos;org.springframework.transaction.annotation.ProxyTransactionManagementConfiguration&apos; to allow for resolving potential circular references
16:37:59.532 [main] DEBUG org.springframework.beans.factory.annotation.InjectionMetadata - Processing injected element of bean &apos;org.springframework.transaction.annotation.ProxyTransactionManagementConfiguration&apos;: AutowiredMethodElement for void org.springframework.transaction.annotation.AbstractTransactionManagementConfiguration.setConfigurers(java.util.Collection)
16:37:59.533 [main] DEBUG org.springframework.beans.factory.support.DefaultListableBeanFactory - Returning cached instance of singleton bean &apos;org.springframework.context.annotation.ConfigurationClassPostProcessor.importRegistry&apos;
16:37:59.534 [main] DEBUG org.springframework.aop.framework.autoproxy.BeanFactoryAdvisorRetrievalHelper - Skipping currently created advisor &apos;org.springframework.transaction.config.internalTransactionAdvisor&apos;
16:37:59.534 [main] DEBUG org.springframework.beans.factory.support.DefaultListableBeanFactory - Finished creating instance of bean &apos;org.springframework.transaction.annotation.ProxyTransactionManagementConfiguration&apos;
16:37:59.534 [main] DEBUG org.springframework.beans.factory.support.DefaultListableBeanFactory - Creating shared instance of singleton bean &apos;transactionAttributeSource&apos;
16:37:59.534 [main] DEBUG org.springframework.beans.factory.support.DefaultListableBeanFactory - Creating instance of bean &apos;transactionAttributeSource&apos;
16:37:59.534 [main] DEBUG org.springframework.beans.factory.support.DefaultListableBeanFactory - Returning cached instance of singleton bean &apos;org.springframework.transaction.annotation.ProxyTransactionManagementConfiguration&apos;
16:37:59.535 [main] DEBUG org.springframework.beans.factory.support.DefaultListableBeanFactory - Eagerly caching bean &apos;transactionAttributeSource&apos; to allow for resolving potential circular references
16:37:59.535 [main] DEBUG org.springframework.aop.framework.autoproxy.BeanFactoryAdvisorRetrievalHelper - Skipping currently created advisor &apos;org.springframework.transaction.config.internalTransactionAdvisor&apos;
16:37:59.536 [main] DEBUG org.springframework.beans.factory.support.DefaultListableBeanFactory - Finished creating instance of bean &apos;transactionAttributeSource&apos;
16:37:59.536 [main] DEBUG org.springframework.beans.factory.support.DefaultListableBeanFactory - Creating shared instance of singleton bean &apos;transactionInterceptor&apos;
16:37:59.536 [main] DEBUG org.springframework.beans.factory.support.DefaultListableBeanFactory - Creating instance of bean &apos;transactionInterceptor&apos;
16:37:59.536 [main] DEBUG org.springframework.beans.factory.support.DefaultListableBeanFactory - Returning cached instance of singleton bean &apos;org.springframework.transaction.annotation.ProxyTransactionManagementConfiguration&apos;
16:37:59.537 [main] DEBUG org.springframework.beans.factory.support.DefaultListableBeanFactory - Returning cached instance of singleton bean &apos;transactionAttributeSource&apos;
16:37:59.537 [main] DEBUG org.springframework.beans.factory.support.DefaultListableBeanFactory - Eagerly caching bean &apos;transactionInterceptor&apos; to allow for resolving potential circular references
16:37:59.541 [main] DEBUG org.springframework.beans.factory.support.DefaultListableBeanFactory - Invoking afterPropertiesSet() on bean with name &apos;transactionInterceptor&apos;
16:37:59.548 [main] DEBUG org.springframework.beans.factory.support.DefaultListableBeanFactory - Finished creating instance of bean &apos;transactionInterceptor&apos;
16:37:59.548 [main] DEBUG org.springframework.beans.factory.support.DefaultListableBeanFactory - Eagerly caching bean &apos;org.springframework.transaction.config.internalTransactionAdvisor&apos; to allow for resolving potential circular references
16:37:59.549 [main] DEBUG org.springframework.beans.factory.support.DefaultListableBeanFactory - Finished creating instance of bean &apos;org.springframework.transaction.config.internalTransactionAdvisor&apos;
16:37:59.550 [main] DEBUG org.springframework.beans.factory.support.DefaultListableBeanFactory - Finished creating instance of bean &apos;org.springframework.context.event.internalEventListenerProcessor&apos;
16:37:59.550 [main] DEBUG org.springframework.beans.factory.support.DefaultListableBeanFactory - Creating shared instance of singleton bean &apos;org.springframework.context.event.internalEventListenerFactory&apos;
16:37:59.550 [main] DEBUG org.springframework.beans.factory.support.DefaultListableBeanFactory - Creating instance of bean &apos;org.springframework.context.event.internalEventListenerFactory&apos;
16:37:59.550 [main] DEBUG org.springframework.beans.factory.support.DefaultListableBeanFactory - Eagerly caching bean &apos;org.springframework.context.event.internalEventListenerFactory&apos; to allow for resolving potential circular references
16:37:59.551 [main] DEBUG org.springframework.beans.factory.support.DefaultListableBeanFactory - Returning cached instance of singleton bean &apos;org.springframework.transaction.config.internalTransactionAdvisor&apos;
16:37:59.551 [main] DEBUG org.springframework.beans.factory.support.DefaultListableBeanFactory - Finished creating instance of bean &apos;org.springframework.context.event.internalEventListenerFactory&apos;
16:37:59.551 [main] DEBUG org.springframework.beans.factory.support.DefaultListableBeanFactory - Creating shared instance of singleton bean &apos;springConfiguration&apos;
16:37:59.551 [main] DEBUG org.springframework.beans.factory.support.DefaultListableBeanFactory - Creating instance of bean &apos;springConfiguration&apos;
16:37:59.552 [main] DEBUG org.springframework.beans.factory.support.DefaultListableBeanFactory - Eagerly caching bean &apos;springConfiguration&apos; to allow for resolving potential circular references
16:37:59.553 [main] DEBUG org.springframework.beans.factory.support.DefaultListableBeanFactory - Returning cached instance of singleton bean &apos;org.springframework.transaction.config.internalTransactionAdvisor&apos;
16:37:59.555 [main] DEBUG org.springframework.beans.factory.support.DefaultListableBeanFactory - Finished creating instance of bean &apos;springConfiguration&apos;
16:37:59.560 [main] DEBUG org.springframework.beans.factory.support.DefaultListableBeanFactory - Returning cached instance of singleton bean &apos;org.springframework.context.annotation.ConfigurationClassPostProcessor.importAwareProcessor&apos;
16:37:59.561 [main] DEBUG org.springframework.beans.factory.support.DefaultListableBeanFactory - Returning cached instance of singleton bean &apos;org.springframework.context.annotation.ConfigurationClassPostProcessor.enhancedConfigurationProcessor&apos;
16:37:59.561 [main] DEBUG org.springframework.beans.factory.support.DefaultListableBeanFactory - Returning cached instance of singleton bean &apos;org.springframework.transaction.annotation.ProxyTransactionManagementConfiguration&apos;
16:37:59.561 [main] DEBUG org.springframework.beans.factory.support.DefaultListableBeanFactory - Returning cached instance of singleton bean &apos;org.springframework.transaction.config.internalTransactionAdvisor&apos;
16:37:59.561 [main] DEBUG org.springframework.beans.factory.support.DefaultListableBeanFactory - Returning cached instance of singleton bean &apos;transactionAttributeSource&apos;
16:37:59.561 [main] DEBUG org.springframework.beans.factory.support.DefaultListableBeanFactory - Returning cached instance of singleton bean &apos;transactionInterceptor&apos;
16:37:59.561 [main] DEBUG org.springframework.beans.factory.support.DefaultListableBeanFactory - Creating shared instance of singleton bean &apos;org.springframework.transaction.config.internalTransactionalEventListenerFactory&apos;
16:37:59.561 [main] DEBUG org.springframework.beans.factory.support.DefaultListableBeanFactory - Creating instance of bean &apos;org.springframework.transaction.config.internalTransactionalEventListenerFactory&apos;
16:37:59.561 [main] DEBUG org.springframework.beans.factory.support.DefaultListableBeanFactory - Returning cached instance of singleton bean &apos;org.springframework.transaction.annotation.ProxyTransactionManagementConfiguration&apos;
16:37:59.562 [main] DEBUG org.springframework.beans.factory.support.DefaultListableBeanFactory - Eagerly caching bean &apos;org.springframework.transaction.config.internalTransactionalEventListenerFactory&apos; to allow for resolving potential circular references
16:37:59.565 [main] DEBUG org.springframework.beans.factory.support.DefaultListableBeanFactory - Returning cached instance of singleton bean &apos;org.springframework.transaction.config.internalTransactionAdvisor&apos;
16:37:59.566 [main] DEBUG org.springframework.beans.factory.support.DefaultListableBeanFactory - Finished creating instance of bean &apos;org.springframework.transaction.config.internalTransactionalEventListenerFactory&apos;
16:37:59.566 [main] DEBUG org.springframework.beans.factory.support.DefaultListableBeanFactory - Creating shared instance of singleton bean &apos;entityManagerFactory&apos;
16:37:59.566 [main] DEBUG org.springframework.beans.factory.support.DefaultListableBeanFactory - Creating instance of bean &apos;entityManagerFactory&apos;
16:37:59.566 [main] DEBUG org.springframework.beans.factory.support.DefaultListableBeanFactory - Returning cached instance of singleton bean &apos;springConfiguration&apos;
16:37:59.567 [main] DEBUG org.springframework.beans.factory.support.DefaultListableBeanFactory - Creating shared instance of singleton bean &apos;dataSource&apos;
16:37:59.567 [main] DEBUG org.springframework.beans.factory.support.DefaultListableBeanFactory - Creating instance of bean &apos;dataSource&apos;
16:37:59.569 [main] DEBUG org.springframework.beans.factory.support.DefaultListableBeanFactory - Returning cached instance of singleton bean &apos;springConfiguration&apos;
16:37:59.570 [main] INFO org.springframework.jdbc.datasource.embedded.EmbeddedDatabaseFactory - Starting embedded database: url=&apos;jdbc:derby:memory:testdb;create=true&apos;, username=&apos;sa&apos;
16:37:59.570 [main] DEBUG org.springframework.jdbc.datasource.DataSourceUtils - Fetching JDBC Connection from DataSource
16:37:59.570 [main] DEBUG org.springframework.jdbc.datasource.SimpleDriverDataSource - Creating new JDBC Driver Connection to [jdbc:derby:memory:testdb;create=true]
16:37:59.993 [main] DEBUG org.springframework.jdbc.datasource.DataSourceUtils - Returning JDBC Connection to DataSource
16:37:59.994 [main] DEBUG org.springframework.beans.factory.support.DefaultListableBeanFactory - Eagerly caching bean &apos;dataSource&apos; to allow for resolving potential circular references
16:37:59.996 [main] DEBUG org.springframework.beans.factory.support.DefaultListableBeanFactory - Returning cached instance of singleton bean &apos;org.springframework.transaction.config.internalTransactionAdvisor&apos;
16:37:59.997 [main] DEBUG org.springframework.beans.factory.support.DefaultListableBeanFactory - Finished creating instance of bean &apos;dataSource&apos;
16:37:59.997 [main] DEBUG org.springframework.core.io.support.PathMatchingResourcePatternResolver - Resolved classpath location [META-INF/persistence.xml] to resources []
16:37:59.998 [main] DEBUG org.springframework.core.io.support.PathMatchingResourcePatternResolver - Resolved classpath location [fr/gestion/donnees/] to resources [URL [file:/home/alexis/workspace/Service/target/test-classes/fr/gestion/donnees/], URL [file:/home/alexis/workspace/Service/target/classes/fr/gestion/donnees/]]
16:37:59.998 [main] DEBUG org.springframework.core.io.support.PathMatchingResourcePatternResolver - Looking for matching resources in directory tree [/home/alexis/workspace/Service/target/test-classes/fr/gestion/donnees]
16:37:59.998 [main] DEBUG org.springframework.core.io.support.PathMatchingResourcePatternResolver - Searching directory [/home/alexis/workspace/Service/target/test-classes/fr/gestion/donnees] for files matching pattern [/home/alexis/workspace/Service/target/test-classes/fr/gestion/donnees/**/*.class]
16:37:59.999 [main] DEBUG org.springframework.core.io.support.PathMatchingResourcePatternResolver - Searching directory [/home/alexis/workspace/Service/target/test-classes/fr/gestion/donnees/test] for files matching pattern [/home/alexis/workspace/Service/target/test-classes/fr/gestion/donnees/**/*.class]
16:37:59.999 [main] DEBUG org.springframework.core.io.support.PathMatchingResourcePatternResolver - Looking for matching resources in directory tree [/home/alexis/workspace/Service/target/classes/fr/gestion/donnees]
16:37:59.999 [main] DEBUG org.springframework.core.io.support.PathMatchingResourcePatternResolver - Searching directory [/home/alexis/workspace/Service/target/classes/fr/gestion/donnees] for files matching pattern [/home/alexis/workspace/Service/target/classes/fr/gestion/donnees/**/*.class]
16:38:00.000 [main] DEBUG org.springframework.core.io.support.PathMatchingResourcePatternResolver - Resolved location pattern [classpath*:fr/gestion/donnees/**/*.class] to resources [file [/home/alexis/workspace/Service/target/test-classes/fr/gestion/donnees/EnseignantRepositoryTest.class], file [/home/alexis/workspace/Service/target/test-classes/fr/gestion/donnees/test/DemandeTest.class], file [/home/alexis/workspace/Service/target/test-classes/fr/gestion/donnees/test/EnseignantTest.class], file [/home/alexis/workspace/Service/target/test-classes/fr/gestion/donnees/test/EnseignementTest.class], file [/home/alexis/workspace/Service/target/test-classes/fr/gestion/donnees/test/VoeuTest.class], file [/home/alexis/workspace/Service/target/classes/fr/gestion/donnees/Demande.class], file [/home/alexis/workspace/Service/target/classes/fr/gestion/donnees/DemandeInterventionExterieure.class], file [/home/alexis/workspace/Service/target/classes/fr/gestion/donnees/DemandeSpeciale.class], file [/home/alexis/workspace/Service/target/classes/fr/gestion/donnees/Enseignant.class], file [/home/alexis/workspace/Service/target/classes/fr/gestion/donnees/EnseignantRepository.class], file [/home/alexis/workspace/Service/target/classes/fr/gestion/donnees/Enseignement.class], file [/home/alexis/workspace/Service/target/classes/fr/gestion/donnees/SpringConfiguration.class], file [/home/alexis/workspace/Service/target/classes/fr/gestion/donnees/Voeu.class]]
16:38:00.006 [main] INFO org.springframework.orm.jpa.LocalContainerEntityManagerFactoryBean - Building JPA container EntityManagerFactory for persistence unit &apos;default&apos;
16:38:00.268 [main] DEBUG org.springframework.jdbc.datasource.SimpleDriverDataSource - Creating new JDBC Driver Connection to [jdbc:derby:memory:testdb;create=true]
16:38:00.480 [main] WARN org.springframework.context.support.GenericApplicationContext - Exception encountered during context initialization - cancelling refresh attempt: org.springframework.beans.factory.BeanCreationException: Error creating bean with name &apos;entityManagerFactory&apos; defined in fr.gestion.donnees.SpringConfiguration: Bean instantiation via factory method failed; nested exception is org.springframework.beans.BeanInstantiationException: Failed to instantiate [javax.persistence.EntityManagerFactory]: Factory method &apos;entityManagerFactory&apos; threw exception; nested exception is javax.persistence.PersistenceException: [PersistenceUnit: default] Unable to build Hibernate SessionFactory
16:38:00.481 [main] DEBUG org.springframework.beans.factory.support.DefaultListableBeanFactory - Destroying singletons in org.springframework.beans.factory.support.DefaultListableBeanFactory@5533dc72: defining beans [org.springframework.context.annotation.internalConfigurationAnnotationProcessor,org.springframework.context.annotation.internalAutowiredAnnotationProcessor,org.springframework.context.annotation.internalRequiredAnnotationProcessor,org.springframework.context.annotation.internalCommonAnnotationProcessor,org.springframework.context.annotation.internalPersistenceAnnotationProcessor,org.springframework.context.event.internalEventListenerProcessor,org.springframework.context.event.internalEventListenerFactory,springConfiguration,org.springframework.context.annotation.ConfigurationClassPostProcessor.importAwareProcessor,org.springframework.context.annotation.ConfigurationClassPostProcessor.enhancedConfigurationProcessor,org.springframework.transaction.annotation.ProxyTransactionManagementConfiguration,org.springframework.transaction.config.internalTransactionAdvisor,transactionAttributeSource,transactionInterceptor,org.springframework.transaction.config.internalTransactionalEventListenerFactory,entityManagerFactory,dataSource,transactionManager,hibernateExceptionTranslator,org.springframework.aop.config.internalAutoProxyCreator,org.springframework.data.jpa.repository.config.JpaRepositoryConfigExtension#0,org.springframework.data.repository.core.support.RepositoryFactoryBeanSupport_Predictor,emBeanDefinitionRegistrarPostProcessor,jpaMappingContext,jpaContext,enseignantRepository,org.springframework.orm.jpa.SharedEntityManagerCreator#0]; root of factory hierarchy
16:38:00.486 [main] DEBUG org.springframework.beans.factory.support.DisposableBeanAdapter - Invoking destroy method &apos;shutdown&apos; on bean with name &apos;dataSource&apos;
16:38:00.486 [main] INFO org.springframework.jdbc.datasource.embedded.EmbeddedDatabaseFactory - Shutting down embedded database: url=&apos;jdbc:derby:memory:testdb;create=true&apos;
16:38:01.000 [main] ERROR org.springframework.test.context.TestContextManager - Caught exception while allowing TestExecutionListener [org.springframework.test.context.support.DependencyInjectionTestExecutionListener@3dd4520b] to prepare test instance [fr.gestion.donnees.EnseignantRepositoryTest@2c768ada]
java.lang.IllegalStateException: Failed to load ApplicationContext
	at org.springframework.test.context.cache.DefaultCacheAwareContextLoaderDelegate.loadContext(DefaultCacheAwareContextLoaderDelegate.java:124)
	at org.springframework.test.context.support.DefaultTestContext.getApplicationContext(DefaultTestContext.java:83)
	at org.springframework.test.context.support.DependencyInjectionTestExecutionListener.injectDependencies(DependencyInjectionTestExecutionListener.java:117)
	at org.springframework.test.context.support.DependencyInjectionTestExecutionListener.prepareTestInstance(DependencyInjectionTestExecutionListener.java:83)
	at org.springframework.test.context.TestContextManager.prepareTestInstance(TestContextManager.java:230)
	at org.springframework.test.context.junit4.SpringJUnit4ClassRunner.createTest(SpringJUnit4ClassRunner.java:228)
	at org.springframework.test.context.junit4.SpringJUnit4ClassRunner$1.runReflectiveCall(SpringJUnit4ClassRunner.java:287)
	at org.junit.internal.runners.model.ReflectiveCallable.run(ReflectiveCallable.java:12)
	at org.springframework.test.context.junit4.SpringJUnit4ClassRunner.methodBlock(SpringJUnit4ClassRunner.java:289)
	at org.springframework.test.context.junit4.SpringJUnit4ClassRunner.runChild(SpringJUnit4ClassRunner.java:247)
	at org.springframework.test.context.junit4.SpringJUnit4ClassRunner.runChild(SpringJUnit4ClassRunner.java:94)
	at org.junit.runners.ParentRunner$3.run(ParentRunner.java:290)
	at org.junit.runners.ParentRunner$1.schedule(ParentRunner.java:71)
	at org.junit.runners.ParentRunner.runChildren(ParentRunner.java:288)
	at org.junit.runners.ParentRunner.access$000(ParentRunner.java:58)
	at org.junit.runners.ParentRunner$2.evaluate(ParentRunner.java:268)
	at org.springframework.test.context.junit4.statements.RunBeforeTestClassCallbacks.evaluate(RunBeforeTestClassCallbacks.java:61)
	at org.springframework.test.context.junit4.statements.RunAfterTestClassCallbacks.evaluate(RunAfterTestClassCallbacks.java:70)
	at org.junit.runners.ParentRunner.run(ParentRunner.java:363)
	at org.springframework.test.context.junit4.SpringJUnit4ClassRunner.run(SpringJUnit4ClassRunner.java:191)
	at org.apache.maven.surefire.junit4.JUnit4Provider.execute(JUnit4Provider.java:252)
	at org.apache.maven.surefire.junit4.JUnit4Provider.executeTestSet(JUnit4Provider.java:141)
	at org.apache.maven.surefire.junit4.JUnit4Provider.invoke(JUnit4Provider.java:112)
	at sun.reflect.NativeMethodAccessorImpl.invoke0(Native Method)
	at sun.reflect.NativeMethodAccessorImpl.invoke(NativeMethodAccessorImpl.java:62)
	at sun.reflect.DelegatingMethodAccessorImpl.invoke(DelegatingMethodAccessorImpl.java:43)
	at java.lang.reflect.Method.invoke(Method.java:498)
	at org.apache.maven.surefire.util.ReflectionUtils.invokeMethodWithArray(ReflectionUtils.java:189)
	at org.apache.maven.surefire.booter.ProviderFactory$ProviderProxy.invoke(ProviderFactory.java:165)
	at org.apache.maven.surefire.booter.ProviderFactory.invokeProvider(ProviderFactory.java:85)
	at org.apache.maven.surefire.booter.ForkedBooter.runSuitesInProcess(ForkedBooter.java:115)
	at org.apache.maven.surefire.booter.ForkedBooter.main(ForkedBooter.java:75)
Caused by: org.springframework.beans.factory.BeanCreationException: Error creating bean with name &apos;entityManagerFactory&apos; defined in fr.gestion.donnees.SpringConfiguration: Bean instantiation via factory method failed; nested exception is org.springframework.beans.BeanInstantiationException: Failed to instantiate [javax.persistence.EntityManagerFactory]: Factory method &apos;entityManagerFactory&apos; threw exception; nested exception is javax.persistence.PersistenceException: [PersistenceUnit: default] Unable to build Hibernate SessionFactory
	at org.springframework.beans.factory.support.ConstructorResolver.instantiateUsingFactoryMethod(ConstructorResolver.java:599)
	at org.springframework.beans.factory.support.AbstractAutowireCapableBeanFactory.instantiateUsingFactoryMethod(AbstractAutowireCapableBeanFactory.java:1127)
	at org.springframework.beans.factory.support.AbstractAutowireCapableBeanFactory.createBeanInstance(AbstractAutowireCapableBeanFactory.java:1022)
	at org.springframework.beans.factory.support.AbstractAutowireCapableBeanFactory.doCreateBean(AbstractAutowireCapableBeanFactory.java:510)
	at org.springframework.beans.factory.support.AbstractAutowireCapableBeanFactory.createBean(AbstractAutowireCapableBeanFactory.java:482)
	at org.springframework.beans.factory.support.AbstractBeanFactory$1.getObject(AbstractBeanFactory.java:306)
	at org.springframework.beans.factory.support.DefaultSingletonBeanRegistry.getSingleton(DefaultSingletonBeanRegistry.java:230)
	at org.springframework.beans.factory.support.AbstractBeanFactory.doGetBean(AbstractBeanFactory.java:302)
	at org.springframework.beans.factory.support.AbstractBeanFactory.getBean(AbstractBeanFactory.java:197)
	at org.springframework.beans.factory.support.DefaultListableBeanFactory.preInstantiateSingletons(DefaultListableBeanFactory.java:778)
	at org.springframework.context.support.AbstractApplicationContext.finishBeanFactoryInitialization(AbstractApplicationContext.java:839)
	at org.springframework.context.support.AbstractApplicationContext.refresh(AbstractApplicationContext.java:538)
	at org.springframework.test.context.support.AbstractGenericContextLoader.loadContext(AbstractGenericContextLoader.java:128)
	at org.springframework.test.context.support.AbstractGenericContextLoader.loadContext(AbstractGenericContextLoader.java:60)
	at org.springframework.test.context.support.AbstractDelegatingSmartContextLoader.delegateLoading(AbstractDelegatingSmartContextLoader.java:108)
	at org.springframework.test.context.support.AbstractDelegatingSmartContextLoader.loadContext(AbstractDelegatingSmartContextLoader.java:251)
	at org.springframework.test.context.cache.DefaultCacheAwareContextLoaderDelegate.loadContextInternal(DefaultCacheAwareContextLoaderDelegate.java:98)
	at org.springframework.test.context.cache.DefaultCacheAwareContextLoaderDelegate.loadContext(DefaultCacheAwareContextLoaderDelegate.java:116)
	... 31 common frames omitted
Caused by: org.springframework.beans.BeanInstantiationException: Failed to instantiate [javax.persistence.EntityManagerFactory]: Factory method &apos;entityManagerFactory&apos; threw exception; nested exception is javax.persistence.PersistenceException: [PersistenceUnit: default] Unable to build Hibernate SessionFactory
	at org.springframework.beans.factory.support.SimpleInstantiationStrategy.instantiate(SimpleInstantiationStrategy.java:189)
	at org.springframework.beans.factory.support.ConstructorResolver.instantiateUsingFactoryMethod(ConstructorResolver.java:588)
	... 48 common frames omitted
Caused by: javax.persistence.PersistenceException: [PersistenceUnit: default] Unable to build Hibernate SessionFactory
	at org.hibernate.jpa.boot.internal.EntityManagerFactoryBuilderImpl.persistenceException(EntityManagerFactoryBuilderImpl.java:954)
	at org.hibernate.jpa.boot.internal.EntityManagerFactoryBuilderImpl.build(EntityManagerFactoryBuilderImpl.java:884)
	at org.springframework.orm.jpa.vendor.SpringHibernateJpaPersistenceProvider.createContainerEntityManagerFactory(SpringHibernateJpaPersistenceProvider.java:60)
	at org.springframework.orm.jpa.LocalContainerEntityManagerFactoryBean.createNativeEntityManagerFactory(LocalContainerEntityManagerFactoryBean.java:340)
	at org.springframework.orm.jpa.AbstractEntityManagerFactoryBean.afterPropertiesSet(AbstractEntityManagerFactoryBean.java:319)
	at fr.gestion.donnees.SpringConfiguration.entityManagerFactory(SpringConfiguration.java:41)
	at fr.gestion.donnees.SpringConfiguration$$EnhancerBySpringCGLIB$$27b4b909.CGLIB$entityManagerFactory$0(&lt;generated&gt;)
	at fr.gestion.donnees.SpringConfiguration$$EnhancerBySpringCGLIB$$27b4b909$$FastClassBySpringCGLIB$$d6371d14.invoke(&lt;generated&gt;)
	at org.springframework.cglib.proxy.MethodProxy.invokeSuper(MethodProxy.java:228)
	at org.springframework.context.annotation.ConfigurationClassEnhancer$BeanMethodInterceptor.intercept(ConfigurationClassEnhancer.java:356)
	at fr.gestion.donnees.SpringConfiguration$$EnhancerBySpringCGLIB$$27b4b909.entityManagerFactory(&lt;generated&gt;)
	at sun.reflect.NativeMethodAccessorImpl.invoke0(Native Method)
	at sun.reflect.NativeMethodAccessorImpl.invoke(NativeMethodAccessorImpl.java:62)
	at sun.reflect.DelegatingMethodAccessorImpl.invoke(DelegatingMethodAccessorImpl.java:43)
	at java.lang.reflect.Method.invoke(Method.java:498)
	at org.springframework.beans.factory.support.SimpleInstantiationStrategy.instantiate(SimpleInstantiationStrategy.java:162)
	... 49 common frames omitted
Caused by: org.hibernate.MappingException: Could not determine type for: java.util.List, at table: Enseignant, for columns: [org.hibernate.mapping.Column(demandes)]
	at org.hibernate.mapping.SimpleValue.getType(SimpleValue.java:411)
	at org.hibernate.mapping.SimpleValue.isValid(SimpleValue.java:384)
	at org.hibernate.mapping.Property.isValid(Property.java:226)
	at org.hibernate.mapping.PersistentClass.validate(PersistentClass.java:529)
	at org.hibernate.mapping.RootClass.validate(RootClass.java:265)
	at org.hibernate.boot.internal.MetadataImpl.validate(MetadataImpl.java:329)
	at org.hibernate.boot.internal.SessionFactoryBuilderImpl.build(SessionFactoryBuilderImpl.java:464)
	at org.hibernate.jpa.boot.internal.EntityManagerFactoryBuilderImpl.build(EntityManagerFactoryBuilderImpl.java:881)
	... 63 common frames omitted
</system-out>
  </testcase>
  <testcase classname="fr.gestion.donnees.EnseignantRepositoryTest" name="findEnseignantByName" time="0.001">
    <error message="Failed to load ApplicationContext" type="java.lang.IllegalStateException">java.lang.IllegalStateException: Failed to load ApplicationContext
	at org.springframework.test.context.cache.DefaultCacheAwareContextLoaderDelegate.loadContext(DefaultCacheAwareContextLoaderDelegate.java:124)
	at org.springframework.test.context.support.DefaultTestContext.getApplicationContext(DefaultTestContext.java:83)
	at org.springframework.test.context.support.DependencyInjectionTestExecutionListener.injectDependencies(DependencyInjectionTestExecutionListener.java:117)
	at org.springframework.test.context.support.DependencyInjectionTestExecutionListener.prepareTestInstance(DependencyInjectionTestExecutionListener.java:83)
	at org.springframework.test.context.TestContextManager.prepareTestInstance(TestContextManager.java:230)
	at org.springframework.test.context.junit4.SpringJUnit4ClassRunner.createTest(SpringJUnit4ClassRunner.java:228)
	at org.springframework.test.context.junit4.SpringJUnit4ClassRunner$1.runReflectiveCall(SpringJUnit4ClassRunner.java:287)
	at org.junit.internal.runners.model.ReflectiveCallable.run(ReflectiveCallable.java:12)
	at org.springframework.test.context.junit4.SpringJUnit4ClassRunner.methodBlock(SpringJUnit4ClassRunner.java:289)
	at org.springframework.test.context.junit4.SpringJUnit4ClassRunner.runChild(SpringJUnit4ClassRunner.java:247)
	at org.springframework.test.context.junit4.SpringJUnit4ClassRunner.runChild(SpringJUnit4ClassRunner.java:94)
	at org.junit.runners.ParentRunner$3.run(ParentRunner.java:290)
	at org.junit.runners.ParentRunner$1.schedule(ParentRunner.java:71)
	at org.junit.runners.ParentRunner.runChildren(ParentRunner.java:288)
	at org.junit.runners.ParentRunner.access$000(ParentRunner.java:58)
	at org.junit.runners.ParentRunner$2.evaluate(ParentRunner.java:268)
	at org.springframework.test.context.junit4.statements.RunBeforeTestClassCallbacks.evaluate(RunBeforeTestClassCallbacks.java:61)
	at org.springframework.test.context.junit4.statements.RunAfterTestClassCallbacks.evaluate(RunAfterTestClassCallbacks.java:70)
	at org.junit.runners.ParentRunner.run(ParentRunner.java:363)
	at org.springframework.test.context.junit4.SpringJUnit4ClassRunner.run(SpringJUnit4ClassRunner.java:191)
	at org.apache.maven.surefire.junit4.JUnit4Provider.execute(JUnit4Provider.java:252)
	at org.apache.maven.surefire.junit4.JUnit4Provider.executeTestSet(JUnit4Provider.java:141)
	at org.apache.maven.surefire.junit4.JUnit4Provider.invoke(JUnit4Provider.java:112)
	at sun.reflect.NativeMethodAccessorImpl.invoke0(Native Method)
	at sun.reflect.NativeMethodAccessorImpl.invoke(NativeMethodAccessorImpl.java:62)
	at sun.reflect.DelegatingMethodAccessorImpl.invoke(DelegatingMethodAccessorImpl.java:43)
	at java.lang.reflect.Method.invoke(Method.java:498)
	at org.apache.maven.surefire.util.ReflectionUtils.invokeMethodWithArray(ReflectionUtils.java:189)
	at org.apache.maven.surefire.booter.ProviderFactory$ProviderProxy.invoke(ProviderFactory.java:165)
	at org.apache.maven.surefire.booter.ProviderFactory.invokeProvider(ProviderFactory.java:85)
	at org.apache.maven.surefire.booter.ForkedBooter.runSuitesInProcess(ForkedBooter.java:115)
	at org.apache.maven.surefire.booter.ForkedBooter.main(ForkedBooter.java:75)
Caused by: org.springframework.beans.factory.BeanCreationException: Error creating bean with name &apos;entityManagerFactory&apos; defined in fr.gestion.donnees.SpringConfiguration: Bean instantiation via factory method failed; nested exception is org.springframework.beans.BeanInstantiationException: Failed to instantiate [javax.persistence.EntityManagerFactory]: Factory method &apos;entityManagerFactory&apos; threw exception; nested exception is javax.persistence.PersistenceException: [PersistenceUnit: default] Unable to build Hibernate SessionFactory
	at org.springframework.beans.factory.support.ConstructorResolver.instantiateUsingFactoryMethod(ConstructorResolver.java:599)
	at org.springframework.beans.factory.support.AbstractAutowireCapableBeanFactory.instantiateUsingFactoryMethod(AbstractAutowireCapableBeanFactory.java:1127)
	at org.springframework.beans.factory.support.AbstractAutowireCapableBeanFactory.createBeanInstance(AbstractAutowireCapableBeanFactory.java:1022)
	at org.springframework.beans.factory.support.AbstractAutowireCapableBeanFactory.doCreateBean(AbstractAutowireCapableBeanFactory.java:510)
	at org.springframework.beans.factory.support.AbstractAutowireCapableBeanFactory.createBean(AbstractAutowireCapableBeanFactory.java:482)
	at org.springframework.beans.factory.support.AbstractBeanFactory$1.getObject(AbstractBeanFactory.java:306)
	at org.springframework.beans.factory.support.DefaultSingletonBeanRegistry.getSingleton(DefaultSingletonBeanRegistry.java:230)
	at org.springframework.beans.factory.support.AbstractBeanFactory.doGetBean(AbstractBeanFactory.java:302)
	at org.springframework.beans.factory.support.AbstractBeanFactory.getBean(AbstractBeanFactory.java:197)
	at org.springframework.beans.factory.support.DefaultListableBeanFactory.preInstantiateSingletons(DefaultListableBeanFactory.java:778)
	at org.springframework.context.support.AbstractApplicationContext.finishBeanFactoryInitialization(AbstractApplicationContext.java:839)
	at org.springframework.context.support.AbstractApplicationContext.refresh(AbstractApplicationContext.java:538)
	at org.springframework.test.context.support.AbstractGenericContextLoader.loadContext(AbstractGenericContextLoader.java:128)
	at org.springframework.test.context.support.AbstractGenericContextLoader.loadContext(AbstractGenericContextLoader.java:60)
	at org.springframework.test.context.support.AbstractDelegatingSmartContextLoader.delegateLoading(AbstractDelegatingSmartContextLoader.java:108)
	at org.springframework.test.context.support.AbstractDelegatingSmartContextLoader.loadContext(AbstractDelegatingSmartContextLoader.java:251)
	at org.springframework.test.context.cache.DefaultCacheAwareContextLoaderDelegate.loadContextInternal(DefaultCacheAwareContextLoaderDelegate.java:98)
	at org.springframework.test.context.cache.DefaultCacheAwareContextLoaderDelegate.loadContext(DefaultCacheAwareContextLoaderDelegate.java:116)
	... 31 more
Caused by: org.springframework.beans.BeanInstantiationException: Failed to instantiate [javax.persistence.EntityManagerFactory]: Factory method &apos;entityManagerFactory&apos; threw exception; nested exception is javax.persistence.PersistenceException: [PersistenceUnit: default] Unable to build Hibernate SessionFactory
	at org.springframework.beans.factory.support.SimpleInstantiationStrategy.instantiate(SimpleInstantiationStrategy.java:189)
	at org.springframework.beans.factory.support.ConstructorResolver.instantiateUsingFactoryMethod(ConstructorResolver.java:588)
	... 48 more
Caused by: javax.persistence.PersistenceException: [PersistenceUnit: default] Unable to build Hibernate SessionFactory
	at org.hibernate.jpa.boot.internal.EntityManagerFactoryBuilderImpl.persistenceException(EntityManagerFactoryBuilderImpl.java:954)
	at org.hibernate.jpa.boot.internal.EntityManagerFactoryBuilderImpl.build(EntityManagerFactoryBuilderImpl.java:884)
	at org.springframework.orm.jpa.vendor.SpringHibernateJpaPersistenceProvider.createContainerEntityManagerFactory(SpringHibernateJpaPersistenceProvider.java:60)
	at org.springframework.orm.jpa.LocalContainerEntityManagerFactoryBean.createNativeEntityManagerFactory(LocalContainerEntityManagerFactoryBean.java:340)
	at org.springframework.orm.jpa.AbstractEntityManagerFactoryBean.afterPropertiesSet(AbstractEntityManagerFactoryBean.java:319)
	at fr.gestion.donnees.SpringConfiguration.entityManagerFactory(SpringConfiguration.java:41)
	at fr.gestion.donnees.SpringConfiguration$$EnhancerBySpringCGLIB$$27b4b909.CGLIB$entityManagerFactory$0(&lt;generated&gt;)
	at fr.gestion.donnees.SpringConfiguration$$EnhancerBySpringCGLIB$$27b4b909$$FastClassBySpringCGLIB$$d6371d14.invoke(&lt;generated&gt;)
	at org.springframework.cglib.proxy.MethodProxy.invokeSuper(MethodProxy.java:228)
	at org.springframework.context.annotation.ConfigurationClassEnhancer$BeanMethodInterceptor.intercept(ConfigurationClassEnhancer.java:356)
	at fr.gestion.donnees.SpringConfiguration$$EnhancerBySpringCGLIB$$27b4b909.entityManagerFactory(&lt;generated&gt;)
	at sun.reflect.NativeMethodAccessorImpl.invoke0(Native Method)
	at sun.reflect.NativeMethodAccessorImpl.invoke(NativeMethodAccessorImpl.java:62)
	at sun.reflect.DelegatingMethodAccessorImpl.invoke(DelegatingMethodAccessorImpl.java:43)
	at java.lang.reflect.Method.invoke(Method.java:498)
	at org.springframework.beans.factory.support.SimpleInstantiationStrategy.instantiate(SimpleInstantiationStrategy.java:162)
	... 49 more
Caused by: org.hibernate.MappingException: Could not determine type for: java.util.List, at table: Enseignant, for columns: [org.hibernate.mapping.Column(demandes)]
	at org.hibernate.mapping.SimpleValue.getType(SimpleValue.java:411)
	at org.hibernate.mapping.SimpleValue.isValid(SimpleValue.java:384)
	at org.hibernate.mapping.Property.isValid(Property.java:226)
	at org.hibernate.mapping.PersistentClass.validate(PersistentClass.java:529)
	at org.hibernate.mapping.RootClass.validate(RootClass.java:265)
	at org.hibernate.boot.internal.MetadataImpl.validate(MetadataImpl.java:329)
	at org.hibernate.boot.internal.SessionFactoryBuilderImpl.build(SessionFactoryBuilderImpl.java:464)
	at org.hibernate.jpa.boot.internal.EntityManagerFactoryBuilderImpl.build(EntityManagerFactoryBuilderImpl.java:881)
	... 63 more
</error>
    <system-out>16:38:01.007 [main] DEBUG org.springframework.test.annotation.ProfileValueUtils - Retrieved @ProfileValueSourceConfiguration [null] for test class [fr.gestion.donnees.EnseignantRepositoryTest]
16:38:01.008 [main] DEBUG org.springframework.test.annotation.ProfileValueUtils - Retrieved ProfileValueSource type [class org.springframework.test.annotation.SystemProfileValueSource] for class [fr.gestion.donnees.EnseignantRepositoryTest]
16:38:01.008 [main] DEBUG org.springframework.test.context.support.DependencyInjectionTestExecutionListener - Performing dependency injection for test context [[DefaultTestContext@50b494a6 testClass = EnseignantRepositoryTest, testInstance = fr.gestion.donnees.EnseignantRepositoryTest@49122b8f, testMethod = [null], testException = [null], mergedContextConfiguration = [MergedContextConfiguration@3cef309d testClass = EnseignantRepositoryTest, locations = &apos;{}&apos;, classes = &apos;{class fr.gestion.donnees.SpringConfiguration}&apos;, contextInitializerClasses = &apos;[]&apos;, activeProfiles = &apos;{}&apos;, propertySourceLocations = &apos;{}&apos;, propertySourceProperties = &apos;{}&apos;, contextCustomizers = set[[empty]], contextLoader = &apos;org.springframework.test.context.support.DelegatingSmartContextLoader&apos;, parent = [null]]]].
16:38:01.009 [main] DEBUG org.springframework.test.context.support.AbstractDelegatingSmartContextLoader - Delegating to AnnotationConfigContextLoader to load context from [MergedContextConfiguration@3cef309d testClass = EnseignantRepositoryTest, locations = &apos;{}&apos;, classes = &apos;{class fr.gestion.donnees.SpringConfiguration}&apos;, contextInitializerClasses = &apos;[]&apos;, activeProfiles = &apos;{}&apos;, propertySourceLocations = &apos;{}&apos;, propertySourceProperties = &apos;{}&apos;, contextCustomizers = set[[empty]], contextLoader = &apos;org.springframework.test.context.support.DelegatingSmartContextLoader&apos;, parent = [null]].
16:38:01.009 [main] DEBUG org.springframework.test.context.support.AbstractGenericContextLoader - Loading ApplicationContext for merged context configuration [[MergedContextConfiguration@3cef309d testClass = EnseignantRepositoryTest, locations = &apos;{}&apos;, classes = &apos;{class fr.gestion.donnees.SpringConfiguration}&apos;, contextInitializerClasses = &apos;[]&apos;, activeProfiles = &apos;{}&apos;, propertySourceLocations = &apos;{}&apos;, propertySourceProperties = &apos;{}&apos;, contextCustomizers = set[[empty]], contextLoader = &apos;org.springframework.test.context.support.DelegatingSmartContextLoader&apos;, parent = [null]]].
16:38:01.013 [main] DEBUG org.springframework.core.env.StandardEnvironment - Adding [systemProperties] PropertySource with lowest search precedence
16:38:01.015 [main] DEBUG org.springframework.core.env.StandardEnvironment - Adding [systemEnvironment] PropertySource with lowest search precedence
16:38:01.015 [main] DEBUG org.springframework.core.env.StandardEnvironment - Initialized StandardEnvironment with PropertySources [systemProperties,systemEnvironment]
16:38:01.020 [main] DEBUG org.springframework.test.context.support.AnnotationConfigContextLoader - Registering annotated classes: {class fr.gestion.donnees.SpringConfiguration}
16:38:01.024 [main] INFO org.springframework.context.support.GenericApplicationContext - Refreshing org.springframework.context.support.GenericApplicationContext@3fe46690: startup date [Tue Dec 20 16:38:01 CET 2016]; root of context hierarchy
16:38:01.025 [main] DEBUG org.springframework.context.support.GenericApplicationContext - Bean factory for org.springframework.context.support.GenericApplicationContext@3fe46690: org.springframework.beans.factory.support.DefaultListableBeanFactory@4beabeec: defining beans [org.springframework.context.annotation.internalConfigurationAnnotationProcessor,org.springframework.context.annotation.internalAutowiredAnnotationProcessor,org.springframework.context.annotation.internalRequiredAnnotationProcessor,org.springframework.context.annotation.internalCommonAnnotationProcessor,org.springframework.context.annotation.internalPersistenceAnnotationProcessor,org.springframework.context.event.internalEventListenerProcessor,org.springframework.context.event.internalEventListenerFactory,springConfiguration]; root of factory hierarchy
16:38:01.027 [main] DEBUG org.springframework.beans.factory.support.DefaultListableBeanFactory - Creating shared instance of singleton bean &apos;org.springframework.context.annotation.internalConfigurationAnnotationProcessor&apos;
16:38:01.027 [main] DEBUG org.springframework.beans.factory.support.DefaultListableBeanFactory - Creating instance of bean &apos;org.springframework.context.annotation.internalConfigurationAnnotationProcessor&apos;
16:38:01.027 [main] DEBUG org.springframework.beans.factory.support.DefaultListableBeanFactory - Eagerly caching bean &apos;org.springframework.context.annotation.internalConfigurationAnnotationProcessor&apos; to allow for resolving potential circular references
16:38:01.027 [main] DEBUG org.springframework.beans.factory.support.DefaultListableBeanFactory - Finished creating instance of bean &apos;org.springframework.context.annotation.internalConfigurationAnnotationProcessor&apos;
16:38:01.035 [main] DEBUG org.springframework.core.env.StandardEnvironment - Adding [systemProperties] PropertySource with lowest search precedence
16:38:01.036 [main] DEBUG org.springframework.core.env.StandardEnvironment - Adding [systemEnvironment] PropertySource with lowest search precedence
16:38:01.036 [main] DEBUG org.springframework.core.env.StandardEnvironment - Initialized StandardEnvironment with PropertySources [systemProperties,systemEnvironment]
16:38:01.037 [main] DEBUG org.springframework.core.io.support.PathMatchingResourcePatternResolver - Resolved classpath location [fr/gestion/donnees/] to resources [URL [file:/home/alexis/workspace/Service/target/test-classes/fr/gestion/donnees/], URL [file:/home/alexis/workspace/Service/target/classes/fr/gestion/donnees/]]
16:38:01.037 [main] DEBUG org.springframework.core.io.support.PathMatchingResourcePatternResolver - Looking for matching resources in directory tree [/home/alexis/workspace/Service/target/test-classes/fr/gestion/donnees]
16:38:01.037 [main] DEBUG org.springframework.core.io.support.PathMatchingResourcePatternResolver - Searching directory [/home/alexis/workspace/Service/target/test-classes/fr/gestion/donnees] for files matching pattern [/home/alexis/workspace/Service/target/test-classes/fr/gestion/donnees/**/*.class]
16:38:01.038 [main] DEBUG org.springframework.core.io.support.PathMatchingResourcePatternResolver - Searching directory [/home/alexis/workspace/Service/target/test-classes/fr/gestion/donnees/test] for files matching pattern [/home/alexis/workspace/Service/target/test-classes/fr/gestion/donnees/**/*.class]
16:38:01.038 [main] DEBUG org.springframework.core.io.support.PathMatchingResourcePatternResolver - Looking for matching resources in directory tree [/home/alexis/workspace/Service/target/classes/fr/gestion/donnees]
16:38:01.039 [main] DEBUG org.springframework.core.io.support.PathMatchingResourcePatternResolver - Searching directory [/home/alexis/workspace/Service/target/classes/fr/gestion/donnees] for files matching pattern [/home/alexis/workspace/Service/target/classes/fr/gestion/donnees/**/*.class]
16:38:01.040 [main] DEBUG org.springframework.core.io.support.PathMatchingResourcePatternResolver - Resolved location pattern [classpath*:fr/gestion/donnees/**/*.class] to resources [file [/home/alexis/workspace/Service/target/test-classes/fr/gestion/donnees/EnseignantRepositoryTest.class], file [/home/alexis/workspace/Service/target/test-classes/fr/gestion/donnees/test/DemandeTest.class], file [/home/alexis/workspace/Service/target/test-classes/fr/gestion/donnees/test/EnseignantTest.class], file [/home/alexis/workspace/Service/target/test-classes/fr/gestion/donnees/test/EnseignementTest.class], file [/home/alexis/workspace/Service/target/test-classes/fr/gestion/donnees/test/VoeuTest.class], file [/home/alexis/workspace/Service/target/classes/fr/gestion/donnees/Demande.class], file [/home/alexis/workspace/Service/target/classes/fr/gestion/donnees/DemandeInterventionExterieure.class], file [/home/alexis/workspace/Service/target/classes/fr/gestion/donnees/DemandeSpeciale.class], file [/home/alexis/workspace/Service/target/classes/fr/gestion/donnees/Enseignant.class], file [/home/alexis/workspace/Service/target/classes/fr/gestion/donnees/EnseignantRepository.class], file [/home/alexis/workspace/Service/target/classes/fr/gestion/donnees/Enseignement.class], file [/home/alexis/workspace/Service/target/classes/fr/gestion/donnees/SpringConfiguration.class], file [/home/alexis/workspace/Service/target/classes/fr/gestion/donnees/Voeu.class]]
16:38:01.043 [main] DEBUG org.springframework.context.annotation.ClassPathBeanDefinitionScanner - Ignored because not a concrete top-level class: file [/home/alexis/workspace/Service/target/classes/fr/gestion/donnees/EnseignantRepository.class]
16:38:01.051 [main] DEBUG org.springframework.context.annotation.ConfigurationClassBeanDefinitionReader - Registered bean definition for imported class &apos;org.springframework.transaction.annotation.ProxyTransactionManagementConfiguration&apos;
16:38:01.051 [main] DEBUG org.springframework.context.annotation.ConfigurationClassBeanDefinitionReader - Registering bean definition for @Bean method org.springframework.transaction.annotation.ProxyTransactionManagementConfiguration.org.springframework.transaction.config.internalTransactionAdvisor()
16:38:01.051 [main] DEBUG org.springframework.context.annotation.ConfigurationClassBeanDefinitionReader - Registering bean definition for @Bean method org.springframework.transaction.annotation.ProxyTransactionManagementConfiguration.transactionAttributeSource()
16:38:01.052 [main] DEBUG org.springframework.context.annotation.ConfigurationClassBeanDefinitionReader - Registering bean definition for @Bean method org.springframework.transaction.annotation.ProxyTransactionManagementConfiguration.transactionInterceptor()
16:38:01.052 [main] DEBUG org.springframework.context.annotation.ConfigurationClassBeanDefinitionReader - Registering bean definition for @Bean method org.springframework.transaction.annotation.ProxyTransactionManagementConfiguration.org.springframework.transaction.config.internalTransactionalEventListenerFactory()
16:38:01.052 [main] DEBUG org.springframework.context.annotation.ConfigurationClassBeanDefinitionReader - Registering bean definition for @Bean method fr.gestion.donnees.SpringConfiguration.entityManagerFactory()
16:38:01.053 [main] DEBUG org.springframework.context.annotation.ConfigurationClassBeanDefinitionReader - Registering bean definition for @Bean method fr.gestion.donnees.SpringConfiguration.dataSource()
16:38:01.053 [main] DEBUG org.springframework.context.annotation.ConfigurationClassBeanDefinitionReader - Registering bean definition for @Bean method fr.gestion.donnees.SpringConfiguration.transactionManager()
16:38:01.054 [main] DEBUG org.springframework.context.annotation.ConfigurationClassBeanDefinitionReader - Registering bean definition for @Bean method fr.gestion.donnees.SpringConfiguration.hibernateExceptionTranslator()
16:38:01.056 [main] DEBUG org.springframework.core.env.StandardEnvironment - Adding [systemProperties] PropertySource with lowest search precedence
16:38:01.056 [main] DEBUG org.springframework.core.env.StandardEnvironment - Adding [systemEnvironment] PropertySource with lowest search precedence
16:38:01.057 [main] DEBUG org.springframework.core.env.StandardEnvironment - Initialized StandardEnvironment with PropertySources [systemProperties,systemEnvironment]
16:38:01.057 [main] DEBUG org.springframework.core.io.support.PathMatchingResourcePatternResolver - Resolved classpath location [org/springframework/data/] to resources [URL [jar:file:/home/alexis/.m2/repository/org/springframework/data/spring-data-jpa/1.10.5.RELEASE/spring-data-jpa-1.10.5.RELEASE.jar!/org/springframework/data/], URL [jar:file:/home/alexis/.m2/repository/org/springframework/data/spring-data-commons/1.12.5.RELEASE/spring-data-commons-1.12.5.RELEASE.jar!/org/springframework/data/]]
16:38:01.058 [main] DEBUG org.springframework.core.io.support.PathMatchingResourcePatternResolver - Looking for matching resources in jar file [file:/home/alexis/.m2/repository/org/springframework/data/spring-data-jpa/1.10.5.RELEASE/spring-data-jpa-1.10.5.RELEASE.jar]
16:38:01.061 [main] DEBUG org.springframework.core.io.support.PathMatchingResourcePatternResolver - Looking for matching resources in jar file [file:/home/alexis/.m2/repository/org/springframework/data/spring-data-commons/1.12.5.RELEASE/spring-data-commons-1.12.5.RELEASE.jar]
16:38:01.068 [main] DEBUG org.springframework.core.io.support.PathMatchingResourcePatternResolver - Resolved location pattern [classpath*:org/springframework/data/**/repository/support/**/*.class] to resources [URL [jar:file:/home/alexis/.m2/repository/org/springframework/data/spring-data-jpa/1.10.5.RELEASE/spring-data-jpa-1.10.5.RELEASE.jar!/org/springframework/data/jpa/repository/support/CrudMethodMetadata.class], URL [jar:file:/home/alexis/.m2/repository/org/springframework/data/spring-data-jpa/1.10.5.RELEASE/spring-data-jpa-1.10.5.RELEASE.jar!/org/springframework/data/jpa/repository/support/CrudMethodMetadataPostProcessor$1.class], URL [jar:file:/home/alexis/.m2/repository/org/springframework/data/spring-data-jpa/1.10.5.RELEASE/spring-data-jpa-1.10.5.RELEASE.jar!/org/springframework/data/jpa/repository/support/CrudMethodMetadataPostProcessor$CrudMethodMetadataPopulatingMethodInterceptor.class], URL [jar:file:/home/alexis/.m2/repository/org/springframework/data/spring-data-jpa/1.10.5.RELEASE/spring-data-jpa-1.10.5.RELEASE.jar!/org/springframework/data/jpa/repository/support/CrudMethodMetadataPostProcessor$DefaultCrudMethodMetadata.class], URL [jar:file:/home/alexis/.m2/repository/org/springframework/data/spring-data-jpa/1.10.5.RELEASE/spring-data-jpa-1.10.5.RELEASE.jar!/org/springframework/data/jpa/repository/support/CrudMethodMetadataPostProcessor$ThreadBoundTargetSource.class], URL [jar:file:/home/alexis/.m2/repository/org/springframework/data/spring-data-jpa/1.10.5.RELEASE/spring-data-jpa-1.10.5.RELEASE.jar!/org/springframework/data/jpa/repository/support/CrudMethodMetadataPostProcessor.class], URL [jar:file:/home/alexis/.m2/repository/org/springframework/data/spring-data-jpa/1.10.5.RELEASE/spring-data-jpa-1.10.5.RELEASE.jar!/org/springframework/data/jpa/repository/support/DefaultJpaContext.class], URL [jar:file:/home/alexis/.m2/repository/org/springframework/data/spring-data-jpa/1.10.5.RELEASE/spring-data-jpa-1.10.5.RELEASE.jar!/org/springframework/data/jpa/repository/support/EntityManagerBeanDefinitionRegistrarPostProcessor.class], URL [jar:file:/home/alexis/.m2/repository/org/springframework/data/spring-data-jpa/1.10.5.RELEASE/spring-data-jpa-1.10.5.RELEASE.jar!/org/springframework/data/jpa/repository/support/JpaEntityInformation.class], URL [jar:file:/home/alexis/.m2/repository/org/springframework/data/spring-data-jpa/1.10.5.RELEASE/spring-data-jpa-1.10.5.RELEASE.jar!/org/springframework/data/jpa/repository/support/JpaEntityInformationSupport.class], URL [jar:file:/home/alexis/.m2/repository/org/springframework/data/spring-data-jpa/1.10.5.RELEASE/spring-data-jpa-1.10.5.RELEASE.jar!/org/springframework/data/jpa/repository/support/JpaMetamodelEntityInformation$IdentifierDerivingDirectFieldAccessFallbackBeanWrapper.class], URL [jar:file:/home/alexis/.m2/repository/org/springframework/data/spring-data-jpa/1.10.5.RELEASE/spring-data-jpa-1.10.5.RELEASE.jar!/org/springframework/data/jpa/repository/support/JpaMetamodelEntityInformation$IdMetadata.class], URL [jar:file:/home/alexis/.m2/repository/org/springframework/data/spring-data-jpa/1.10.5.RELEASE/spring-data-jpa-1.10.5.RELEASE.jar!/org/springframework/data/jpa/repository/support/JpaMetamodelEntityInformation.class], URL [jar:file:/home/alexis/.m2/repository/org/springframework/data/spring-data-jpa/1.10.5.RELEASE/spring-data-jpa-1.10.5.RELEASE.jar!/org/springframework/data/jpa/repository/support/JpaPersistableEntityInformation.class], URL [jar:file:/home/alexis/.m2/repository/org/springframework/data/spring-data-jpa/1.10.5.RELEASE/spring-data-jpa-1.10.5.RELEASE.jar!/org/springframework/data/jpa/repository/support/JpaRepositoryFactory.class], URL [jar:file:/home/alexis/.m2/repository/org/springframework/data/spring-data-jpa/1.10.5.RELEASE/spring-data-jpa-1.10.5.RELEASE.jar!/org/springframework/data/jpa/repository/support/JpaRepositoryFactoryBean.class], URL [jar:file:/home/alexis/.m2/repository/org/springframework/data/spring-data-jpa/1.10.5.RELEASE/spring-data-jpa-1.10.5.RELEASE.jar!/org/springframework/data/jpa/repository/support/Querydsl$1.class], URL [jar:file:/home/alexis/.m2/repository/org/springframework/data/spring-data-jpa/1.10.5.RELEASE/spring-data-jpa-1.10.5.RELEASE.jar!/org/springframework/data/jpa/repository/support/Querydsl.class], URL [jar:file:/home/alexis/.m2/repository/org/springframework/data/spring-data-jpa/1.10.5.RELEASE/spring-data-jpa-1.10.5.RELEASE.jar!/org/springframework/data/jpa/repository/support/QueryDslJpaRepository.class], URL [jar:file:/home/alexis/.m2/repository/org/springframework/data/spring-data-jpa/1.10.5.RELEASE/spring-data-jpa-1.10.5.RELEASE.jar!/org/springframework/data/jpa/repository/support/QueryDslRepositorySupport.class], URL [jar:file:/home/alexis/.m2/repository/org/springframework/data/spring-data-jpa/1.10.5.RELEASE/spring-data-jpa-1.10.5.RELEASE.jar!/org/springframework/data/jpa/repository/support/SimpleJpaRepository$ByIdsSpecification.class], URL [jar:file:/home/alexis/.m2/repository/org/springframework/data/spring-data-jpa/1.10.5.RELEASE/spring-data-jpa-1.10.5.RELEASE.jar!/org/springframework/data/jpa/repository/support/SimpleJpaRepository$ExampleSpecification.class], URL [jar:file:/home/alexis/.m2/repository/org/springframework/data/spring-data-jpa/1.10.5.RELEASE/spring-data-jpa-1.10.5.RELEASE.jar!/org/springframework/data/jpa/repository/support/SimpleJpaRepository.class], URL [jar:file:/home/alexis/.m2/repository/org/springframework/data/spring-data-commons/1.12.5.RELEASE/spring-data-commons-1.12.5.RELEASE.jar!/org/springframework/data/repository/support/AnnotationAttribute.class], URL [jar:file:/home/alexis/.m2/repository/org/springframework/data/spring-data-commons/1.12.5.RELEASE/spring-data-commons-1.12.5.RELEASE.jar!/org/springframework/data/repository/support/CrudRepositoryInvoker.class], URL [jar:file:/home/alexis/.m2/repository/org/springframework/data/spring-data-commons/1.12.5.RELEASE/spring-data-commons-1.12.5.RELEASE.jar!/org/springframework/data/repository/support/DefaultRepositoryInvokerFactory.class], URL [jar:file:/home/alexis/.m2/repository/org/springframework/data/spring-data-commons/1.12.5.RELEASE/spring-data-commons-1.12.5.RELEASE.jar!/org/springframework/data/repository/support/DomainClassConverter$ToEntityConverter.class], URL [jar:file:/home/alexis/.m2/repository/org/springframework/data/spring-data-commons/1.12.5.RELEASE/spring-data-commons-1.12.5.RELEASE.jar!/org/springframework/data/repository/support/DomainClassConverter$ToIdConverter.class], URL [jar:file:/home/alexis/.m2/repository/org/springframework/data/spring-data-commons/1.12.5.RELEASE/spring-data-commons-1.12.5.RELEASE.jar!/org/springframework/data/repository/support/DomainClassConverter.class], URL [jar:file:/home/alexis/.m2/repository/org/springframework/data/spring-data-commons/1.12.5.RELEASE/spring-data-commons-1.12.5.RELEASE.jar!/org/springframework/data/repository/support/DomainClassPropertyEditor.class], URL [jar:file:/home/alexis/.m2/repository/org/springframework/data/spring-data-commons/1.12.5.RELEASE/spring-data-commons-1.12.5.RELEASE.jar!/org/springframework/data/repository/support/DomainClassPropertyEditorRegistrar.class], URL [jar:file:/home/alexis/.m2/repository/org/springframework/data/spring-data-commons/1.12.5.RELEASE/spring-data-commons-1.12.5.RELEASE.jar!/org/springframework/data/repository/support/MethodParameters$AnnotationNamingMethodParameter.class], URL [jar:file:/home/alexis/.m2/repository/org/springframework/data/spring-data-commons/1.12.5.RELEASE/spring-data-commons-1.12.5.RELEASE.jar!/org/springframework/data/repository/support/MethodParameters.class], URL [jar:file:/home/alexis/.m2/repository/org/springframework/data/spring-data-commons/1.12.5.RELEASE/spring-data-commons-1.12.5.RELEASE.jar!/org/springframework/data/repository/support/PagingAndSortingRepositoryInvoker.class], URL [jar:file:/home/alexis/.m2/repository/org/springframework/data/spring-data-commons/1.12.5.RELEASE/spring-data-commons-1.12.5.RELEASE.jar!/org/springframework/data/repository/support/QueryMethodParameterConversionException.class], URL [jar:file:/home/alexis/.m2/repository/org/springframework/data/spring-data-commons/1.12.5.RELEASE/spring-data-commons-1.12.5.RELEASE.jar!/org/springframework/data/repository/support/ReflectionRepositoryInvoker.class], URL [jar:file:/home/alexis/.m2/repository/org/springframework/data/spring-data-commons/1.12.5.RELEASE/spring-data-commons-1.12.5.RELEASE.jar!/org/springframework/data/repository/support/Repositories$EmptyRepositoryFactoryInformation.class], URL [jar:file:/home/alexis/.m2/repository/org/springframework/data/spring-data-commons/1.12.5.RELEASE/spring-data-commons-1.12.5.RELEASE.jar!/org/springframework/data/repository/support/Repositories.class], URL [jar:file:/home/alexis/.m2/repository/org/springframework/data/spring-data-commons/1.12.5.RELEASE/spring-data-commons-1.12.5.RELEASE.jar!/org/springframework/data/repository/support/RepositoryInvocationInformation.class], URL [jar:file:/home/alexis/.m2/repository/org/springframework/data/spring-data-commons/1.12.5.RELEASE/spring-data-commons-1.12.5.RELEASE.jar!/org/springframework/data/repository/support/RepositoryInvoker.class], URL [jar:file:/home/alexis/.m2/repository/org/springframework/data/spring-data-commons/1.12.5.RELEASE/spring-data-commons-1.12.5.RELEASE.jar!/org/springframework/data/repository/support/RepositoryInvokerFactory.class]]
16:38:01.084 [main] DEBUG org.springframework.context.annotation.ClassPathScanningCandidateComponentProvider - Identified candidate component class: URL [jar:file:/home/alexis/.m2/repository/org/springframework/data/spring-data-jpa/1.10.5.RELEASE/spring-data-jpa-1.10.5.RELEASE.jar!/org/springframework/data/jpa/repository/support/JpaRepositoryFactory.class]
16:38:01.106 [main] DEBUG org.springframework.core.env.StandardEnvironment - Adding [systemProperties] PropertySource with lowest search precedence
16:38:01.106 [main] DEBUG org.springframework.core.env.StandardEnvironment - Adding [systemEnvironment] PropertySource with lowest search precedence
16:38:01.106 [main] DEBUG org.springframework.core.env.StandardEnvironment - Initialized StandardEnvironment with PropertySources [systemProperties,systemEnvironment]
16:38:01.107 [main] DEBUG org.springframework.core.io.support.PathMatchingResourcePatternResolver - Resolved classpath location [fr/gestion/donnees/] to resources [URL [file:/home/alexis/workspace/Service/target/test-classes/fr/gestion/donnees/], URL [file:/home/alexis/workspace/Service/target/classes/fr/gestion/donnees/]]
16:38:01.107 [main] DEBUG org.springframework.core.io.support.PathMatchingResourcePatternResolver - Looking for matching resources in directory tree [/home/alexis/workspace/Service/target/test-classes/fr/gestion/donnees]
16:38:01.107 [main] DEBUG org.springframework.core.io.support.PathMatchingResourcePatternResolver - Searching directory [/home/alexis/workspace/Service/target/test-classes/fr/gestion/donnees] for files matching pattern [/home/alexis/workspace/Service/target/test-classes/fr/gestion/donnees/**/*.class]
16:38:01.107 [main] DEBUG org.springframework.core.io.support.PathMatchingResourcePatternResolver - Searching directory [/home/alexis/workspace/Service/target/test-classes/fr/gestion/donnees/test] for files matching pattern [/home/alexis/workspace/Service/target/test-classes/fr/gestion/donnees/**/*.class]
16:38:01.108 [main] DEBUG org.springframework.core.io.support.PathMatchingResourcePatternResolver - Looking for matching resources in directory tree [/home/alexis/workspace/Service/target/classes/fr/gestion/donnees]
16:38:01.108 [main] DEBUG org.springframework.core.io.support.PathMatchingResourcePatternResolver - Searching directory [/home/alexis/workspace/Service/target/classes/fr/gestion/donnees] for files matching pattern [/home/alexis/workspace/Service/target/classes/fr/gestion/donnees/**/*.class]
16:38:01.108 [main] DEBUG org.springframework.core.io.support.PathMatchingResourcePatternResolver - Resolved location pattern [classpath*:fr/gestion/donnees/**/*.class] to resources [file [/home/alexis/workspace/Service/target/test-classes/fr/gestion/donnees/EnseignantRepositoryTest.class], file [/home/alexis/workspace/Service/target/test-classes/fr/gestion/donnees/test/DemandeTest.class], file [/home/alexis/workspace/Service/target/test-classes/fr/gestion/donnees/test/EnseignantTest.class], file [/home/alexis/workspace/Service/target/test-classes/fr/gestion/donnees/test/EnseignementTest.class], file [/home/alexis/workspace/Service/target/test-classes/fr/gestion/donnees/test/VoeuTest.class], file [/home/alexis/workspace/Service/target/classes/fr/gestion/donnees/Demande.class], file [/home/alexis/workspace/Service/target/classes/fr/gestion/donnees/DemandeInterventionExterieure.class], file [/home/alexis/workspace/Service/target/classes/fr/gestion/donnees/DemandeSpeciale.class], file [/home/alexis/workspace/Service/target/classes/fr/gestion/donnees/Enseignant.class], file [/home/alexis/workspace/Service/target/classes/fr/gestion/donnees/EnseignantRepository.class], file [/home/alexis/workspace/Service/target/classes/fr/gestion/donnees/Enseignement.class], file [/home/alexis/workspace/Service/target/classes/fr/gestion/donnees/SpringConfiguration.class], file [/home/alexis/workspace/Service/target/classes/fr/gestion/donnees/Voeu.class]]
16:38:01.111 [main] DEBUG org.springframework.data.repository.config.RepositoryComponentProvider - Identified candidate component class: file [/home/alexis/workspace/Service/target/classes/fr/gestion/donnees/EnseignantRepository.class]
16:38:01.114 [main] DEBUG org.springframework.core.env.StandardEnvironment - Adding [systemProperties] PropertySource with lowest search precedence
16:38:01.115 [main] DEBUG org.springframework.core.env.StandardEnvironment - Adding [systemEnvironment] PropertySource with lowest search precedence
16:38:01.115 [main] DEBUG org.springframework.core.env.StandardEnvironment - Initialized StandardEnvironment with PropertySources [systemProperties,systemEnvironment]
16:38:01.115 [main] DEBUG org.springframework.core.io.support.PathMatchingResourcePatternResolver - Resolved classpath location [fr/gestion/donnees/] to resources [URL [file:/home/alexis/workspace/Service/target/test-classes/fr/gestion/donnees/], URL [file:/home/alexis/workspace/Service/target/classes/fr/gestion/donnees/]]
16:38:01.116 [main] DEBUG org.springframework.core.io.support.PathMatchingResourcePatternResolver - Looking for matching resources in directory tree [/home/alexis/workspace/Service/target/test-classes/fr/gestion/donnees]
16:38:01.116 [main] DEBUG org.springframework.core.io.support.PathMatchingResourcePatternResolver - Searching directory [/home/alexis/workspace/Service/target/test-classes/fr/gestion/donnees] for files matching pattern [/home/alexis/workspace/Service/target/test-classes/fr/gestion/donnees/**/*EnseignantRepositoryImpl.class]
16:38:01.116 [main] DEBUG org.springframework.core.io.support.PathMatchingResourcePatternResolver - Searching directory [/home/alexis/workspace/Service/target/test-classes/fr/gestion/donnees/test] for files matching pattern [/home/alexis/workspace/Service/target/test-classes/fr/gestion/donnees/**/*EnseignantRepositoryImpl.class]
16:38:01.116 [main] DEBUG org.springframework.core.io.support.PathMatchingResourcePatternResolver - Looking for matching resources in directory tree [/home/alexis/workspace/Service/target/classes/fr/gestion/donnees]
16:38:01.116 [main] DEBUG org.springframework.core.io.support.PathMatchingResourcePatternResolver - Searching directory [/home/alexis/workspace/Service/target/classes/fr/gestion/donnees] for files matching pattern [/home/alexis/workspace/Service/target/classes/fr/gestion/donnees/**/*EnseignantRepositoryImpl.class]
16:38:01.117 [main] DEBUG org.springframework.core.io.support.PathMatchingResourcePatternResolver - Resolved location pattern [classpath*:fr/gestion/donnees/**/*EnseignantRepositoryImpl.class] to resources []
16:38:01.117 [main] DEBUG org.springframework.data.repository.config.RepositoryConfigurationDelegate - Spring Data JPA - Registering repository: enseignantRepository - Interface: fr.gestion.donnees.EnseignantRepository - Factory: org.springframework.data.jpa.repository.support.JpaRepositoryFactoryBean
16:38:01.121 [main] DEBUG org.springframework.context.annotation.ConfigurationClassEnhancer - Successfully enhanced fr.gestion.donnees.SpringConfiguration; enhanced class name is: fr.gestion.donnees.SpringConfiguration$$EnhancerBySpringCGLIB$$27b4b909
16:38:01.122 [main] DEBUG org.springframework.context.annotation.ConfigurationClassPostProcessor - Replacing bean definition &apos;springConfiguration&apos; existing class &apos;fr.gestion.donnees.SpringConfiguration&apos; with enhanced class &apos;fr.gestion.donnees.SpringConfiguration$$EnhancerBySpringCGLIB$$27b4b909&apos;
16:38:01.133 [main] DEBUG org.springframework.context.annotation.ConfigurationClassEnhancer - Successfully enhanced org.springframework.transaction.annotation.ProxyTransactionManagementConfiguration; enhanced class name is: org.springframework.transaction.annotation.ProxyTransactionManagementConfiguration$$EnhancerBySpringCGLIB$$93ddb188
16:38:01.134 [main] DEBUG org.springframework.context.annotation.ConfigurationClassPostProcessor - Replacing bean definition &apos;org.springframework.transaction.annotation.ProxyTransactionManagementConfiguration&apos; existing class &apos;org.springframework.transaction.annotation.ProxyTransactionManagementConfiguration&apos; with enhanced class &apos;org.springframework.transaction.annotation.ProxyTransactionManagementConfiguration$$EnhancerBySpringCGLIB$$93ddb188&apos;
16:38:01.135 [main] DEBUG org.springframework.beans.factory.support.DefaultListableBeanFactory - Creating shared instance of singleton bean &apos;emBeanDefinitionRegistrarPostProcessor&apos;
16:38:01.135 [main] DEBUG org.springframework.beans.factory.support.DefaultListableBeanFactory - Creating instance of bean &apos;emBeanDefinitionRegistrarPostProcessor&apos;
16:38:01.135 [main] DEBUG org.springframework.beans.factory.support.DefaultListableBeanFactory - Eagerly caching bean &apos;emBeanDefinitionRegistrarPostProcessor&apos; to allow for resolving potential circular references
16:38:01.136 [main] DEBUG org.springframework.beans.factory.support.DefaultListableBeanFactory - Finished creating instance of bean &apos;emBeanDefinitionRegistrarPostProcessor&apos;
16:38:01.138 [main] DEBUG org.springframework.beans.factory.support.DefaultListableBeanFactory - Creating shared instance of singleton bean &apos;org.springframework.context.annotation.internalAutowiredAnnotationProcessor&apos;
16:38:01.141 [main] DEBUG org.springframework.beans.factory.support.DefaultListableBeanFactory - Creating instance of bean &apos;org.springframework.context.annotation.internalAutowiredAnnotationProcessor&apos;
16:38:01.142 [main] DEBUG org.springframework.beans.factory.support.DefaultListableBeanFactory - Eagerly caching bean &apos;org.springframework.context.annotation.internalAutowiredAnnotationProcessor&apos; to allow for resolving potential circular references
16:38:01.145 [main] DEBUG org.springframework.beans.factory.support.DefaultListableBeanFactory - Finished creating instance of bean &apos;org.springframework.context.annotation.internalAutowiredAnnotationProcessor&apos;
16:38:01.145 [main] DEBUG org.springframework.beans.factory.support.DefaultListableBeanFactory - Creating shared instance of singleton bean &apos;org.springframework.context.annotation.internalRequiredAnnotationProcessor&apos;
16:38:01.146 [main] DEBUG org.springframework.beans.factory.support.DefaultListableBeanFactory - Creating instance of bean &apos;org.springframework.context.annotation.internalRequiredAnnotationProcessor&apos;
16:38:01.146 [main] DEBUG org.springframework.beans.factory.support.DefaultListableBeanFactory - Eagerly caching bean &apos;org.springframework.context.annotation.internalRequiredAnnotationProcessor&apos; to allow for resolving potential circular references
16:38:01.146 [main] DEBUG org.springframework.beans.factory.support.DefaultListableBeanFactory - Finished creating instance of bean &apos;org.springframework.context.annotation.internalRequiredAnnotationProcessor&apos;
16:38:01.146 [main] DEBUG org.springframework.beans.factory.support.DefaultListableBeanFactory - Creating shared instance of singleton bean &apos;org.springframework.context.annotation.internalCommonAnnotationProcessor&apos;
16:38:01.146 [main] DEBUG org.springframework.beans.factory.support.DefaultListableBeanFactory - Creating instance of bean &apos;org.springframework.context.annotation.internalCommonAnnotationProcessor&apos;
16:38:01.146 [main] DEBUG org.springframework.beans.factory.support.DefaultListableBeanFactory - Eagerly caching bean &apos;org.springframework.context.annotation.internalCommonAnnotationProcessor&apos; to allow for resolving potential circular references
16:38:01.146 [main] DEBUG org.springframework.beans.factory.support.DefaultListableBeanFactory - Finished creating instance of bean &apos;org.springframework.context.annotation.internalCommonAnnotationProcessor&apos;
16:38:01.147 [main] DEBUG org.springframework.beans.factory.support.DefaultListableBeanFactory - Creating shared instance of singleton bean &apos;org.springframework.context.annotation.internalPersistenceAnnotationProcessor&apos;
16:38:01.148 [main] DEBUG org.springframework.beans.factory.support.DefaultListableBeanFactory - Creating instance of bean &apos;org.springframework.context.annotation.internalPersistenceAnnotationProcessor&apos;
16:38:01.148 [main] DEBUG org.springframework.beans.factory.support.DefaultListableBeanFactory - Eagerly caching bean &apos;org.springframework.context.annotation.internalPersistenceAnnotationProcessor&apos; to allow for resolving potential circular references
16:38:01.148 [main] DEBUG org.springframework.beans.factory.support.DefaultListableBeanFactory - Finished creating instance of bean &apos;org.springframework.context.annotation.internalPersistenceAnnotationProcessor&apos;
16:38:01.148 [main] DEBUG org.springframework.beans.factory.support.DefaultListableBeanFactory - Creating shared instance of singleton bean &apos;org.springframework.context.annotation.ConfigurationClassPostProcessor.importAwareProcessor&apos;
16:38:01.148 [main] DEBUG org.springframework.beans.factory.support.DefaultListableBeanFactory - Creating instance of bean &apos;org.springframework.context.annotation.ConfigurationClassPostProcessor.importAwareProcessor&apos;
16:38:01.148 [main] DEBUG org.springframework.beans.factory.support.DefaultListableBeanFactory - Eagerly caching bean &apos;org.springframework.context.annotation.ConfigurationClassPostProcessor.importAwareProcessor&apos; to allow for resolving potential circular references
16:38:01.148 [main] DEBUG org.springframework.beans.factory.support.DefaultListableBeanFactory - Finished creating instance of bean &apos;org.springframework.context.annotation.ConfigurationClassPostProcessor.importAwareProcessor&apos;
16:38:01.149 [main] DEBUG org.springframework.beans.factory.support.DefaultListableBeanFactory - Creating shared instance of singleton bean &apos;org.springframework.context.annotation.ConfigurationClassPostProcessor.enhancedConfigurationProcessor&apos;
16:38:01.149 [main] DEBUG org.springframework.beans.factory.support.DefaultListableBeanFactory - Creating instance of bean &apos;org.springframework.context.annotation.ConfigurationClassPostProcessor.enhancedConfigurationProcessor&apos;
16:38:01.149 [main] DEBUG org.springframework.beans.factory.support.DefaultListableBeanFactory - Eagerly caching bean &apos;org.springframework.context.annotation.ConfigurationClassPostProcessor.enhancedConfigurationProcessor&apos; to allow for resolving potential circular references
16:38:01.149 [main] DEBUG org.springframework.beans.factory.support.DefaultListableBeanFactory - Finished creating instance of bean &apos;org.springframework.context.annotation.ConfigurationClassPostProcessor.enhancedConfigurationProcessor&apos;
16:38:01.149 [main] DEBUG org.springframework.beans.factory.support.DefaultListableBeanFactory - Creating shared instance of singleton bean &apos;org.springframework.data.repository.core.support.RepositoryFactoryBeanSupport_Predictor&apos;
16:38:01.150 [main] DEBUG org.springframework.beans.factory.support.DefaultListableBeanFactory - Creating instance of bean &apos;org.springframework.data.repository.core.support.RepositoryFactoryBeanSupport_Predictor&apos;
16:38:01.154 [main] DEBUG org.springframework.beans.factory.support.DefaultListableBeanFactory - Eagerly caching bean &apos;org.springframework.data.repository.core.support.RepositoryFactoryBeanSupport_Predictor&apos; to allow for resolving potential circular references
16:38:01.155 [main] DEBUG org.springframework.beans.factory.support.DefaultListableBeanFactory - Finished creating instance of bean &apos;org.springframework.data.repository.core.support.RepositoryFactoryBeanSupport_Predictor&apos;
16:38:01.155 [main] DEBUG org.springframework.beans.factory.support.DefaultListableBeanFactory - Creating shared instance of singleton bean &apos;org.springframework.aop.config.internalAutoProxyCreator&apos;
16:38:01.155 [main] DEBUG org.springframework.beans.factory.support.DefaultListableBeanFactory - Creating instance of bean &apos;org.springframework.aop.config.internalAutoProxyCreator&apos;
16:38:01.156 [main] DEBUG org.springframework.beans.factory.support.DefaultListableBeanFactory - Eagerly caching bean &apos;org.springframework.aop.config.internalAutoProxyCreator&apos; to allow for resolving potential circular references
16:38:01.158 [main] DEBUG org.springframework.beans.factory.support.DefaultListableBeanFactory - Finished creating instance of bean &apos;org.springframework.aop.config.internalAutoProxyCreator&apos;
16:38:01.158 [main] DEBUG org.springframework.context.support.GenericApplicationContext - Unable to locate MessageSource with name &apos;messageSource&apos;: using default [org.springframework.context.support.DelegatingMessageSource@1a2bcd56]
16:38:01.159 [main] DEBUG org.springframework.context.support.GenericApplicationContext - Unable to locate ApplicationEventMulticaster with name &apos;applicationEventMulticaster&apos;: using default [org.springframework.context.event.SimpleApplicationEventMulticaster@68d7a2df]
16:38:01.159 [main] DEBUG org.springframework.beans.factory.support.DefaultListableBeanFactory - Pre-instantiating singletons in org.springframework.beans.factory.support.DefaultListableBeanFactory@4beabeec: defining beans [org.springframework.context.annotation.internalConfigurationAnnotationProcessor,org.springframework.context.annotation.internalAutowiredAnnotationProcessor,org.springframework.context.annotation.internalRequiredAnnotationProcessor,org.springframework.context.annotation.internalCommonAnnotationProcessor,org.springframework.context.annotation.internalPersistenceAnnotationProcessor,org.springframework.context.event.internalEventListenerProcessor,org.springframework.context.event.internalEventListenerFactory,springConfiguration,org.springframework.context.annotation.ConfigurationClassPostProcessor.importAwareProcessor,org.springframework.context.annotation.ConfigurationClassPostProcessor.enhancedConfigurationProcessor,org.springframework.transaction.annotation.ProxyTransactionManagementConfiguration,org.springframework.transaction.config.internalTransactionAdvisor,transactionAttributeSource,transactionInterceptor,org.springframework.transaction.config.internalTransactionalEventListenerFactory,entityManagerFactory,dataSource,transactionManager,hibernateExceptionTranslator,org.springframework.aop.config.internalAutoProxyCreator,org.springframework.data.jpa.repository.config.JpaRepositoryConfigExtension#0,org.springframework.data.repository.core.support.RepositoryFactoryBeanSupport_Predictor,emBeanDefinitionRegistrarPostProcessor,jpaMappingContext,jpaContext,enseignantRepository,org.springframework.orm.jpa.SharedEntityManagerCreator#0]; root of factory hierarchy
16:38:01.159 [main] DEBUG org.springframework.beans.factory.support.DefaultListableBeanFactory - Returning cached instance of singleton bean &apos;org.springframework.context.annotation.internalConfigurationAnnotationProcessor&apos;
16:38:01.160 [main] DEBUG org.springframework.beans.factory.support.DefaultListableBeanFactory - Returning cached instance of singleton bean &apos;org.springframework.context.annotation.internalAutowiredAnnotationProcessor&apos;
16:38:01.160 [main] DEBUG org.springframework.beans.factory.support.DefaultListableBeanFactory - Returning cached instance of singleton bean &apos;org.springframework.context.annotation.internalRequiredAnnotationProcessor&apos;
16:38:01.160 [main] DEBUG org.springframework.beans.factory.support.DefaultListableBeanFactory - Returning cached instance of singleton bean &apos;org.springframework.context.annotation.internalCommonAnnotationProcessor&apos;
16:38:01.160 [main] DEBUG org.springframework.beans.factory.support.DefaultListableBeanFactory - Returning cached instance of singleton bean &apos;org.springframework.context.annotation.internalPersistenceAnnotationProcessor&apos;
16:38:01.160 [main] DEBUG org.springframework.beans.factory.support.DefaultListableBeanFactory - Creating shared instance of singleton bean &apos;org.springframework.context.event.internalEventListenerProcessor&apos;
16:38:01.160 [main] DEBUG org.springframework.beans.factory.support.DefaultListableBeanFactory - Creating instance of bean &apos;org.springframework.context.event.internalEventListenerProcessor&apos;
16:38:01.161 [main] DEBUG org.springframework.beans.factory.support.DefaultListableBeanFactory - Eagerly caching bean &apos;org.springframework.context.event.internalEventListenerProcessor&apos; to allow for resolving potential circular references
16:38:01.162 [main] DEBUG org.springframework.beans.factory.support.DefaultListableBeanFactory - Creating shared instance of singleton bean &apos;org.springframework.transaction.config.internalTransactionAdvisor&apos;
16:38:01.162 [main] DEBUG org.springframework.beans.factory.support.DefaultListableBeanFactory - Creating instance of bean &apos;org.springframework.transaction.config.internalTransactionAdvisor&apos;
16:38:01.162 [main] DEBUG org.springframework.beans.factory.support.DefaultListableBeanFactory - Creating shared instance of singleton bean &apos;org.springframework.transaction.annotation.ProxyTransactionManagementConfiguration&apos;
16:38:01.162 [main] DEBUG org.springframework.beans.factory.support.DefaultListableBeanFactory - Creating instance of bean &apos;org.springframework.transaction.annotation.ProxyTransactionManagementConfiguration&apos;
16:38:01.163 [main] DEBUG org.springframework.beans.factory.annotation.InjectionMetadata - Registered injected element on class [org.springframework.transaction.annotation.ProxyTransactionManagementConfiguration$$EnhancerBySpringCGLIB$$93ddb188]: AutowiredMethodElement for void org.springframework.transaction.annotation.AbstractTransactionManagementConfiguration.setConfigurers(java.util.Collection)
16:38:01.164 [main] DEBUG org.springframework.beans.factory.support.DefaultListableBeanFactory - Eagerly caching bean &apos;org.springframework.transaction.annotation.ProxyTransactionManagementConfiguration&apos; to allow for resolving potential circular references
16:38:01.164 [main] DEBUG org.springframework.beans.factory.annotation.InjectionMetadata - Processing injected element of bean &apos;org.springframework.transaction.annotation.ProxyTransactionManagementConfiguration&apos;: AutowiredMethodElement for void org.springframework.transaction.annotation.AbstractTransactionManagementConfiguration.setConfigurers(java.util.Collection)
16:38:01.165 [main] DEBUG org.springframework.beans.factory.support.DefaultListableBeanFactory - Returning cached instance of singleton bean &apos;org.springframework.context.annotation.ConfigurationClassPostProcessor.importRegistry&apos;
16:38:01.166 [main] DEBUG org.springframework.aop.framework.autoproxy.BeanFactoryAdvisorRetrievalHelper - Skipping currently created advisor &apos;org.springframework.transaction.config.internalTransactionAdvisor&apos;
16:38:01.166 [main] DEBUG org.springframework.beans.factory.support.DefaultListableBeanFactory - Finished creating instance of bean &apos;org.springframework.transaction.annotation.ProxyTransactionManagementConfiguration&apos;
16:38:01.167 [main] DEBUG org.springframework.beans.factory.support.DefaultListableBeanFactory - Creating shared instance of singleton bean &apos;transactionAttributeSource&apos;
16:38:01.167 [main] DEBUG org.springframework.beans.factory.support.DefaultListableBeanFactory - Creating instance of bean &apos;transactionAttributeSource&apos;
16:38:01.168 [main] DEBUG org.springframework.beans.factory.support.DefaultListableBeanFactory - Returning cached instance of singleton bean &apos;org.springframework.transaction.annotation.ProxyTransactionManagementConfiguration&apos;
16:38:01.168 [main] DEBUG org.springframework.beans.factory.support.DefaultListableBeanFactory - Eagerly caching bean &apos;transactionAttributeSource&apos; to allow for resolving potential circular references
16:38:01.169 [main] DEBUG org.springframework.aop.framework.autoproxy.BeanFactoryAdvisorRetrievalHelper - Skipping currently created advisor &apos;org.springframework.transaction.config.internalTransactionAdvisor&apos;
16:38:01.169 [main] DEBUG org.springframework.beans.factory.support.DefaultListableBeanFactory - Finished creating instance of bean &apos;transactionAttributeSource&apos;
16:38:01.169 [main] DEBUG org.springframework.beans.factory.support.DefaultListableBeanFactory - Creating shared instance of singleton bean &apos;transactionInterceptor&apos;
16:38:01.170 [main] DEBUG org.springframework.beans.factory.support.DefaultListableBeanFactory - Creating instance of bean &apos;transactionInterceptor&apos;
16:38:01.170 [main] DEBUG org.springframework.beans.factory.support.DefaultListableBeanFactory - Returning cached instance of singleton bean &apos;org.springframework.transaction.annotation.ProxyTransactionManagementConfiguration&apos;
16:38:01.170 [main] DEBUG org.springframework.beans.factory.support.DefaultListableBeanFactory - Returning cached instance of singleton bean &apos;transactionAttributeSource&apos;
16:38:01.171 [main] DEBUG org.springframework.beans.factory.support.DefaultListableBeanFactory - Eagerly caching bean &apos;transactionInterceptor&apos; to allow for resolving potential circular references
16:38:01.171 [main] DEBUG org.springframework.beans.factory.support.DefaultListableBeanFactory - Invoking afterPropertiesSet() on bean with name &apos;transactionInterceptor&apos;
16:38:01.172 [main] DEBUG org.springframework.beans.factory.support.DefaultListableBeanFactory - Finished creating instance of bean &apos;transactionInterceptor&apos;
16:38:01.172 [main] DEBUG org.springframework.beans.factory.support.DefaultListableBeanFactory - Eagerly caching bean &apos;org.springframework.transaction.config.internalTransactionAdvisor&apos; to allow for resolving potential circular references
16:38:01.173 [main] DEBUG org.springframework.beans.factory.support.DefaultListableBeanFactory - Finished creating instance of bean &apos;org.springframework.transaction.config.internalTransactionAdvisor&apos;
16:38:01.173 [main] DEBUG org.springframework.beans.factory.support.DefaultListableBeanFactory - Finished creating instance of bean &apos;org.springframework.context.event.internalEventListenerProcessor&apos;
16:38:01.173 [main] DEBUG org.springframework.beans.factory.support.DefaultListableBeanFactory - Creating shared instance of singleton bean &apos;org.springframework.context.event.internalEventListenerFactory&apos;
16:38:01.174 [main] DEBUG org.springframework.beans.factory.support.DefaultListableBeanFactory - Creating instance of bean &apos;org.springframework.context.event.internalEventListenerFactory&apos;
16:38:01.175 [main] DEBUG org.springframework.beans.factory.support.DefaultListableBeanFactory - Eagerly caching bean &apos;org.springframework.context.event.internalEventListenerFactory&apos; to allow for resolving potential circular references
16:38:01.175 [main] DEBUG org.springframework.beans.factory.support.DefaultListableBeanFactory - Returning cached instance of singleton bean &apos;org.springframework.transaction.config.internalTransactionAdvisor&apos;
16:38:01.175 [main] DEBUG org.springframework.beans.factory.support.DefaultListableBeanFactory - Finished creating instance of bean &apos;org.springframework.context.event.internalEventListenerFactory&apos;
16:38:01.176 [main] DEBUG org.springframework.beans.factory.support.DefaultListableBeanFactory - Creating shared instance of singleton bean &apos;springConfiguration&apos;
16:38:01.176 [main] DEBUG org.springframework.beans.factory.support.DefaultListableBeanFactory - Creating instance of bean &apos;springConfiguration&apos;
16:38:01.177 [main] DEBUG org.springframework.beans.factory.support.DefaultListableBeanFactory - Eagerly caching bean &apos;springConfiguration&apos; to allow for resolving potential circular references
16:38:01.177 [main] DEBUG org.springframework.beans.factory.support.DefaultListableBeanFactory - Returning cached instance of singleton bean &apos;org.springframework.transaction.config.internalTransactionAdvisor&apos;
16:38:01.178 [main] DEBUG org.springframework.beans.factory.support.DefaultListableBeanFactory - Finished creating instance of bean &apos;springConfiguration&apos;
16:38:01.179 [main] DEBUG org.springframework.beans.factory.support.DefaultListableBeanFactory - Returning cached instance of singleton bean &apos;org.springframework.context.annotation.ConfigurationClassPostProcessor.importAwareProcessor&apos;
16:38:01.179 [main] DEBUG org.springframework.beans.factory.support.DefaultListableBeanFactory - Returning cached instance of singleton bean &apos;org.springframework.context.annotation.ConfigurationClassPostProcessor.enhancedConfigurationProcessor&apos;
16:38:01.179 [main] DEBUG org.springframework.beans.factory.support.DefaultListableBeanFactory - Returning cached instance of singleton bean &apos;org.springframework.transaction.annotation.ProxyTransactionManagementConfiguration&apos;
16:38:01.179 [main] DEBUG org.springframework.beans.factory.support.DefaultListableBeanFactory - Returning cached instance of singleton bean &apos;org.springframework.transaction.config.internalTransactionAdvisor&apos;
16:38:01.179 [main] DEBUG org.springframework.beans.factory.support.DefaultListableBeanFactory - Returning cached instance of singleton bean &apos;transactionAttributeSource&apos;
16:38:01.179 [main] DEBUG org.springframework.beans.factory.support.DefaultListableBeanFactory - Returning cached instance of singleton bean &apos;transactionInterceptor&apos;
16:38:01.179 [main] DEBUG org.springframework.beans.factory.support.DefaultListableBeanFactory - Creating shared instance of singleton bean &apos;org.springframework.transaction.config.internalTransactionalEventListenerFactory&apos;
16:38:01.179 [main] DEBUG org.springframework.beans.factory.support.DefaultListableBeanFactory - Creating instance of bean &apos;org.springframework.transaction.config.internalTransactionalEventListenerFactory&apos;
16:38:01.190 [main] DEBUG org.springframework.beans.factory.support.DefaultListableBeanFactory - Returning cached instance of singleton bean &apos;org.springframework.transaction.annotation.ProxyTransactionManagementConfiguration&apos;
16:38:01.191 [main] DEBUG org.springframework.beans.factory.support.DefaultListableBeanFactory - Eagerly caching bean &apos;org.springframework.transaction.config.internalTransactionalEventListenerFactory&apos; to allow for resolving potential circular references
16:38:01.191 [main] DEBUG org.springframework.beans.factory.support.DefaultListableBeanFactory - Returning cached instance of singleton bean &apos;org.springframework.transaction.config.internalTransactionAdvisor&apos;
16:38:01.193 [main] DEBUG org.springframework.beans.factory.support.DefaultListableBeanFactory - Finished creating instance of bean &apos;org.springframework.transaction.config.internalTransactionalEventListenerFactory&apos;
16:38:01.194 [main] DEBUG org.springframework.beans.factory.support.DefaultListableBeanFactory - Creating shared instance of singleton bean &apos;entityManagerFactory&apos;
16:38:01.194 [main] DEBUG org.springframework.beans.factory.support.DefaultListableBeanFactory - Creating instance of bean &apos;entityManagerFactory&apos;
16:38:01.194 [main] DEBUG org.springframework.beans.factory.support.DefaultListableBeanFactory - Returning cached instance of singleton bean &apos;springConfiguration&apos;
16:38:01.195 [main] DEBUG org.springframework.beans.factory.support.DefaultListableBeanFactory - Creating shared instance of singleton bean &apos;dataSource&apos;
16:38:01.201 [main] DEBUG org.springframework.beans.factory.support.DefaultListableBeanFactory - Creating instance of bean &apos;dataSource&apos;
16:38:01.202 [main] DEBUG org.springframework.beans.factory.support.DefaultListableBeanFactory - Returning cached instance of singleton bean &apos;springConfiguration&apos;
16:38:01.202 [main] INFO org.springframework.jdbc.datasource.embedded.EmbeddedDatabaseFactory - Starting embedded database: url=&apos;jdbc:derby:memory:testdb;create=true&apos;, username=&apos;sa&apos;
16:38:01.203 [main] DEBUG org.springframework.jdbc.datasource.DataSourceUtils - Fetching JDBC Connection from DataSource
16:38:01.203 [main] DEBUG org.springframework.jdbc.datasource.SimpleDriverDataSource - Creating new JDBC Driver Connection to [jdbc:derby:memory:testdb;create=true]
16:38:01.534 [main] DEBUG org.springframework.jdbc.datasource.DataSourceUtils - Returning JDBC Connection to DataSource
16:38:01.535 [main] DEBUG org.springframework.beans.factory.support.DefaultListableBeanFactory - Eagerly caching bean &apos;dataSource&apos; to allow for resolving potential circular references
16:38:01.535 [main] DEBUG org.springframework.beans.factory.support.DefaultListableBeanFactory - Returning cached instance of singleton bean &apos;org.springframework.transaction.config.internalTransactionAdvisor&apos;
16:38:01.536 [main] DEBUG org.springframework.beans.factory.support.DefaultListableBeanFactory - Finished creating instance of bean &apos;dataSource&apos;
16:38:01.536 [main] DEBUG org.springframework.core.io.support.PathMatchingResourcePatternResolver - Resolved classpath location [META-INF/persistence.xml] to resources []
16:38:01.538 [main] DEBUG org.springframework.core.io.support.PathMatchingResourcePatternResolver - Resolved classpath location [fr/gestion/donnees/] to resources [URL [file:/home/alexis/workspace/Service/target/test-classes/fr/gestion/donnees/], URL [file:/home/alexis/workspace/Service/target/classes/fr/gestion/donnees/]]
16:38:01.538 [main] DEBUG org.springframework.core.io.support.PathMatchingResourcePatternResolver - Looking for matching resources in directory tree [/home/alexis/workspace/Service/target/test-classes/fr/gestion/donnees]
16:38:01.538 [main] DEBUG org.springframework.core.io.support.PathMatchingResourcePatternResolver - Searching directory [/home/alexis/workspace/Service/target/test-classes/fr/gestion/donnees] for files matching pattern [/home/alexis/workspace/Service/target/test-classes/fr/gestion/donnees/**/*.class]
16:38:01.539 [main] DEBUG org.springframework.core.io.support.PathMatchingResourcePatternResolver - Searching directory [/home/alexis/workspace/Service/target/test-classes/fr/gestion/donnees/test] for files matching pattern [/home/alexis/workspace/Service/target/test-classes/fr/gestion/donnees/**/*.class]
16:38:01.539 [main] DEBUG org.springframework.core.io.support.PathMatchingResourcePatternResolver - Looking for matching resources in directory tree [/home/alexis/workspace/Service/target/classes/fr/gestion/donnees]
16:38:01.550 [main] DEBUG org.springframework.core.io.support.PathMatchingResourcePatternResolver - Searching directory [/home/alexis/workspace/Service/target/classes/fr/gestion/donnees] for files matching pattern [/home/alexis/workspace/Service/target/classes/fr/gestion/donnees/**/*.class]
16:38:01.551 [main] DEBUG org.springframework.core.io.support.PathMatchingResourcePatternResolver - Resolved location pattern [classpath*:fr/gestion/donnees/**/*.class] to resources [file [/home/alexis/workspace/Service/target/test-classes/fr/gestion/donnees/EnseignantRepositoryTest.class], file [/home/alexis/workspace/Service/target/test-classes/fr/gestion/donnees/test/DemandeTest.class], file [/home/alexis/workspace/Service/target/test-classes/fr/gestion/donnees/test/EnseignantTest.class], file [/home/alexis/workspace/Service/target/test-classes/fr/gestion/donnees/test/EnseignementTest.class], file [/home/alexis/workspace/Service/target/test-classes/fr/gestion/donnees/test/VoeuTest.class], file [/home/alexis/workspace/Service/target/classes/fr/gestion/donnees/Demande.class], file [/home/alexis/workspace/Service/target/classes/fr/gestion/donnees/DemandeInterventionExterieure.class], file [/home/alexis/workspace/Service/target/classes/fr/gestion/donnees/DemandeSpeciale.class], file [/home/alexis/workspace/Service/target/classes/fr/gestion/donnees/Enseignant.class], file [/home/alexis/workspace/Service/target/classes/fr/gestion/donnees/EnseignantRepository.class], file [/home/alexis/workspace/Service/target/classes/fr/gestion/donnees/Enseignement.class], file [/home/alexis/workspace/Service/target/classes/fr/gestion/donnees/SpringConfiguration.class], file [/home/alexis/workspace/Service/target/classes/fr/gestion/donnees/Voeu.class]]
16:38:01.554 [main] INFO org.springframework.orm.jpa.LocalContainerEntityManagerFactoryBean - Building JPA container EntityManagerFactory for persistence unit &apos;default&apos;
16:38:01.573 [main] DEBUG org.springframework.jdbc.datasource.SimpleDriverDataSource - Creating new JDBC Driver Connection to [jdbc:derby:memory:testdb;create=true]
16:38:01.788 [main] WARN org.springframework.context.support.GenericApplicationContext - Exception encountered during context initialization - cancelling refresh attempt: org.springframework.beans.factory.BeanCreationException: Error creating bean with name &apos;entityManagerFactory&apos; defined in fr.gestion.donnees.SpringConfiguration: Bean instantiation via factory method failed; nested exception is org.springframework.beans.BeanInstantiationException: Failed to instantiate [javax.persistence.EntityManagerFactory]: Factory method &apos;entityManagerFactory&apos; threw exception; nested exception is javax.persistence.PersistenceException: [PersistenceUnit: default] Unable to build Hibernate SessionFactory
16:38:01.790 [main] DEBUG org.springframework.beans.factory.support.DefaultListableBeanFactory - Destroying singletons in org.springframework.beans.factory.support.DefaultListableBeanFactory@4beabeec: defining beans [org.springframework.context.annotation.internalConfigurationAnnotationProcessor,org.springframework.context.annotation.internalAutowiredAnnotationProcessor,org.springframework.context.annotation.internalRequiredAnnotationProcessor,org.springframework.context.annotation.internalCommonAnnotationProcessor,org.springframework.context.annotation.internalPersistenceAnnotationProcessor,org.springframework.context.event.internalEventListenerProcessor,org.springframework.context.event.internalEventListenerFactory,springConfiguration,org.springframework.context.annotation.ConfigurationClassPostProcessor.importAwareProcessor,org.springframework.context.annotation.ConfigurationClassPostProcessor.enhancedConfigurationProcessor,org.springframework.transaction.annotation.ProxyTransactionManagementConfiguration,org.springframework.transaction.config.internalTransactionAdvisor,transactionAttributeSource,transactionInterceptor,org.springframework.transaction.config.internalTransactionalEventListenerFactory,entityManagerFactory,dataSource,transactionManager,hibernateExceptionTranslator,org.springframework.aop.config.internalAutoProxyCreator,org.springframework.data.jpa.repository.config.JpaRepositoryConfigExtension#0,org.springframework.data.repository.core.support.RepositoryFactoryBeanSupport_Predictor,emBeanDefinitionRegistrarPostProcessor,jpaMappingContext,jpaContext,enseignantRepository,org.springframework.orm.jpa.SharedEntityManagerCreator#0]; root of factory hierarchy
16:38:01.790 [main] DEBUG org.springframework.beans.factory.support.DisposableBeanAdapter - Invoking destroy method &apos;shutdown&apos; on bean with name &apos;dataSource&apos;
16:38:01.791 [main] INFO org.springframework.jdbc.datasource.embedded.EmbeddedDatabaseFactory - Shutting down embedded database: url=&apos;jdbc:derby:memory:testdb;create=true&apos;
16:38:02.301 [main] ERROR org.springframework.test.context.TestContextManager - Caught exception while allowing TestExecutionListener [org.springframework.test.context.support.DependencyInjectionTestExecutionListener@3dd4520b] to prepare test instance [fr.gestion.donnees.EnseignantRepositoryTest@49122b8f]
java.lang.IllegalStateException: Failed to load ApplicationContext
	at org.springframework.test.context.cache.DefaultCacheAwareContextLoaderDelegate.loadContext(DefaultCacheAwareContextLoaderDelegate.java:124)
	at org.springframework.test.context.support.DefaultTestContext.getApplicationContext(DefaultTestContext.java:83)
	at org.springframework.test.context.support.DependencyInjectionTestExecutionListener.injectDependencies(DependencyInjectionTestExecutionListener.java:117)
	at org.springframework.test.context.support.DependencyInjectionTestExecutionListener.prepareTestInstance(DependencyInjectionTestExecutionListener.java:83)
	at org.springframework.test.context.TestContextManager.prepareTestInstance(TestContextManager.java:230)
	at org.springframework.test.context.junit4.SpringJUnit4ClassRunner.createTest(SpringJUnit4ClassRunner.java:228)
	at org.springframework.test.context.junit4.SpringJUnit4ClassRunner$1.runReflectiveCall(SpringJUnit4ClassRunner.java:287)
	at org.junit.internal.runners.model.ReflectiveCallable.run(ReflectiveCallable.java:12)
	at org.springframework.test.context.junit4.SpringJUnit4ClassRunner.methodBlock(SpringJUnit4ClassRunner.java:289)
	at org.springframework.test.context.junit4.SpringJUnit4ClassRunner.runChild(SpringJUnit4ClassRunner.java:247)
	at org.springframework.test.context.junit4.SpringJUnit4ClassRunner.runChild(SpringJUnit4ClassRunner.java:94)
	at org.junit.runners.ParentRunner$3.run(ParentRunner.java:290)
	at org.junit.runners.ParentRunner$1.schedule(ParentRunner.java:71)
	at org.junit.runners.ParentRunner.runChildren(ParentRunner.java:288)
	at org.junit.runners.ParentRunner.access$000(ParentRunner.java:58)
	at org.junit.runners.ParentRunner$2.evaluate(ParentRunner.java:268)
	at org.springframework.test.context.junit4.statements.RunBeforeTestClassCallbacks.evaluate(RunBeforeTestClassCallbacks.java:61)
	at org.springframework.test.context.junit4.statements.RunAfterTestClassCallbacks.evaluate(RunAfterTestClassCallbacks.java:70)
	at org.junit.runners.ParentRunner.run(ParentRunner.java:363)
	at org.springframework.test.context.junit4.SpringJUnit4ClassRunner.run(SpringJUnit4ClassRunner.java:191)
	at org.apache.maven.surefire.junit4.JUnit4Provider.execute(JUnit4Provider.java:252)
	at org.apache.maven.surefire.junit4.JUnit4Provider.executeTestSet(JUnit4Provider.java:141)
	at org.apache.maven.surefire.junit4.JUnit4Provider.invoke(JUnit4Provider.java:112)
	at sun.reflect.NativeMethodAccessorImpl.invoke0(Native Method)
	at sun.reflect.NativeMethodAccessorImpl.invoke(NativeMethodAccessorImpl.java:62)
	at sun.reflect.DelegatingMethodAccessorImpl.invoke(DelegatingMethodAccessorImpl.java:43)
	at java.lang.reflect.Method.invoke(Method.java:498)
	at org.apache.maven.surefire.util.ReflectionUtils.invokeMethodWithArray(ReflectionUtils.java:189)
	at org.apache.maven.surefire.booter.ProviderFactory$ProviderProxy.invoke(ProviderFactory.java:165)
	at org.apache.maven.surefire.booter.ProviderFactory.invokeProvider(ProviderFactory.java:85)
	at org.apache.maven.surefire.booter.ForkedBooter.runSuitesInProcess(ForkedBooter.java:115)
	at org.apache.maven.surefire.booter.ForkedBooter.main(ForkedBooter.java:75)
Caused by: org.springframework.beans.factory.BeanCreationException: Error creating bean with name &apos;entityManagerFactory&apos; defined in fr.gestion.donnees.SpringConfiguration: Bean instantiation via factory method failed; nested exception is org.springframework.beans.BeanInstantiationException: Failed to instantiate [javax.persistence.EntityManagerFactory]: Factory method &apos;entityManagerFactory&apos; threw exception; nested exception is javax.persistence.PersistenceException: [PersistenceUnit: default] Unable to build Hibernate SessionFactory
	at org.springframework.beans.factory.support.ConstructorResolver.instantiateUsingFactoryMethod(ConstructorResolver.java:599)
	at org.springframework.beans.factory.support.AbstractAutowireCapableBeanFactory.instantiateUsingFactoryMethod(AbstractAutowireCapableBeanFactory.java:1127)
	at org.springframework.beans.factory.support.AbstractAutowireCapableBeanFactory.createBeanInstance(AbstractAutowireCapableBeanFactory.java:1022)
	at org.springframework.beans.factory.support.AbstractAutowireCapableBeanFactory.doCreateBean(AbstractAutowireCapableBeanFactory.java:510)
	at org.springframework.beans.factory.support.AbstractAutowireCapableBeanFactory.createBean(AbstractAutowireCapableBeanFactory.java:482)
	at org.springframework.beans.factory.support.AbstractBeanFactory$1.getObject(AbstractBeanFactory.java:306)
	at org.springframework.beans.factory.support.DefaultSingletonBeanRegistry.getSingleton(DefaultSingletonBeanRegistry.java:230)
	at org.springframework.beans.factory.support.AbstractBeanFactory.doGetBean(AbstractBeanFactory.java:302)
	at org.springframework.beans.factory.support.AbstractBeanFactory.getBean(AbstractBeanFactory.java:197)
	at org.springframework.beans.factory.support.DefaultListableBeanFactory.preInstantiateSingletons(DefaultListableBeanFactory.java:778)
	at org.springframework.context.support.AbstractApplicationContext.finishBeanFactoryInitialization(AbstractApplicationContext.java:839)
	at org.springframework.context.support.AbstractApplicationContext.refresh(AbstractApplicationContext.java:538)
	at org.springframework.test.context.support.AbstractGenericContextLoader.loadContext(AbstractGenericContextLoader.java:128)
	at org.springframework.test.context.support.AbstractGenericContextLoader.loadContext(AbstractGenericContextLoader.java:60)
	at org.springframework.test.context.support.AbstractDelegatingSmartContextLoader.delegateLoading(AbstractDelegatingSmartContextLoader.java:108)
	at org.springframework.test.context.support.AbstractDelegatingSmartContextLoader.loadContext(AbstractDelegatingSmartContextLoader.java:251)
	at org.springframework.test.context.cache.DefaultCacheAwareContextLoaderDelegate.loadContextInternal(DefaultCacheAwareContextLoaderDelegate.java:98)
	at org.springframework.test.context.cache.DefaultCacheAwareContextLoaderDelegate.loadContext(DefaultCacheAwareContextLoaderDelegate.java:116)
	... 31 common frames omitted
Caused by: org.springframework.beans.BeanInstantiationException: Failed to instantiate [javax.persistence.EntityManagerFactory]: Factory method &apos;entityManagerFactory&apos; threw exception; nested exception is javax.persistence.PersistenceException: [PersistenceUnit: default] Unable to build Hibernate SessionFactory
	at org.springframework.beans.factory.support.SimpleInstantiationStrategy.instantiate(SimpleInstantiationStrategy.java:189)
	at org.springframework.beans.factory.support.ConstructorResolver.instantiateUsingFactoryMethod(ConstructorResolver.java:588)
	... 48 common frames omitted
Caused by: javax.persistence.PersistenceException: [PersistenceUnit: default] Unable to build Hibernate SessionFactory
	at org.hibernate.jpa.boot.internal.EntityManagerFactoryBuilderImpl.persistenceException(EntityManagerFactoryBuilderImpl.java:954)
	at org.hibernate.jpa.boot.internal.EntityManagerFactoryBuilderImpl.build(EntityManagerFactoryBuilderImpl.java:884)
	at org.springframework.orm.jpa.vendor.SpringHibernateJpaPersistenceProvider.createContainerEntityManagerFactory(SpringHibernateJpaPersistenceProvider.java:60)
	at org.springframework.orm.jpa.LocalContainerEntityManagerFactoryBean.createNativeEntityManagerFactory(LocalContainerEntityManagerFactoryBean.java:340)
	at org.springframework.orm.jpa.AbstractEntityManagerFactoryBean.afterPropertiesSet(AbstractEntityManagerFactoryBean.java:319)
	at fr.gestion.donnees.SpringConfiguration.entityManagerFactory(SpringConfiguration.java:41)
	at fr.gestion.donnees.SpringConfiguration$$EnhancerBySpringCGLIB$$27b4b909.CGLIB$entityManagerFactory$0(&lt;generated&gt;)
	at fr.gestion.donnees.SpringConfiguration$$EnhancerBySpringCGLIB$$27b4b909$$FastClassBySpringCGLIB$$d6371d14.invoke(&lt;generated&gt;)
	at org.springframework.cglib.proxy.MethodProxy.invokeSuper(MethodProxy.java:228)
	at org.springframework.context.annotation.ConfigurationClassEnhancer$BeanMethodInterceptor.intercept(ConfigurationClassEnhancer.java:356)
	at fr.gestion.donnees.SpringConfiguration$$EnhancerBySpringCGLIB$$27b4b909.entityManagerFactory(&lt;generated&gt;)
	at sun.reflect.NativeMethodAccessorImpl.invoke0(Native Method)
	at sun.reflect.NativeMethodAccessorImpl.invoke(NativeMethodAccessorImpl.java:62)
	at sun.reflect.DelegatingMethodAccessorImpl.invoke(DelegatingMethodAccessorImpl.java:43)
	at java.lang.reflect.Method.invoke(Method.java:498)
	at org.springframework.beans.factory.support.SimpleInstantiationStrategy.instantiate(SimpleInstantiationStrategy.java:162)
	... 49 common frames omitted
Caused by: org.hibernate.MappingException: Could not determine type for: java.util.List, at table: Enseignant, for columns: [org.hibernate.mapping.Column(demandes)]
	at org.hibernate.mapping.SimpleValue.getType(SimpleValue.java:411)
	at org.hibernate.mapping.SimpleValue.isValid(SimpleValue.java:384)
	at org.hibernate.mapping.Property.isValid(Property.java:226)
	at org.hibernate.mapping.PersistentClass.validate(PersistentClass.java:529)
	at org.hibernate.mapping.RootClass.validate(RootClass.java:265)
	at org.hibernate.boot.internal.MetadataImpl.validate(MetadataImpl.java:329)
	at org.hibernate.boot.internal.SessionFactoryBuilderImpl.build(SessionFactoryBuilderImpl.java:464)
	at org.hibernate.jpa.boot.internal.EntityManagerFactoryBuilderImpl.build(EntityManagerFactoryBuilderImpl.java:881)
	... 63 common frames omitted
</system-out>
  </testcase>
  <testcase classname="fr.gestion.donnees.EnseignantRepositoryTest" name="createRepository" time="0.002">
    <error message="Failed to load ApplicationContext" type="java.lang.IllegalStateException">java.lang.IllegalStateException: Failed to load ApplicationContext
	at org.springframework.test.context.cache.DefaultCacheAwareContextLoaderDelegate.loadContext(DefaultCacheAwareContextLoaderDelegate.java:124)
	at org.springframework.test.context.support.DefaultTestContext.getApplicationContext(DefaultTestContext.java:83)
	at org.springframework.test.context.support.DependencyInjectionTestExecutionListener.injectDependencies(DependencyInjectionTestExecutionListener.java:117)
	at org.springframework.test.context.support.DependencyInjectionTestExecutionListener.prepareTestInstance(DependencyInjectionTestExecutionListener.java:83)
	at org.springframework.test.context.TestContextManager.prepareTestInstance(TestContextManager.java:230)
	at org.springframework.test.context.junit4.SpringJUnit4ClassRunner.createTest(SpringJUnit4ClassRunner.java:228)
	at org.springframework.test.context.junit4.SpringJUnit4ClassRunner$1.runReflectiveCall(SpringJUnit4ClassRunner.java:287)
	at org.junit.internal.runners.model.ReflectiveCallable.run(ReflectiveCallable.java:12)
	at org.springframework.test.context.junit4.SpringJUnit4ClassRunner.methodBlock(SpringJUnit4ClassRunner.java:289)
	at org.springframework.test.context.junit4.SpringJUnit4ClassRunner.runChild(SpringJUnit4ClassRunner.java:247)
	at org.springframework.test.context.junit4.SpringJUnit4ClassRunner.runChild(SpringJUnit4ClassRunner.java:94)
	at org.junit.runners.ParentRunner$3.run(ParentRunner.java:290)
	at org.junit.runners.ParentRunner$1.schedule(ParentRunner.java:71)
	at org.junit.runners.ParentRunner.runChildren(ParentRunner.java:288)
	at org.junit.runners.ParentRunner.access$000(ParentRunner.java:58)
	at org.junit.runners.ParentRunner$2.evaluate(ParentRunner.java:268)
	at org.springframework.test.context.junit4.statements.RunBeforeTestClassCallbacks.evaluate(RunBeforeTestClassCallbacks.java:61)
	at org.springframework.test.context.junit4.statements.RunAfterTestClassCallbacks.evaluate(RunAfterTestClassCallbacks.java:70)
	at org.junit.runners.ParentRunner.run(ParentRunner.java:363)
	at org.springframework.test.context.junit4.SpringJUnit4ClassRunner.run(SpringJUnit4ClassRunner.java:191)
	at org.apache.maven.surefire.junit4.JUnit4Provider.execute(JUnit4Provider.java:252)
	at org.apache.maven.surefire.junit4.JUnit4Provider.executeTestSet(JUnit4Provider.java:141)
	at org.apache.maven.surefire.junit4.JUnit4Provider.invoke(JUnit4Provider.java:112)
	at sun.reflect.NativeMethodAccessorImpl.invoke0(Native Method)
	at sun.reflect.NativeMethodAccessorImpl.invoke(NativeMethodAccessorImpl.java:62)
	at sun.reflect.DelegatingMethodAccessorImpl.invoke(DelegatingMethodAccessorImpl.java:43)
	at java.lang.reflect.Method.invoke(Method.java:498)
	at org.apache.maven.surefire.util.ReflectionUtils.invokeMethodWithArray(ReflectionUtils.java:189)
	at org.apache.maven.surefire.booter.ProviderFactory$ProviderProxy.invoke(ProviderFactory.java:165)
	at org.apache.maven.surefire.booter.ProviderFactory.invokeProvider(ProviderFactory.java:85)
	at org.apache.maven.surefire.booter.ForkedBooter.runSuitesInProcess(ForkedBooter.java:115)
	at org.apache.maven.surefire.booter.ForkedBooter.main(ForkedBooter.java:75)
Caused by: org.springframework.beans.factory.BeanCreationException: Error creating bean with name &apos;entityManagerFactory&apos; defined in fr.gestion.donnees.SpringConfiguration: Bean instantiation via factory method failed; nested exception is org.springframework.beans.BeanInstantiationException: Failed to instantiate [javax.persistence.EntityManagerFactory]: Factory method &apos;entityManagerFactory&apos; threw exception; nested exception is javax.persistence.PersistenceException: [PersistenceUnit: default] Unable to build Hibernate SessionFactory
	at org.springframework.beans.factory.support.ConstructorResolver.instantiateUsingFactoryMethod(ConstructorResolver.java:599)
	at org.springframework.beans.factory.support.AbstractAutowireCapableBeanFactory.instantiateUsingFactoryMethod(AbstractAutowireCapableBeanFactory.java:1127)
	at org.springframework.beans.factory.support.AbstractAutowireCapableBeanFactory.createBeanInstance(AbstractAutowireCapableBeanFactory.java:1022)
	at org.springframework.beans.factory.support.AbstractAutowireCapableBeanFactory.doCreateBean(AbstractAutowireCapableBeanFactory.java:510)
	at org.springframework.beans.factory.support.AbstractAutowireCapableBeanFactory.createBean(AbstractAutowireCapableBeanFactory.java:482)
	at org.springframework.beans.factory.support.AbstractBeanFactory$1.getObject(AbstractBeanFactory.java:306)
	at org.springframework.beans.factory.support.DefaultSingletonBeanRegistry.getSingleton(DefaultSingletonBeanRegistry.java:230)
	at org.springframework.beans.factory.support.AbstractBeanFactory.doGetBean(AbstractBeanFactory.java:302)
	at org.springframework.beans.factory.support.AbstractBeanFactory.getBean(AbstractBeanFactory.java:197)
	at org.springframework.beans.factory.support.DefaultListableBeanFactory.preInstantiateSingletons(DefaultListableBeanFactory.java:778)
	at org.springframework.context.support.AbstractApplicationContext.finishBeanFactoryInitialization(AbstractApplicationContext.java:839)
	at org.springframework.context.support.AbstractApplicationContext.refresh(AbstractApplicationContext.java:538)
	at org.springframework.test.context.support.AbstractGenericContextLoader.loadContext(AbstractGenericContextLoader.java:128)
	at org.springframework.test.context.support.AbstractGenericContextLoader.loadContext(AbstractGenericContextLoader.java:60)
	at org.springframework.test.context.support.AbstractDelegatingSmartContextLoader.delegateLoading(AbstractDelegatingSmartContextLoader.java:108)
	at org.springframework.test.context.support.AbstractDelegatingSmartContextLoader.loadContext(AbstractDelegatingSmartContextLoader.java:251)
	at org.springframework.test.context.cache.DefaultCacheAwareContextLoaderDelegate.loadContextInternal(DefaultCacheAwareContextLoaderDelegate.java:98)
	at org.springframework.test.context.cache.DefaultCacheAwareContextLoaderDelegate.loadContext(DefaultCacheAwareContextLoaderDelegate.java:116)
	... 31 more
Caused by: org.springframework.beans.BeanInstantiationException: Failed to instantiate [javax.persistence.EntityManagerFactory]: Factory method &apos;entityManagerFactory&apos; threw exception; nested exception is javax.persistence.PersistenceException: [PersistenceUnit: default] Unable to build Hibernate SessionFactory
	at org.springframework.beans.factory.support.SimpleInstantiationStrategy.instantiate(SimpleInstantiationStrategy.java:189)
	at org.springframework.beans.factory.support.ConstructorResolver.instantiateUsingFactoryMethod(ConstructorResolver.java:588)
	... 48 more
Caused by: javax.persistence.PersistenceException: [PersistenceUnit: default] Unable to build Hibernate SessionFactory
	at org.hibernate.jpa.boot.internal.EntityManagerFactoryBuilderImpl.persistenceException(EntityManagerFactoryBuilderImpl.java:954)
	at org.hibernate.jpa.boot.internal.EntityManagerFactoryBuilderImpl.build(EntityManagerFactoryBuilderImpl.java:884)
	at org.springframework.orm.jpa.vendor.SpringHibernateJpaPersistenceProvider.createContainerEntityManagerFactory(SpringHibernateJpaPersistenceProvider.java:60)
	at org.springframework.orm.jpa.LocalContainerEntityManagerFactoryBean.createNativeEntityManagerFactory(LocalContainerEntityManagerFactoryBean.java:340)
	at org.springframework.orm.jpa.AbstractEntityManagerFactoryBean.afterPropertiesSet(AbstractEntityManagerFactoryBean.java:319)
	at fr.gestion.donnees.SpringConfiguration.entityManagerFactory(SpringConfiguration.java:41)
	at fr.gestion.donnees.SpringConfiguration$$EnhancerBySpringCGLIB$$27b4b909.CGLIB$entityManagerFactory$0(&lt;generated&gt;)
	at fr.gestion.donnees.SpringConfiguration$$EnhancerBySpringCGLIB$$27b4b909$$FastClassBySpringCGLIB$$d6371d14.invoke(&lt;generated&gt;)
	at org.springframework.cglib.proxy.MethodProxy.invokeSuper(MethodProxy.java:228)
	at org.springframework.context.annotation.ConfigurationClassEnhancer$BeanMethodInterceptor.intercept(ConfigurationClassEnhancer.java:356)
	at fr.gestion.donnees.SpringConfiguration$$EnhancerBySpringCGLIB$$27b4b909.entityManagerFactory(&lt;generated&gt;)
	at sun.reflect.NativeMethodAccessorImpl.invoke0(Native Method)
	at sun.reflect.NativeMethodAccessorImpl.invoke(NativeMethodAccessorImpl.java:62)
	at sun.reflect.DelegatingMethodAccessorImpl.invoke(DelegatingMethodAccessorImpl.java:43)
	at java.lang.reflect.Method.invoke(Method.java:498)
	at org.springframework.beans.factory.support.SimpleInstantiationStrategy.instantiate(SimpleInstantiationStrategy.java:162)
	... 49 more
Caused by: org.hibernate.MappingException: Could not determine type for: java.util.List, at table: Enseignant, for columns: [org.hibernate.mapping.Column(demandes)]
	at org.hibernate.mapping.SimpleValue.getType(SimpleValue.java:411)
	at org.hibernate.mapping.SimpleValue.isValid(SimpleValue.java:384)
	at org.hibernate.mapping.Property.isValid(Property.java:226)
	at org.hibernate.mapping.PersistentClass.validate(PersistentClass.java:529)
	at org.hibernate.mapping.RootClass.validate(RootClass.java:265)
	at org.hibernate.boot.internal.MetadataImpl.validate(MetadataImpl.java:329)
	at org.hibernate.boot.internal.SessionFactoryBuilderImpl.build(SessionFactoryBuilderImpl.java:464)
	at org.hibernate.jpa.boot.internal.EntityManagerFactoryBuilderImpl.build(EntityManagerFactoryBuilderImpl.java:881)
	... 63 more
</error>
    <system-out>16:38:02.305 [main] DEBUG org.springframework.test.annotation.ProfileValueUtils - Retrieved @ProfileValueSourceConfiguration [null] for test class [fr.gestion.donnees.EnseignantRepositoryTest]
16:38:02.306 [main] DEBUG org.springframework.test.annotation.ProfileValueUtils - Retrieved ProfileValueSource type [class org.springframework.test.annotation.SystemProfileValueSource] for class [fr.gestion.donnees.EnseignantRepositoryTest]
16:38:02.306 [main] DEBUG org.springframework.test.context.support.DependencyInjectionTestExecutionListener - Performing dependency injection for test context [[DefaultTestContext@50b494a6 testClass = EnseignantRepositoryTest, testInstance = fr.gestion.donnees.EnseignantRepositoryTest@354e7004, testMethod = [null], testException = [null], mergedContextConfiguration = [MergedContextConfiguration@3cef309d testClass = EnseignantRepositoryTest, locations = &apos;{}&apos;, classes = &apos;{class fr.gestion.donnees.SpringConfiguration}&apos;, contextInitializerClasses = &apos;[]&apos;, activeProfiles = &apos;{}&apos;, propertySourceLocations = &apos;{}&apos;, propertySourceProperties = &apos;{}&apos;, contextCustomizers = set[[empty]], contextLoader = &apos;org.springframework.test.context.support.DelegatingSmartContextLoader&apos;, parent = [null]]]].
16:38:02.306 [main] DEBUG org.springframework.test.context.support.AbstractDelegatingSmartContextLoader - Delegating to AnnotationConfigContextLoader to load context from [MergedContextConfiguration@3cef309d testClass = EnseignantRepositoryTest, locations = &apos;{}&apos;, classes = &apos;{class fr.gestion.donnees.SpringConfiguration}&apos;, contextInitializerClasses = &apos;[]&apos;, activeProfiles = &apos;{}&apos;, propertySourceLocations = &apos;{}&apos;, propertySourceProperties = &apos;{}&apos;, contextCustomizers = set[[empty]], contextLoader = &apos;org.springframework.test.context.support.DelegatingSmartContextLoader&apos;, parent = [null]].
16:38:02.306 [main] DEBUG org.springframework.test.context.support.AbstractGenericContextLoader - Loading ApplicationContext for merged context configuration [[MergedContextConfiguration@3cef309d testClass = EnseignantRepositoryTest, locations = &apos;{}&apos;, classes = &apos;{class fr.gestion.donnees.SpringConfiguration}&apos;, contextInitializerClasses = &apos;[]&apos;, activeProfiles = &apos;{}&apos;, propertySourceLocations = &apos;{}&apos;, propertySourceProperties = &apos;{}&apos;, contextCustomizers = set[[empty]], contextLoader = &apos;org.springframework.test.context.support.DelegatingSmartContextLoader&apos;, parent = [null]]].
16:38:02.308 [main] DEBUG org.springframework.core.env.StandardEnvironment - Adding [systemProperties] PropertySource with lowest search precedence
16:38:02.309 [main] DEBUG org.springframework.core.env.StandardEnvironment - Adding [systemEnvironment] PropertySource with lowest search precedence
16:38:02.309 [main] DEBUG org.springframework.core.env.StandardEnvironment - Initialized StandardEnvironment with PropertySources [systemProperties,systemEnvironment]
16:38:02.309 [main] DEBUG org.springframework.test.context.support.AnnotationConfigContextLoader - Registering annotated classes: {class fr.gestion.donnees.SpringConfiguration}
16:38:02.311 [main] INFO org.springframework.context.support.GenericApplicationContext - Refreshing org.springframework.context.support.GenericApplicationContext@22ebccb9: startup date [Tue Dec 20 16:38:02 CET 2016]; root of context hierarchy
16:38:02.318 [main] DEBUG org.springframework.context.support.GenericApplicationContext - Bean factory for org.springframework.context.support.GenericApplicationContext@22ebccb9: org.springframework.beans.factory.support.DefaultListableBeanFactory@5875de6a: defining beans [org.springframework.context.annotation.internalConfigurationAnnotationProcessor,org.springframework.context.annotation.internalAutowiredAnnotationProcessor,org.springframework.context.annotation.internalRequiredAnnotationProcessor,org.springframework.context.annotation.internalCommonAnnotationProcessor,org.springframework.context.annotation.internalPersistenceAnnotationProcessor,org.springframework.context.event.internalEventListenerProcessor,org.springframework.context.event.internalEventListenerFactory,springConfiguration]; root of factory hierarchy
16:38:02.319 [main] DEBUG org.springframework.beans.factory.support.DefaultListableBeanFactory - Creating shared instance of singleton bean &apos;org.springframework.context.annotation.internalConfigurationAnnotationProcessor&apos;
16:38:02.319 [main] DEBUG org.springframework.beans.factory.support.DefaultListableBeanFactory - Creating instance of bean &apos;org.springframework.context.annotation.internalConfigurationAnnotationProcessor&apos;
16:38:02.320 [main] DEBUG org.springframework.beans.factory.support.DefaultListableBeanFactory - Eagerly caching bean &apos;org.springframework.context.annotation.internalConfigurationAnnotationProcessor&apos; to allow for resolving potential circular references
16:38:02.320 [main] DEBUG org.springframework.beans.factory.support.DefaultListableBeanFactory - Finished creating instance of bean &apos;org.springframework.context.annotation.internalConfigurationAnnotationProcessor&apos;
16:38:02.328 [main] DEBUG org.springframework.core.env.StandardEnvironment - Adding [systemProperties] PropertySource with lowest search precedence
16:38:02.329 [main] DEBUG org.springframework.core.env.StandardEnvironment - Adding [systemEnvironment] PropertySource with lowest search precedence
16:38:02.329 [main] DEBUG org.springframework.core.env.StandardEnvironment - Initialized StandardEnvironment with PropertySources [systemProperties,systemEnvironment]
16:38:02.330 [main] DEBUG org.springframework.core.io.support.PathMatchingResourcePatternResolver - Resolved classpath location [fr/gestion/donnees/] to resources [URL [file:/home/alexis/workspace/Service/target/test-classes/fr/gestion/donnees/], URL [file:/home/alexis/workspace/Service/target/classes/fr/gestion/donnees/]]
16:38:02.330 [main] DEBUG org.springframework.core.io.support.PathMatchingResourcePatternResolver - Looking for matching resources in directory tree [/home/alexis/workspace/Service/target/test-classes/fr/gestion/donnees]
16:38:02.330 [main] DEBUG org.springframework.core.io.support.PathMatchingResourcePatternResolver - Searching directory [/home/alexis/workspace/Service/target/test-classes/fr/gestion/donnees] for files matching pattern [/home/alexis/workspace/Service/target/test-classes/fr/gestion/donnees/**/*.class]
16:38:02.331 [main] DEBUG org.springframework.core.io.support.PathMatchingResourcePatternResolver - Searching directory [/home/alexis/workspace/Service/target/test-classes/fr/gestion/donnees/test] for files matching pattern [/home/alexis/workspace/Service/target/test-classes/fr/gestion/donnees/**/*.class]
16:38:02.331 [main] DEBUG org.springframework.core.io.support.PathMatchingResourcePatternResolver - Looking for matching resources in directory tree [/home/alexis/workspace/Service/target/classes/fr/gestion/donnees]
16:38:02.332 [main] DEBUG org.springframework.core.io.support.PathMatchingResourcePatternResolver - Searching directory [/home/alexis/workspace/Service/target/classes/fr/gestion/donnees] for files matching pattern [/home/alexis/workspace/Service/target/classes/fr/gestion/donnees/**/*.class]
16:38:02.332 [main] DEBUG org.springframework.core.io.support.PathMatchingResourcePatternResolver - Resolved location pattern [classpath*:fr/gestion/donnees/**/*.class] to resources [file [/home/alexis/workspace/Service/target/test-classes/fr/gestion/donnees/EnseignantRepositoryTest.class], file [/home/alexis/workspace/Service/target/test-classes/fr/gestion/donnees/test/DemandeTest.class], file [/home/alexis/workspace/Service/target/test-classes/fr/gestion/donnees/test/EnseignantTest.class], file [/home/alexis/workspace/Service/target/test-classes/fr/gestion/donnees/test/EnseignementTest.class], file [/home/alexis/workspace/Service/target/test-classes/fr/gestion/donnees/test/VoeuTest.class], file [/home/alexis/workspace/Service/target/classes/fr/gestion/donnees/Demande.class], file [/home/alexis/workspace/Service/target/classes/fr/gestion/donnees/DemandeInterventionExterieure.class], file [/home/alexis/workspace/Service/target/classes/fr/gestion/donnees/DemandeSpeciale.class], file [/home/alexis/workspace/Service/target/classes/fr/gestion/donnees/Enseignant.class], file [/home/alexis/workspace/Service/target/classes/fr/gestion/donnees/EnseignantRepository.class], file [/home/alexis/workspace/Service/target/classes/fr/gestion/donnees/Enseignement.class], file [/home/alexis/workspace/Service/target/classes/fr/gestion/donnees/SpringConfiguration.class], file [/home/alexis/workspace/Service/target/classes/fr/gestion/donnees/Voeu.class]]
16:38:02.335 [main] DEBUG org.springframework.context.annotation.ClassPathBeanDefinitionScanner - Ignored because not a concrete top-level class: file [/home/alexis/workspace/Service/target/classes/fr/gestion/donnees/EnseignantRepository.class]
16:38:02.355 [main] DEBUG org.springframework.context.annotation.ConfigurationClassBeanDefinitionReader - Registered bean definition for imported class &apos;org.springframework.transaction.annotation.ProxyTransactionManagementConfiguration&apos;
16:38:02.355 [main] DEBUG org.springframework.context.annotation.ConfigurationClassBeanDefinitionReader - Registering bean definition for @Bean method org.springframework.transaction.annotation.ProxyTransactionManagementConfiguration.org.springframework.transaction.config.internalTransactionAdvisor()
16:38:02.357 [main] DEBUG org.springframework.context.annotation.ConfigurationClassBeanDefinitionReader - Registering bean definition for @Bean method org.springframework.transaction.annotation.ProxyTransactionManagementConfiguration.transactionAttributeSource()
16:38:02.357 [main] DEBUG org.springframework.context.annotation.ConfigurationClassBeanDefinitionReader - Registering bean definition for @Bean method org.springframework.transaction.annotation.ProxyTransactionManagementConfiguration.transactionInterceptor()
16:38:02.357 [main] DEBUG org.springframework.context.annotation.ConfigurationClassBeanDefinitionReader - Registering bean definition for @Bean method org.springframework.transaction.annotation.ProxyTransactionManagementConfiguration.org.springframework.transaction.config.internalTransactionalEventListenerFactory()
16:38:02.357 [main] DEBUG org.springframework.context.annotation.ConfigurationClassBeanDefinitionReader - Registering bean definition for @Bean method fr.gestion.donnees.SpringConfiguration.entityManagerFactory()
16:38:02.358 [main] DEBUG org.springframework.context.annotation.ConfigurationClassBeanDefinitionReader - Registering bean definition for @Bean method fr.gestion.donnees.SpringConfiguration.dataSource()
16:38:02.358 [main] DEBUG org.springframework.context.annotation.ConfigurationClassBeanDefinitionReader - Registering bean definition for @Bean method fr.gestion.donnees.SpringConfiguration.transactionManager()
16:38:02.360 [main] DEBUG org.springframework.context.annotation.ConfigurationClassBeanDefinitionReader - Registering bean definition for @Bean method fr.gestion.donnees.SpringConfiguration.hibernateExceptionTranslator()
16:38:02.382 [main] DEBUG org.springframework.core.env.StandardEnvironment - Adding [systemProperties] PropertySource with lowest search precedence
16:38:02.390 [main] DEBUG org.springframework.core.env.StandardEnvironment - Adding [systemEnvironment] PropertySource with lowest search precedence
16:38:02.390 [main] DEBUG org.springframework.core.env.StandardEnvironment - Initialized StandardEnvironment with PropertySources [systemProperties,systemEnvironment]
16:38:02.390 [main] DEBUG org.springframework.core.io.support.PathMatchingResourcePatternResolver - Resolved classpath location [org/springframework/data/] to resources [URL [jar:file:/home/alexis/.m2/repository/org/springframework/data/spring-data-jpa/1.10.5.RELEASE/spring-data-jpa-1.10.5.RELEASE.jar!/org/springframework/data/], URL [jar:file:/home/alexis/.m2/repository/org/springframework/data/spring-data-commons/1.12.5.RELEASE/spring-data-commons-1.12.5.RELEASE.jar!/org/springframework/data/]]
16:38:02.391 [main] DEBUG org.springframework.core.io.support.PathMatchingResourcePatternResolver - Looking for matching resources in jar file [file:/home/alexis/.m2/repository/org/springframework/data/spring-data-jpa/1.10.5.RELEASE/spring-data-jpa-1.10.5.RELEASE.jar]
16:38:02.400 [main] DEBUG org.springframework.core.io.support.PathMatchingResourcePatternResolver - Looking for matching resources in jar file [file:/home/alexis/.m2/repository/org/springframework/data/spring-data-commons/1.12.5.RELEASE/spring-data-commons-1.12.5.RELEASE.jar]
16:38:02.405 [main] DEBUG org.springframework.core.io.support.PathMatchingResourcePatternResolver - Resolved location pattern [classpath*:org/springframework/data/**/repository/support/**/*.class] to resources [URL [jar:file:/home/alexis/.m2/repository/org/springframework/data/spring-data-jpa/1.10.5.RELEASE/spring-data-jpa-1.10.5.RELEASE.jar!/org/springframework/data/jpa/repository/support/CrudMethodMetadata.class], URL [jar:file:/home/alexis/.m2/repository/org/springframework/data/spring-data-jpa/1.10.5.RELEASE/spring-data-jpa-1.10.5.RELEASE.jar!/org/springframework/data/jpa/repository/support/CrudMethodMetadataPostProcessor$1.class], URL [jar:file:/home/alexis/.m2/repository/org/springframework/data/spring-data-jpa/1.10.5.RELEASE/spring-data-jpa-1.10.5.RELEASE.jar!/org/springframework/data/jpa/repository/support/CrudMethodMetadataPostProcessor$CrudMethodMetadataPopulatingMethodInterceptor.class], URL [jar:file:/home/alexis/.m2/repository/org/springframework/data/spring-data-jpa/1.10.5.RELEASE/spring-data-jpa-1.10.5.RELEASE.jar!/org/springframework/data/jpa/repository/support/CrudMethodMetadataPostProcessor$DefaultCrudMethodMetadata.class], URL [jar:file:/home/alexis/.m2/repository/org/springframework/data/spring-data-jpa/1.10.5.RELEASE/spring-data-jpa-1.10.5.RELEASE.jar!/org/springframework/data/jpa/repository/support/CrudMethodMetadataPostProcessor$ThreadBoundTargetSource.class], URL [jar:file:/home/alexis/.m2/repository/org/springframework/data/spring-data-jpa/1.10.5.RELEASE/spring-data-jpa-1.10.5.RELEASE.jar!/org/springframework/data/jpa/repository/support/CrudMethodMetadataPostProcessor.class], URL [jar:file:/home/alexis/.m2/repository/org/springframework/data/spring-data-jpa/1.10.5.RELEASE/spring-data-jpa-1.10.5.RELEASE.jar!/org/springframework/data/jpa/repository/support/DefaultJpaContext.class], URL [jar:file:/home/alexis/.m2/repository/org/springframework/data/spring-data-jpa/1.10.5.RELEASE/spring-data-jpa-1.10.5.RELEASE.jar!/org/springframework/data/jpa/repository/support/EntityManagerBeanDefinitionRegistrarPostProcessor.class], URL [jar:file:/home/alexis/.m2/repository/org/springframework/data/spring-data-jpa/1.10.5.RELEASE/spring-data-jpa-1.10.5.RELEASE.jar!/org/springframework/data/jpa/repository/support/JpaEntityInformation.class], URL [jar:file:/home/alexis/.m2/repository/org/springframework/data/spring-data-jpa/1.10.5.RELEASE/spring-data-jpa-1.10.5.RELEASE.jar!/org/springframework/data/jpa/repository/support/JpaEntityInformationSupport.class], URL [jar:file:/home/alexis/.m2/repository/org/springframework/data/spring-data-jpa/1.10.5.RELEASE/spring-data-jpa-1.10.5.RELEASE.jar!/org/springframework/data/jpa/repository/support/JpaMetamodelEntityInformation$IdentifierDerivingDirectFieldAccessFallbackBeanWrapper.class], URL [jar:file:/home/alexis/.m2/repository/org/springframework/data/spring-data-jpa/1.10.5.RELEASE/spring-data-jpa-1.10.5.RELEASE.jar!/org/springframework/data/jpa/repository/support/JpaMetamodelEntityInformation$IdMetadata.class], URL [jar:file:/home/alexis/.m2/repository/org/springframework/data/spring-data-jpa/1.10.5.RELEASE/spring-data-jpa-1.10.5.RELEASE.jar!/org/springframework/data/jpa/repository/support/JpaMetamodelEntityInformation.class], URL [jar:file:/home/alexis/.m2/repository/org/springframework/data/spring-data-jpa/1.10.5.RELEASE/spring-data-jpa-1.10.5.RELEASE.jar!/org/springframework/data/jpa/repository/support/JpaPersistableEntityInformation.class], URL [jar:file:/home/alexis/.m2/repository/org/springframework/data/spring-data-jpa/1.10.5.RELEASE/spring-data-jpa-1.10.5.RELEASE.jar!/org/springframework/data/jpa/repository/support/JpaRepositoryFactory.class], URL [jar:file:/home/alexis/.m2/repository/org/springframework/data/spring-data-jpa/1.10.5.RELEASE/spring-data-jpa-1.10.5.RELEASE.jar!/org/springframework/data/jpa/repository/support/JpaRepositoryFactoryBean.class], URL [jar:file:/home/alexis/.m2/repository/org/springframework/data/spring-data-jpa/1.10.5.RELEASE/spring-data-jpa-1.10.5.RELEASE.jar!/org/springframework/data/jpa/repository/support/Querydsl$1.class], URL [jar:file:/home/alexis/.m2/repository/org/springframework/data/spring-data-jpa/1.10.5.RELEASE/spring-data-jpa-1.10.5.RELEASE.jar!/org/springframework/data/jpa/repository/support/Querydsl.class], URL [jar:file:/home/alexis/.m2/repository/org/springframework/data/spring-data-jpa/1.10.5.RELEASE/spring-data-jpa-1.10.5.RELEASE.jar!/org/springframework/data/jpa/repository/support/QueryDslJpaRepository.class], URL [jar:file:/home/alexis/.m2/repository/org/springframework/data/spring-data-jpa/1.10.5.RELEASE/spring-data-jpa-1.10.5.RELEASE.jar!/org/springframework/data/jpa/repository/support/QueryDslRepositorySupport.class], URL [jar:file:/home/alexis/.m2/repository/org/springframework/data/spring-data-jpa/1.10.5.RELEASE/spring-data-jpa-1.10.5.RELEASE.jar!/org/springframework/data/jpa/repository/support/SimpleJpaRepository$ByIdsSpecification.class], URL [jar:file:/home/alexis/.m2/repository/org/springframework/data/spring-data-jpa/1.10.5.RELEASE/spring-data-jpa-1.10.5.RELEASE.jar!/org/springframework/data/jpa/repository/support/SimpleJpaRepository$ExampleSpecification.class], URL [jar:file:/home/alexis/.m2/repository/org/springframework/data/spring-data-jpa/1.10.5.RELEASE/spring-data-jpa-1.10.5.RELEASE.jar!/org/springframework/data/jpa/repository/support/SimpleJpaRepository.class], URL [jar:file:/home/alexis/.m2/repository/org/springframework/data/spring-data-commons/1.12.5.RELEASE/spring-data-commons-1.12.5.RELEASE.jar!/org/springframework/data/repository/support/AnnotationAttribute.class], URL [jar:file:/home/alexis/.m2/repository/org/springframework/data/spring-data-commons/1.12.5.RELEASE/spring-data-commons-1.12.5.RELEASE.jar!/org/springframework/data/repository/support/CrudRepositoryInvoker.class], URL [jar:file:/home/alexis/.m2/repository/org/springframework/data/spring-data-commons/1.12.5.RELEASE/spring-data-commons-1.12.5.RELEASE.jar!/org/springframework/data/repository/support/DefaultRepositoryInvokerFactory.class], URL [jar:file:/home/alexis/.m2/repository/org/springframework/data/spring-data-commons/1.12.5.RELEASE/spring-data-commons-1.12.5.RELEASE.jar!/org/springframework/data/repository/support/DomainClassConverter$ToEntityConverter.class], URL [jar:file:/home/alexis/.m2/repository/org/springframework/data/spring-data-commons/1.12.5.RELEASE/spring-data-commons-1.12.5.RELEASE.jar!/org/springframework/data/repository/support/DomainClassConverter$ToIdConverter.class], URL [jar:file:/home/alexis/.m2/repository/org/springframework/data/spring-data-commons/1.12.5.RELEASE/spring-data-commons-1.12.5.RELEASE.jar!/org/springframework/data/repository/support/DomainClassConverter.class], URL [jar:file:/home/alexis/.m2/repository/org/springframework/data/spring-data-commons/1.12.5.RELEASE/spring-data-commons-1.12.5.RELEASE.jar!/org/springframework/data/repository/support/DomainClassPropertyEditor.class], URL [jar:file:/home/alexis/.m2/repository/org/springframework/data/spring-data-commons/1.12.5.RELEASE/spring-data-commons-1.12.5.RELEASE.jar!/org/springframework/data/repository/support/DomainClassPropertyEditorRegistrar.class], URL [jar:file:/home/alexis/.m2/repository/org/springframework/data/spring-data-commons/1.12.5.RELEASE/spring-data-commons-1.12.5.RELEASE.jar!/org/springframework/data/repository/support/MethodParameters$AnnotationNamingMethodParameter.class], URL [jar:file:/home/alexis/.m2/repository/org/springframework/data/spring-data-commons/1.12.5.RELEASE/spring-data-commons-1.12.5.RELEASE.jar!/org/springframework/data/repository/support/MethodParameters.class], URL [jar:file:/home/alexis/.m2/repository/org/springframework/data/spring-data-commons/1.12.5.RELEASE/spring-data-commons-1.12.5.RELEASE.jar!/org/springframework/data/repository/support/PagingAndSortingRepositoryInvoker.class], URL [jar:file:/home/alexis/.m2/repository/org/springframework/data/spring-data-commons/1.12.5.RELEASE/spring-data-commons-1.12.5.RELEASE.jar!/org/springframework/data/repository/support/QueryMethodParameterConversionException.class], URL [jar:file:/home/alexis/.m2/repository/org/springframework/data/spring-data-commons/1.12.5.RELEASE/spring-data-commons-1.12.5.RELEASE.jar!/org/springframework/data/repository/support/ReflectionRepositoryInvoker.class], URL [jar:file:/home/alexis/.m2/repository/org/springframework/data/spring-data-commons/1.12.5.RELEASE/spring-data-commons-1.12.5.RELEASE.jar!/org/springframework/data/repository/support/Repositories$EmptyRepositoryFactoryInformation.class], URL [jar:file:/home/alexis/.m2/repository/org/springframework/data/spring-data-commons/1.12.5.RELEASE/spring-data-commons-1.12.5.RELEASE.jar!/org/springframework/data/repository/support/Repositories.class], URL [jar:file:/home/alexis/.m2/repository/org/springframework/data/spring-data-commons/1.12.5.RELEASE/spring-data-commons-1.12.5.RELEASE.jar!/org/springframework/data/repository/support/RepositoryInvocationInformation.class], URL [jar:file:/home/alexis/.m2/repository/org/springframework/data/spring-data-commons/1.12.5.RELEASE/spring-data-commons-1.12.5.RELEASE.jar!/org/springframework/data/repository/support/RepositoryInvoker.class], URL [jar:file:/home/alexis/.m2/repository/org/springframework/data/spring-data-commons/1.12.5.RELEASE/spring-data-commons-1.12.5.RELEASE.jar!/org/springframework/data/repository/support/RepositoryInvokerFactory.class]]
16:38:02.462 [main] DEBUG org.springframework.context.annotation.ClassPathScanningCandidateComponentProvider - Identified candidate component class: URL [jar:file:/home/alexis/.m2/repository/org/springframework/data/spring-data-jpa/1.10.5.RELEASE/spring-data-jpa-1.10.5.RELEASE.jar!/org/springframework/data/jpa/repository/support/JpaRepositoryFactory.class]
16:38:02.532 [main] DEBUG org.springframework.core.env.StandardEnvironment - Adding [systemProperties] PropertySource with lowest search precedence
16:38:02.536 [main] DEBUG org.springframework.core.env.StandardEnvironment - Adding [systemEnvironment] PropertySource with lowest search precedence
16:38:02.536 [main] DEBUG org.springframework.core.env.StandardEnvironment - Initialized StandardEnvironment with PropertySources [systemProperties,systemEnvironment]
16:38:02.538 [main] DEBUG org.springframework.core.io.support.PathMatchingResourcePatternResolver - Resolved classpath location [fr/gestion/donnees/] to resources [URL [file:/home/alexis/workspace/Service/target/test-classes/fr/gestion/donnees/], URL [file:/home/alexis/workspace/Service/target/classes/fr/gestion/donnees/]]
16:38:02.538 [main] DEBUG org.springframework.core.io.support.PathMatchingResourcePatternResolver - Looking for matching resources in directory tree [/home/alexis/workspace/Service/target/test-classes/fr/gestion/donnees]
16:38:02.539 [main] DEBUG org.springframework.core.io.support.PathMatchingResourcePatternResolver - Searching directory [/home/alexis/workspace/Service/target/test-classes/fr/gestion/donnees] for files matching pattern [/home/alexis/workspace/Service/target/test-classes/fr/gestion/donnees/**/*.class]
16:38:02.540 [main] DEBUG org.springframework.core.io.support.PathMatchingResourcePatternResolver - Searching directory [/home/alexis/workspace/Service/target/test-classes/fr/gestion/donnees/test] for files matching pattern [/home/alexis/workspace/Service/target/test-classes/fr/gestion/donnees/**/*.class]
16:38:02.541 [main] DEBUG org.springframework.core.io.support.PathMatchingResourcePatternResolver - Looking for matching resources in directory tree [/home/alexis/workspace/Service/target/classes/fr/gestion/donnees]
16:38:02.546 [main] DEBUG org.springframework.core.io.support.PathMatchingResourcePatternResolver - Searching directory [/home/alexis/workspace/Service/target/classes/fr/gestion/donnees] for files matching pattern [/home/alexis/workspace/Service/target/classes/fr/gestion/donnees/**/*.class]
16:38:02.546 [main] DEBUG org.springframework.core.io.support.PathMatchingResourcePatternResolver - Resolved location pattern [classpath*:fr/gestion/donnees/**/*.class] to resources [file [/home/alexis/workspace/Service/target/test-classes/fr/gestion/donnees/EnseignantRepositoryTest.class], file [/home/alexis/workspace/Service/target/test-classes/fr/gestion/donnees/test/DemandeTest.class], file [/home/alexis/workspace/Service/target/test-classes/fr/gestion/donnees/test/EnseignantTest.class], file [/home/alexis/workspace/Service/target/test-classes/fr/gestion/donnees/test/EnseignementTest.class], file [/home/alexis/workspace/Service/target/test-classes/fr/gestion/donnees/test/VoeuTest.class], file [/home/alexis/workspace/Service/target/classes/fr/gestion/donnees/Demande.class], file [/home/alexis/workspace/Service/target/classes/fr/gestion/donnees/DemandeInterventionExterieure.class], file [/home/alexis/workspace/Service/target/classes/fr/gestion/donnees/DemandeSpeciale.class], file [/home/alexis/workspace/Service/target/classes/fr/gestion/donnees/Enseignant.class], file [/home/alexis/workspace/Service/target/classes/fr/gestion/donnees/EnseignantRepository.class], file [/home/alexis/workspace/Service/target/classes/fr/gestion/donnees/Enseignement.class], file [/home/alexis/workspace/Service/target/classes/fr/gestion/donnees/SpringConfiguration.class], file [/home/alexis/workspace/Service/target/classes/fr/gestion/donnees/Voeu.class]]
16:38:02.550 [main] DEBUG org.springframework.data.repository.config.RepositoryComponentProvider - Identified candidate component class: file [/home/alexis/workspace/Service/target/classes/fr/gestion/donnees/EnseignantRepository.class]
16:38:02.560 [main] DEBUG org.springframework.core.env.StandardEnvironment - Adding [systemProperties] PropertySource with lowest search precedence
16:38:02.561 [main] DEBUG org.springframework.core.env.StandardEnvironment - Adding [systemEnvironment] PropertySource with lowest search precedence
16:38:02.561 [main] DEBUG org.springframework.core.env.StandardEnvironment - Initialized StandardEnvironment with PropertySources [systemProperties,systemEnvironment]
16:38:02.561 [main] DEBUG org.springframework.core.io.support.PathMatchingResourcePatternResolver - Resolved classpath location [fr/gestion/donnees/] to resources [URL [file:/home/alexis/workspace/Service/target/test-classes/fr/gestion/donnees/], URL [file:/home/alexis/workspace/Service/target/classes/fr/gestion/donnees/]]
16:38:02.561 [main] DEBUG org.springframework.core.io.support.PathMatchingResourcePatternResolver - Looking for matching resources in directory tree [/home/alexis/workspace/Service/target/test-classes/fr/gestion/donnees]
16:38:02.562 [main] DEBUG org.springframework.core.io.support.PathMatchingResourcePatternResolver - Searching directory [/home/alexis/workspace/Service/target/test-classes/fr/gestion/donnees] for files matching pattern [/home/alexis/workspace/Service/target/test-classes/fr/gestion/donnees/**/*EnseignantRepositoryImpl.class]
16:38:02.562 [main] DEBUG org.springframework.core.io.support.PathMatchingResourcePatternResolver - Searching directory [/home/alexis/workspace/Service/target/test-classes/fr/gestion/donnees/test] for files matching pattern [/home/alexis/workspace/Service/target/test-classes/fr/gestion/donnees/**/*EnseignantRepositoryImpl.class]
16:38:02.562 [main] DEBUG org.springframework.core.io.support.PathMatchingResourcePatternResolver - Looking for matching resources in directory tree [/home/alexis/workspace/Service/target/classes/fr/gestion/donnees]
16:38:02.562 [main] DEBUG org.springframework.core.io.support.PathMatchingResourcePatternResolver - Searching directory [/home/alexis/workspace/Service/target/classes/fr/gestion/donnees] for files matching pattern [/home/alexis/workspace/Service/target/classes/fr/gestion/donnees/**/*EnseignantRepositoryImpl.class]
16:38:02.563 [main] DEBUG org.springframework.core.io.support.PathMatchingResourcePatternResolver - Resolved location pattern [classpath*:fr/gestion/donnees/**/*EnseignantRepositoryImpl.class] to resources []
16:38:02.563 [main] DEBUG org.springframework.data.repository.config.RepositoryConfigurationDelegate - Spring Data JPA - Registering repository: enseignantRepository - Interface: fr.gestion.donnees.EnseignantRepository - Factory: org.springframework.data.jpa.repository.support.JpaRepositoryFactoryBean
16:38:02.565 [main] DEBUG org.springframework.context.annotation.ConfigurationClassEnhancer - Successfully enhanced fr.gestion.donnees.SpringConfiguration; enhanced class name is: fr.gestion.donnees.SpringConfiguration$$EnhancerBySpringCGLIB$$27b4b909
16:38:02.569 [main] DEBUG org.springframework.context.annotation.ConfigurationClassPostProcessor - Replacing bean definition &apos;springConfiguration&apos; existing class &apos;fr.gestion.donnees.SpringConfiguration&apos; with enhanced class &apos;fr.gestion.donnees.SpringConfiguration$$EnhancerBySpringCGLIB$$27b4b909&apos;
16:38:02.570 [main] DEBUG org.springframework.context.annotation.ConfigurationClassEnhancer - Successfully enhanced org.springframework.transaction.annotation.ProxyTransactionManagementConfiguration; enhanced class name is: org.springframework.transaction.annotation.ProxyTransactionManagementConfiguration$$EnhancerBySpringCGLIB$$93ddb188
16:38:02.570 [main] DEBUG org.springframework.context.annotation.ConfigurationClassPostProcessor - Replacing bean definition &apos;org.springframework.transaction.annotation.ProxyTransactionManagementConfiguration&apos; existing class &apos;org.springframework.transaction.annotation.ProxyTransactionManagementConfiguration&apos; with enhanced class &apos;org.springframework.transaction.annotation.ProxyTransactionManagementConfiguration$$EnhancerBySpringCGLIB$$93ddb188&apos;
16:38:02.570 [main] DEBUG org.springframework.beans.factory.support.DefaultListableBeanFactory - Creating shared instance of singleton bean &apos;emBeanDefinitionRegistrarPostProcessor&apos;
16:38:02.577 [main] DEBUG org.springframework.beans.factory.support.DefaultListableBeanFactory - Creating instance of bean &apos;emBeanDefinitionRegistrarPostProcessor&apos;
16:38:02.578 [main] DEBUG org.springframework.beans.factory.support.DefaultListableBeanFactory - Eagerly caching bean &apos;emBeanDefinitionRegistrarPostProcessor&apos; to allow for resolving potential circular references
16:38:02.579 [main] DEBUG org.springframework.beans.factory.support.DefaultListableBeanFactory - Finished creating instance of bean &apos;emBeanDefinitionRegistrarPostProcessor&apos;
16:38:02.581 [main] DEBUG org.springframework.beans.factory.support.DefaultListableBeanFactory - Creating shared instance of singleton bean &apos;org.springframework.context.annotation.internalAutowiredAnnotationProcessor&apos;
16:38:02.584 [main] DEBUG org.springframework.beans.factory.support.DefaultListableBeanFactory - Creating instance of bean &apos;org.springframework.context.annotation.internalAutowiredAnnotationProcessor&apos;
16:38:02.585 [main] DEBUG org.springframework.beans.factory.support.DefaultListableBeanFactory - Eagerly caching bean &apos;org.springframework.context.annotation.internalAutowiredAnnotationProcessor&apos; to allow for resolving potential circular references
16:38:02.585 [main] DEBUG org.springframework.beans.factory.support.DefaultListableBeanFactory - Finished creating instance of bean &apos;org.springframework.context.annotation.internalAutowiredAnnotationProcessor&apos;
16:38:02.585 [main] DEBUG org.springframework.beans.factory.support.DefaultListableBeanFactory - Creating shared instance of singleton bean &apos;org.springframework.context.annotation.internalRequiredAnnotationProcessor&apos;
16:38:02.585 [main] DEBUG org.springframework.beans.factory.support.DefaultListableBeanFactory - Creating instance of bean &apos;org.springframework.context.annotation.internalRequiredAnnotationProcessor&apos;
16:38:02.586 [main] DEBUG org.springframework.beans.factory.support.DefaultListableBeanFactory - Eagerly caching bean &apos;org.springframework.context.annotation.internalRequiredAnnotationProcessor&apos; to allow for resolving potential circular references
16:38:02.586 [main] DEBUG org.springframework.beans.factory.support.DefaultListableBeanFactory - Finished creating instance of bean &apos;org.springframework.context.annotation.internalRequiredAnnotationProcessor&apos;
16:38:02.586 [main] DEBUG org.springframework.beans.factory.support.DefaultListableBeanFactory - Creating shared instance of singleton bean &apos;org.springframework.context.annotation.internalCommonAnnotationProcessor&apos;
16:38:02.586 [main] DEBUG org.springframework.beans.factory.support.DefaultListableBeanFactory - Creating instance of bean &apos;org.springframework.context.annotation.internalCommonAnnotationProcessor&apos;
16:38:02.586 [main] DEBUG org.springframework.beans.factory.support.DefaultListableBeanFactory - Eagerly caching bean &apos;org.springframework.context.annotation.internalCommonAnnotationProcessor&apos; to allow for resolving potential circular references
16:38:02.586 [main] DEBUG org.springframework.beans.factory.support.DefaultListableBeanFactory - Finished creating instance of bean &apos;org.springframework.context.annotation.internalCommonAnnotationProcessor&apos;
16:38:02.600 [main] DEBUG org.springframework.beans.factory.support.DefaultListableBeanFactory - Creating shared instance of singleton bean &apos;org.springframework.context.annotation.internalPersistenceAnnotationProcessor&apos;
16:38:02.600 [main] DEBUG org.springframework.beans.factory.support.DefaultListableBeanFactory - Creating instance of bean &apos;org.springframework.context.annotation.internalPersistenceAnnotationProcessor&apos;
16:38:02.609 [main] DEBUG org.springframework.beans.factory.support.DefaultListableBeanFactory - Eagerly caching bean &apos;org.springframework.context.annotation.internalPersistenceAnnotationProcessor&apos; to allow for resolving potential circular references
16:38:02.609 [main] DEBUG org.springframework.beans.factory.support.DefaultListableBeanFactory - Finished creating instance of bean &apos;org.springframework.context.annotation.internalPersistenceAnnotationProcessor&apos;
16:38:02.610 [main] DEBUG org.springframework.beans.factory.support.DefaultListableBeanFactory - Creating shared instance of singleton bean &apos;org.springframework.context.annotation.ConfigurationClassPostProcessor.importAwareProcessor&apos;
16:38:02.610 [main] DEBUG org.springframework.beans.factory.support.DefaultListableBeanFactory - Creating instance of bean &apos;org.springframework.context.annotation.ConfigurationClassPostProcessor.importAwareProcessor&apos;
16:38:02.610 [main] DEBUG org.springframework.beans.factory.support.DefaultListableBeanFactory - Eagerly caching bean &apos;org.springframework.context.annotation.ConfigurationClassPostProcessor.importAwareProcessor&apos; to allow for resolving potential circular references
16:38:02.610 [main] DEBUG org.springframework.beans.factory.support.DefaultListableBeanFactory - Finished creating instance of bean &apos;org.springframework.context.annotation.ConfigurationClassPostProcessor.importAwareProcessor&apos;
16:38:02.610 [main] DEBUG org.springframework.beans.factory.support.DefaultListableBeanFactory - Creating shared instance of singleton bean &apos;org.springframework.context.annotation.ConfigurationClassPostProcessor.enhancedConfigurationProcessor&apos;
16:38:02.610 [main] DEBUG org.springframework.beans.factory.support.DefaultListableBeanFactory - Creating instance of bean &apos;org.springframework.context.annotation.ConfigurationClassPostProcessor.enhancedConfigurationProcessor&apos;
16:38:02.610 [main] DEBUG org.springframework.beans.factory.support.DefaultListableBeanFactory - Eagerly caching bean &apos;org.springframework.context.annotation.ConfigurationClassPostProcessor.enhancedConfigurationProcessor&apos; to allow for resolving potential circular references
16:38:02.610 [main] DEBUG org.springframework.beans.factory.support.DefaultListableBeanFactory - Finished creating instance of bean &apos;org.springframework.context.annotation.ConfigurationClassPostProcessor.enhancedConfigurationProcessor&apos;
16:38:02.610 [main] DEBUG org.springframework.beans.factory.support.DefaultListableBeanFactory - Creating shared instance of singleton bean &apos;org.springframework.data.repository.core.support.RepositoryFactoryBeanSupport_Predictor&apos;
16:38:02.610 [main] DEBUG org.springframework.beans.factory.support.DefaultListableBeanFactory - Creating instance of bean &apos;org.springframework.data.repository.core.support.RepositoryFactoryBeanSupport_Predictor&apos;
16:38:02.612 [main] DEBUG org.springframework.beans.factory.support.DefaultListableBeanFactory - Eagerly caching bean &apos;org.springframework.data.repository.core.support.RepositoryFactoryBeanSupport_Predictor&apos; to allow for resolving potential circular references
16:38:02.612 [main] DEBUG org.springframework.beans.factory.support.DefaultListableBeanFactory - Finished creating instance of bean &apos;org.springframework.data.repository.core.support.RepositoryFactoryBeanSupport_Predictor&apos;
16:38:02.612 [main] DEBUG org.springframework.beans.factory.support.DefaultListableBeanFactory - Creating shared instance of singleton bean &apos;org.springframework.aop.config.internalAutoProxyCreator&apos;
16:38:02.612 [main] DEBUG org.springframework.beans.factory.support.DefaultListableBeanFactory - Creating instance of bean &apos;org.springframework.aop.config.internalAutoProxyCreator&apos;
16:38:02.613 [main] DEBUG org.springframework.beans.factory.support.DefaultListableBeanFactory - Eagerly caching bean &apos;org.springframework.aop.config.internalAutoProxyCreator&apos; to allow for resolving potential circular references
16:38:02.615 [main] DEBUG org.springframework.beans.factory.support.DefaultListableBeanFactory - Finished creating instance of bean &apos;org.springframework.aop.config.internalAutoProxyCreator&apos;
16:38:02.615 [main] DEBUG org.springframework.context.support.GenericApplicationContext - Unable to locate MessageSource with name &apos;messageSource&apos;: using default [org.springframework.context.support.DelegatingMessageSource@244418a]
16:38:02.615 [main] DEBUG org.springframework.context.support.GenericApplicationContext - Unable to locate ApplicationEventMulticaster with name &apos;applicationEventMulticaster&apos;: using default [org.springframework.context.event.SimpleApplicationEventMulticaster@4b5a078a]
16:38:02.617 [main] DEBUG org.springframework.beans.factory.support.DefaultListableBeanFactory - Pre-instantiating singletons in org.springframework.beans.factory.support.DefaultListableBeanFactory@5875de6a: defining beans [org.springframework.context.annotation.internalConfigurationAnnotationProcessor,org.springframework.context.annotation.internalAutowiredAnnotationProcessor,org.springframework.context.annotation.internalRequiredAnnotationProcessor,org.springframework.context.annotation.internalCommonAnnotationProcessor,org.springframework.context.annotation.internalPersistenceAnnotationProcessor,org.springframework.context.event.internalEventListenerProcessor,org.springframework.context.event.internalEventListenerFactory,springConfiguration,org.springframework.context.annotation.ConfigurationClassPostProcessor.importAwareProcessor,org.springframework.context.annotation.ConfigurationClassPostProcessor.enhancedConfigurationProcessor,org.springframework.transaction.annotation.ProxyTransactionManagementConfiguration,org.springframework.transaction.config.internalTransactionAdvisor,transactionAttributeSource,transactionInterceptor,org.springframework.transaction.config.internalTransactionalEventListenerFactory,entityManagerFactory,dataSource,transactionManager,hibernateExceptionTranslator,org.springframework.aop.config.internalAutoProxyCreator,org.springframework.data.jpa.repository.config.JpaRepositoryConfigExtension#0,org.springframework.data.repository.core.support.RepositoryFactoryBeanSupport_Predictor,emBeanDefinitionRegistrarPostProcessor,jpaMappingContext,jpaContext,enseignantRepository,org.springframework.orm.jpa.SharedEntityManagerCreator#0]; root of factory hierarchy
16:38:02.617 [main] DEBUG org.springframework.beans.factory.support.DefaultListableBeanFactory - Returning cached instance of singleton bean &apos;org.springframework.context.annotation.internalConfigurationAnnotationProcessor&apos;
16:38:02.617 [main] DEBUG org.springframework.beans.factory.support.DefaultListableBeanFactory - Returning cached instance of singleton bean &apos;org.springframework.context.annotation.internalAutowiredAnnotationProcessor&apos;
16:38:02.617 [main] DEBUG org.springframework.beans.factory.support.DefaultListableBeanFactory - Returning cached instance of singleton bean &apos;org.springframework.context.annotation.internalRequiredAnnotationProcessor&apos;
16:38:02.617 [main] DEBUG org.springframework.beans.factory.support.DefaultListableBeanFactory - Returning cached instance of singleton bean &apos;org.springframework.context.annotation.internalCommonAnnotationProcessor&apos;
16:38:02.617 [main] DEBUG org.springframework.beans.factory.support.DefaultListableBeanFactory - Returning cached instance of singleton bean &apos;org.springframework.context.annotation.internalPersistenceAnnotationProcessor&apos;
16:38:02.617 [main] DEBUG org.springframework.beans.factory.support.DefaultListableBeanFactory - Creating shared instance of singleton bean &apos;org.springframework.context.event.internalEventListenerProcessor&apos;
16:38:02.618 [main] DEBUG org.springframework.beans.factory.support.DefaultListableBeanFactory - Creating instance of bean &apos;org.springframework.context.event.internalEventListenerProcessor&apos;
16:38:02.618 [main] DEBUG org.springframework.beans.factory.support.DefaultListableBeanFactory - Eagerly caching bean &apos;org.springframework.context.event.internalEventListenerProcessor&apos; to allow for resolving potential circular references
16:38:02.619 [main] DEBUG org.springframework.beans.factory.support.DefaultListableBeanFactory - Creating shared instance of singleton bean &apos;org.springframework.transaction.config.internalTransactionAdvisor&apos;
16:38:02.619 [main] DEBUG org.springframework.beans.factory.support.DefaultListableBeanFactory - Creating instance of bean &apos;org.springframework.transaction.config.internalTransactionAdvisor&apos;
16:38:02.619 [main] DEBUG org.springframework.beans.factory.support.DefaultListableBeanFactory - Creating shared instance of singleton bean &apos;org.springframework.transaction.annotation.ProxyTransactionManagementConfiguration&apos;
16:38:02.619 [main] DEBUG org.springframework.beans.factory.support.DefaultListableBeanFactory - Creating instance of bean &apos;org.springframework.transaction.annotation.ProxyTransactionManagementConfiguration&apos;
16:38:02.621 [main] DEBUG org.springframework.beans.factory.annotation.InjectionMetadata - Registered injected element on class [org.springframework.transaction.annotation.ProxyTransactionManagementConfiguration$$EnhancerBySpringCGLIB$$93ddb188]: AutowiredMethodElement for void org.springframework.transaction.annotation.AbstractTransactionManagementConfiguration.setConfigurers(java.util.Collection)
16:38:02.621 [main] DEBUG org.springframework.beans.factory.support.DefaultListableBeanFactory - Eagerly caching bean &apos;org.springframework.transaction.annotation.ProxyTransactionManagementConfiguration&apos; to allow for resolving potential circular references
16:38:02.621 [main] DEBUG org.springframework.beans.factory.annotation.InjectionMetadata - Processing injected element of bean &apos;org.springframework.transaction.annotation.ProxyTransactionManagementConfiguration&apos;: AutowiredMethodElement for void org.springframework.transaction.annotation.AbstractTransactionManagementConfiguration.setConfigurers(java.util.Collection)
16:38:02.624 [main] DEBUG org.springframework.beans.factory.support.DefaultListableBeanFactory - Returning cached instance of singleton bean &apos;org.springframework.context.annotation.ConfigurationClassPostProcessor.importRegistry&apos;
16:38:02.628 [main] DEBUG org.springframework.aop.framework.autoproxy.BeanFactoryAdvisorRetrievalHelper - Skipping currently created advisor &apos;org.springframework.transaction.config.internalTransactionAdvisor&apos;
16:38:02.633 [main] DEBUG org.springframework.beans.factory.support.DefaultListableBeanFactory - Finished creating instance of bean &apos;org.springframework.transaction.annotation.ProxyTransactionManagementConfiguration&apos;
16:38:02.633 [main] DEBUG org.springframework.beans.factory.support.DefaultListableBeanFactory - Creating shared instance of singleton bean &apos;transactionAttributeSource&apos;
16:38:02.634 [main] DEBUG org.springframework.beans.factory.support.DefaultListableBeanFactory - Creating instance of bean &apos;transactionAttributeSource&apos;
16:38:02.634 [main] DEBUG org.springframework.beans.factory.support.DefaultListableBeanFactory - Returning cached instance of singleton bean &apos;org.springframework.transaction.annotation.ProxyTransactionManagementConfiguration&apos;
16:38:02.634 [main] DEBUG org.springframework.beans.factory.support.DefaultListableBeanFactory - Eagerly caching bean &apos;transactionAttributeSource&apos; to allow for resolving potential circular references
16:38:02.635 [main] DEBUG org.springframework.aop.framework.autoproxy.BeanFactoryAdvisorRetrievalHelper - Skipping currently created advisor &apos;org.springframework.transaction.config.internalTransactionAdvisor&apos;
16:38:02.635 [main] DEBUG org.springframework.beans.factory.support.DefaultListableBeanFactory - Finished creating instance of bean &apos;transactionAttributeSource&apos;
16:38:02.636 [main] DEBUG org.springframework.beans.factory.support.DefaultListableBeanFactory - Creating shared instance of singleton bean &apos;transactionInterceptor&apos;
16:38:02.636 [main] DEBUG org.springframework.beans.factory.support.DefaultListableBeanFactory - Creating instance of bean &apos;transactionInterceptor&apos;
16:38:02.637 [main] DEBUG org.springframework.beans.factory.support.DefaultListableBeanFactory - Returning cached instance of singleton bean &apos;org.springframework.transaction.annotation.ProxyTransactionManagementConfiguration&apos;
16:38:02.637 [main] DEBUG org.springframework.beans.factory.support.DefaultListableBeanFactory - Returning cached instance of singleton bean &apos;transactionAttributeSource&apos;
16:38:02.637 [main] DEBUG org.springframework.beans.factory.support.DefaultListableBeanFactory - Eagerly caching bean &apos;transactionInterceptor&apos; to allow for resolving potential circular references
16:38:02.647 [main] DEBUG org.springframework.beans.factory.support.DefaultListableBeanFactory - Invoking afterPropertiesSet() on bean with name &apos;transactionInterceptor&apos;
16:38:02.647 [main] DEBUG org.springframework.beans.factory.support.DefaultListableBeanFactory - Finished creating instance of bean &apos;transactionInterceptor&apos;
16:38:02.647 [main] DEBUG org.springframework.beans.factory.support.DefaultListableBeanFactory - Eagerly caching bean &apos;org.springframework.transaction.config.internalTransactionAdvisor&apos; to allow for resolving potential circular references
16:38:02.650 [main] DEBUG org.springframework.beans.factory.support.DefaultListableBeanFactory - Finished creating instance of bean &apos;org.springframework.transaction.config.internalTransactionAdvisor&apos;
16:38:02.651 [main] DEBUG org.springframework.beans.factory.support.DefaultListableBeanFactory - Finished creating instance of bean &apos;org.springframework.context.event.internalEventListenerProcessor&apos;
16:38:02.651 [main] DEBUG org.springframework.beans.factory.support.DefaultListableBeanFactory - Creating shared instance of singleton bean &apos;org.springframework.context.event.internalEventListenerFactory&apos;
16:38:02.651 [main] DEBUG org.springframework.beans.factory.support.DefaultListableBeanFactory - Creating instance of bean &apos;org.springframework.context.event.internalEventListenerFactory&apos;
16:38:02.651 [main] DEBUG org.springframework.beans.factory.support.DefaultListableBeanFactory - Eagerly caching bean &apos;org.springframework.context.event.internalEventListenerFactory&apos; to allow for resolving potential circular references
16:38:02.652 [main] DEBUG org.springframework.beans.factory.support.DefaultListableBeanFactory - Returning cached instance of singleton bean &apos;org.springframework.transaction.config.internalTransactionAdvisor&apos;
16:38:02.652 [main] DEBUG org.springframework.beans.factory.support.DefaultListableBeanFactory - Finished creating instance of bean &apos;org.springframework.context.event.internalEventListenerFactory&apos;
16:38:02.652 [main] DEBUG org.springframework.beans.factory.support.DefaultListableBeanFactory - Creating shared instance of singleton bean &apos;springConfiguration&apos;
16:38:02.652 [main] DEBUG org.springframework.beans.factory.support.DefaultListableBeanFactory - Creating instance of bean &apos;springConfiguration&apos;
16:38:02.653 [main] DEBUG org.springframework.beans.factory.support.DefaultListableBeanFactory - Eagerly caching bean &apos;springConfiguration&apos; to allow for resolving potential circular references
16:38:02.653 [main] DEBUG org.springframework.beans.factory.support.DefaultListableBeanFactory - Returning cached instance of singleton bean &apos;org.springframework.transaction.config.internalTransactionAdvisor&apos;
16:38:02.654 [main] DEBUG org.springframework.beans.factory.support.DefaultListableBeanFactory - Finished creating instance of bean &apos;springConfiguration&apos;
16:38:02.664 [main] DEBUG org.springframework.beans.factory.support.DefaultListableBeanFactory - Returning cached instance of singleton bean &apos;org.springframework.context.annotation.ConfigurationClassPostProcessor.importAwareProcessor&apos;
16:38:02.665 [main] DEBUG org.springframework.beans.factory.support.DefaultListableBeanFactory - Returning cached instance of singleton bean &apos;org.springframework.context.annotation.ConfigurationClassPostProcessor.enhancedConfigurationProcessor&apos;
16:38:02.665 [main] DEBUG org.springframework.beans.factory.support.DefaultListableBeanFactory - Returning cached instance of singleton bean &apos;org.springframework.transaction.annotation.ProxyTransactionManagementConfiguration&apos;
16:38:02.666 [main] DEBUG org.springframework.beans.factory.support.DefaultListableBeanFactory - Returning cached instance of singleton bean &apos;org.springframework.transaction.config.internalTransactionAdvisor&apos;
16:38:02.666 [main] DEBUG org.springframework.beans.factory.support.DefaultListableBeanFactory - Returning cached instance of singleton bean &apos;transactionAttributeSource&apos;
16:38:02.666 [main] DEBUG org.springframework.beans.factory.support.DefaultListableBeanFactory - Returning cached instance of singleton bean &apos;transactionInterceptor&apos;
16:38:02.666 [main] DEBUG org.springframework.beans.factory.support.DefaultListableBeanFactory - Creating shared instance of singleton bean &apos;org.springframework.transaction.config.internalTransactionalEventListenerFactory&apos;
16:38:02.666 [main] DEBUG org.springframework.beans.factory.support.DefaultListableBeanFactory - Creating instance of bean &apos;org.springframework.transaction.config.internalTransactionalEventListenerFactory&apos;
16:38:02.666 [main] DEBUG org.springframework.beans.factory.support.DefaultListableBeanFactory - Returning cached instance of singleton bean &apos;org.springframework.transaction.annotation.ProxyTransactionManagementConfiguration&apos;
16:38:02.667 [main] DEBUG org.springframework.beans.factory.support.DefaultListableBeanFactory - Eagerly caching bean &apos;org.springframework.transaction.config.internalTransactionalEventListenerFactory&apos; to allow for resolving potential circular references
16:38:02.667 [main] DEBUG org.springframework.beans.factory.support.DefaultListableBeanFactory - Returning cached instance of singleton bean &apos;org.springframework.transaction.config.internalTransactionAdvisor&apos;
16:38:02.668 [main] DEBUG org.springframework.beans.factory.support.DefaultListableBeanFactory - Finished creating instance of bean &apos;org.springframework.transaction.config.internalTransactionalEventListenerFactory&apos;
16:38:02.669 [main] DEBUG org.springframework.beans.factory.support.DefaultListableBeanFactory - Creating shared instance of singleton bean &apos;entityManagerFactory&apos;
16:38:02.669 [main] DEBUG org.springframework.beans.factory.support.DefaultListableBeanFactory - Creating instance of bean &apos;entityManagerFactory&apos;
16:38:02.669 [main] DEBUG org.springframework.beans.factory.support.DefaultListableBeanFactory - Returning cached instance of singleton bean &apos;springConfiguration&apos;
16:38:02.673 [main] DEBUG org.springframework.beans.factory.support.DefaultListableBeanFactory - Creating shared instance of singleton bean &apos;dataSource&apos;
16:38:02.674 [main] DEBUG org.springframework.beans.factory.support.DefaultListableBeanFactory - Creating instance of bean &apos;dataSource&apos;
16:38:02.675 [main] DEBUG org.springframework.beans.factory.support.DefaultListableBeanFactory - Returning cached instance of singleton bean &apos;springConfiguration&apos;
16:38:02.675 [main] INFO org.springframework.jdbc.datasource.embedded.EmbeddedDatabaseFactory - Starting embedded database: url=&apos;jdbc:derby:memory:testdb;create=true&apos;, username=&apos;sa&apos;
16:38:02.675 [main] DEBUG org.springframework.jdbc.datasource.DataSourceUtils - Fetching JDBC Connection from DataSource
16:38:02.675 [main] DEBUG org.springframework.jdbc.datasource.SimpleDriverDataSource - Creating new JDBC Driver Connection to [jdbc:derby:memory:testdb;create=true]
16:38:03.096 [main] DEBUG org.springframework.jdbc.datasource.DataSourceUtils - Returning JDBC Connection to DataSource
16:38:03.096 [main] DEBUG org.springframework.beans.factory.support.DefaultListableBeanFactory - Eagerly caching bean &apos;dataSource&apos; to allow for resolving potential circular references
16:38:03.097 [main] DEBUG org.springframework.beans.factory.support.DefaultListableBeanFactory - Returning cached instance of singleton bean &apos;org.springframework.transaction.config.internalTransactionAdvisor&apos;
16:38:03.099 [main] DEBUG org.springframework.beans.factory.support.DefaultListableBeanFactory - Finished creating instance of bean &apos;dataSource&apos;
16:38:03.100 [main] DEBUG org.springframework.core.io.support.PathMatchingResourcePatternResolver - Resolved classpath location [META-INF/persistence.xml] to resources []
16:38:03.100 [main] DEBUG org.springframework.core.io.support.PathMatchingResourcePatternResolver - Resolved classpath location [fr/gestion/donnees/] to resources [URL [file:/home/alexis/workspace/Service/target/test-classes/fr/gestion/donnees/], URL [file:/home/alexis/workspace/Service/target/classes/fr/gestion/donnees/]]
16:38:03.100 [main] DEBUG org.springframework.core.io.support.PathMatchingResourcePatternResolver - Looking for matching resources in directory tree [/home/alexis/workspace/Service/target/test-classes/fr/gestion/donnees]
16:38:03.101 [main] DEBUG org.springframework.core.io.support.PathMatchingResourcePatternResolver - Searching directory [/home/alexis/workspace/Service/target/test-classes/fr/gestion/donnees] for files matching pattern [/home/alexis/workspace/Service/target/test-classes/fr/gestion/donnees/**/*.class]
16:38:03.101 [main] DEBUG org.springframework.core.io.support.PathMatchingResourcePatternResolver - Searching directory [/home/alexis/workspace/Service/target/test-classes/fr/gestion/donnees/test] for files matching pattern [/home/alexis/workspace/Service/target/test-classes/fr/gestion/donnees/**/*.class]
16:38:03.101 [main] DEBUG org.springframework.core.io.support.PathMatchingResourcePatternResolver - Looking for matching resources in directory tree [/home/alexis/workspace/Service/target/classes/fr/gestion/donnees]
16:38:03.102 [main] DEBUG org.springframework.core.io.support.PathMatchingResourcePatternResolver - Searching directory [/home/alexis/workspace/Service/target/classes/fr/gestion/donnees] for files matching pattern [/home/alexis/workspace/Service/target/classes/fr/gestion/donnees/**/*.class]
16:38:03.102 [main] DEBUG org.springframework.core.io.support.PathMatchingResourcePatternResolver - Resolved location pattern [classpath*:fr/gestion/donnees/**/*.class] to resources [file [/home/alexis/workspace/Service/target/test-classes/fr/gestion/donnees/EnseignantRepositoryTest.class], file [/home/alexis/workspace/Service/target/test-classes/fr/gestion/donnees/test/DemandeTest.class], file [/home/alexis/workspace/Service/target/test-classes/fr/gestion/donnees/test/EnseignantTest.class], file [/home/alexis/workspace/Service/target/test-classes/fr/gestion/donnees/test/EnseignementTest.class], file [/home/alexis/workspace/Service/target/test-classes/fr/gestion/donnees/test/VoeuTest.class], file [/home/alexis/workspace/Service/target/classes/fr/gestion/donnees/Demande.class], file [/home/alexis/workspace/Service/target/classes/fr/gestion/donnees/DemandeInterventionExterieure.class], file [/home/alexis/workspace/Service/target/classes/fr/gestion/donnees/DemandeSpeciale.class], file [/home/alexis/workspace/Service/target/classes/fr/gestion/donnees/Enseignant.class], file [/home/alexis/workspace/Service/target/classes/fr/gestion/donnees/EnseignantRepository.class], file [/home/alexis/workspace/Service/target/classes/fr/gestion/donnees/Enseignement.class], file [/home/alexis/workspace/Service/target/classes/fr/gestion/donnees/SpringConfiguration.class], file [/home/alexis/workspace/Service/target/classes/fr/gestion/donnees/Voeu.class]]
16:38:03.114 [main] INFO org.springframework.orm.jpa.LocalContainerEntityManagerFactoryBean - Building JPA container EntityManagerFactory for persistence unit &apos;default&apos;
16:38:03.130 [main] DEBUG org.springframework.jdbc.datasource.SimpleDriverDataSource - Creating new JDBC Driver Connection to [jdbc:derby:memory:testdb;create=true]
16:38:03.297 [main] WARN org.springframework.context.support.GenericApplicationContext - Exception encountered during context initialization - cancelling refresh attempt: org.springframework.beans.factory.BeanCreationException: Error creating bean with name &apos;entityManagerFactory&apos; defined in fr.gestion.donnees.SpringConfiguration: Bean instantiation via factory method failed; nested exception is org.springframework.beans.BeanInstantiationException: Failed to instantiate [javax.persistence.EntityManagerFactory]: Factory method &apos;entityManagerFactory&apos; threw exception; nested exception is javax.persistence.PersistenceException: [PersistenceUnit: default] Unable to build Hibernate SessionFactory
16:38:03.298 [main] DEBUG org.springframework.beans.factory.support.DefaultListableBeanFactory - Destroying singletons in org.springframework.beans.factory.support.DefaultListableBeanFactory@5875de6a: defining beans [org.springframework.context.annotation.internalConfigurationAnnotationProcessor,org.springframework.context.annotation.internalAutowiredAnnotationProcessor,org.springframework.context.annotation.internalRequiredAnnotationProcessor,org.springframework.context.annotation.internalCommonAnnotationProcessor,org.springframework.context.annotation.internalPersistenceAnnotationProcessor,org.springframework.context.event.internalEventListenerProcessor,org.springframework.context.event.internalEventListenerFactory,springConfiguration,org.springframework.context.annotation.ConfigurationClassPostProcessor.importAwareProcessor,org.springframework.context.annotation.ConfigurationClassPostProcessor.enhancedConfigurationProcessor,org.springframework.transaction.annotation.ProxyTransactionManagementConfiguration,org.springframework.transaction.config.internalTransactionAdvisor,transactionAttributeSource,transactionInterceptor,org.springframework.transaction.config.internalTransactionalEventListenerFactory,entityManagerFactory,dataSource,transactionManager,hibernateExceptionTranslator,org.springframework.aop.config.internalAutoProxyCreator,org.springframework.data.jpa.repository.config.JpaRepositoryConfigExtension#0,org.springframework.data.repository.core.support.RepositoryFactoryBeanSupport_Predictor,emBeanDefinitionRegistrarPostProcessor,jpaMappingContext,jpaContext,enseignantRepository,org.springframework.orm.jpa.SharedEntityManagerCreator#0]; root of factory hierarchy
16:38:03.298 [main] DEBUG org.springframework.beans.factory.support.DisposableBeanAdapter - Invoking destroy method &apos;shutdown&apos; on bean with name &apos;dataSource&apos;
16:38:03.298 [main] INFO org.springframework.jdbc.datasource.embedded.EmbeddedDatabaseFactory - Shutting down embedded database: url=&apos;jdbc:derby:memory:testdb;create=true&apos;
16:38:03.807 [main] ERROR org.springframework.test.context.TestContextManager - Caught exception while allowing TestExecutionListener [org.springframework.test.context.support.DependencyInjectionTestExecutionListener@3dd4520b] to prepare test instance [fr.gestion.donnees.EnseignantRepositoryTest@354e7004]
java.lang.IllegalStateException: Failed to load ApplicationContext
	at org.springframework.test.context.cache.DefaultCacheAwareContextLoaderDelegate.loadContext(DefaultCacheAwareContextLoaderDelegate.java:124)
	at org.springframework.test.context.support.DefaultTestContext.getApplicationContext(DefaultTestContext.java:83)
	at org.springframework.test.context.support.DependencyInjectionTestExecutionListener.injectDependencies(DependencyInjectionTestExecutionListener.java:117)
	at org.springframework.test.context.support.DependencyInjectionTestExecutionListener.prepareTestInstance(DependencyInjectionTestExecutionListener.java:83)
	at org.springframework.test.context.TestContextManager.prepareTestInstance(TestContextManager.java:230)
	at org.springframework.test.context.junit4.SpringJUnit4ClassRunner.createTest(SpringJUnit4ClassRunner.java:228)
	at org.springframework.test.context.junit4.SpringJUnit4ClassRunner$1.runReflectiveCall(SpringJUnit4ClassRunner.java:287)
	at org.junit.internal.runners.model.ReflectiveCallable.run(ReflectiveCallable.java:12)
	at org.springframework.test.context.junit4.SpringJUnit4ClassRunner.methodBlock(SpringJUnit4ClassRunner.java:289)
	at org.springframework.test.context.junit4.SpringJUnit4ClassRunner.runChild(SpringJUnit4ClassRunner.java:247)
	at org.springframework.test.context.junit4.SpringJUnit4ClassRunner.runChild(SpringJUnit4ClassRunner.java:94)
	at org.junit.runners.ParentRunner$3.run(ParentRunner.java:290)
	at org.junit.runners.ParentRunner$1.schedule(ParentRunner.java:71)
	at org.junit.runners.ParentRunner.runChildren(ParentRunner.java:288)
	at org.junit.runners.ParentRunner.access$000(ParentRunner.java:58)
	at org.junit.runners.ParentRunner$2.evaluate(ParentRunner.java:268)
	at org.springframework.test.context.junit4.statements.RunBeforeTestClassCallbacks.evaluate(RunBeforeTestClassCallbacks.java:61)
	at org.springframework.test.context.junit4.statements.RunAfterTestClassCallbacks.evaluate(RunAfterTestClassCallbacks.java:70)
	at org.junit.runners.ParentRunner.run(ParentRunner.java:363)
	at org.springframework.test.context.junit4.SpringJUnit4ClassRunner.run(SpringJUnit4ClassRunner.java:191)
	at org.apache.maven.surefire.junit4.JUnit4Provider.execute(JUnit4Provider.java:252)
	at org.apache.maven.surefire.junit4.JUnit4Provider.executeTestSet(JUnit4Provider.java:141)
	at org.apache.maven.surefire.junit4.JUnit4Provider.invoke(JUnit4Provider.java:112)
	at sun.reflect.NativeMethodAccessorImpl.invoke0(Native Method)
	at sun.reflect.NativeMethodAccessorImpl.invoke(NativeMethodAccessorImpl.java:62)
	at sun.reflect.DelegatingMethodAccessorImpl.invoke(DelegatingMethodAccessorImpl.java:43)
	at java.lang.reflect.Method.invoke(Method.java:498)
	at org.apache.maven.surefire.util.ReflectionUtils.invokeMethodWithArray(ReflectionUtils.java:189)
	at org.apache.maven.surefire.booter.ProviderFactory$ProviderProxy.invoke(ProviderFactory.java:165)
	at org.apache.maven.surefire.booter.ProviderFactory.invokeProvider(ProviderFactory.java:85)
	at org.apache.maven.surefire.booter.ForkedBooter.runSuitesInProcess(ForkedBooter.java:115)
	at org.apache.maven.surefire.booter.ForkedBooter.main(ForkedBooter.java:75)
Caused by: org.springframework.beans.factory.BeanCreationException: Error creating bean with name &apos;entityManagerFactory&apos; defined in fr.gestion.donnees.SpringConfiguration: Bean instantiation via factory method failed; nested exception is org.springframework.beans.BeanInstantiationException: Failed to instantiate [javax.persistence.EntityManagerFactory]: Factory method &apos;entityManagerFactory&apos; threw exception; nested exception is javax.persistence.PersistenceException: [PersistenceUnit: default] Unable to build Hibernate SessionFactory
	at org.springframework.beans.factory.support.ConstructorResolver.instantiateUsingFactoryMethod(ConstructorResolver.java:599)
	at org.springframework.beans.factory.support.AbstractAutowireCapableBeanFactory.instantiateUsingFactoryMethod(AbstractAutowireCapableBeanFactory.java:1127)
	at org.springframework.beans.factory.support.AbstractAutowireCapableBeanFactory.createBeanInstance(AbstractAutowireCapableBeanFactory.java:1022)
	at org.springframework.beans.factory.support.AbstractAutowireCapableBeanFactory.doCreateBean(AbstractAutowireCapableBeanFactory.java:510)
	at org.springframework.beans.factory.support.AbstractAutowireCapableBeanFactory.createBean(AbstractAutowireCapableBeanFactory.java:482)
	at org.springframework.beans.factory.support.AbstractBeanFactory$1.getObject(AbstractBeanFactory.java:306)
	at org.springframework.beans.factory.support.DefaultSingletonBeanRegistry.getSingleton(DefaultSingletonBeanRegistry.java:230)
	at org.springframework.beans.factory.support.AbstractBeanFactory.doGetBean(AbstractBeanFactory.java:302)
	at org.springframework.beans.factory.support.AbstractBeanFactory.getBean(AbstractBeanFactory.java:197)
	at org.springframework.beans.factory.support.DefaultListableBeanFactory.preInstantiateSingletons(DefaultListableBeanFactory.java:778)
	at org.springframework.context.support.AbstractApplicationContext.finishBeanFactoryInitialization(AbstractApplicationContext.java:839)
	at org.springframework.context.support.AbstractApplicationContext.refresh(AbstractApplicationContext.java:538)
	at org.springframework.test.context.support.AbstractGenericContextLoader.loadContext(AbstractGenericContextLoader.java:128)
	at org.springframework.test.context.support.AbstractGenericContextLoader.loadContext(AbstractGenericContextLoader.java:60)
	at org.springframework.test.context.support.AbstractDelegatingSmartContextLoader.delegateLoading(AbstractDelegatingSmartContextLoader.java:108)
	at org.springframework.test.context.support.AbstractDelegatingSmartContextLoader.loadContext(AbstractDelegatingSmartContextLoader.java:251)
	at org.springframework.test.context.cache.DefaultCacheAwareContextLoaderDelegate.loadContextInternal(DefaultCacheAwareContextLoaderDelegate.java:98)
	at org.springframework.test.context.cache.DefaultCacheAwareContextLoaderDelegate.loadContext(DefaultCacheAwareContextLoaderDelegate.java:116)
	... 31 common frames omitted
Caused by: org.springframework.beans.BeanInstantiationException: Failed to instantiate [javax.persistence.EntityManagerFactory]: Factory method &apos;entityManagerFactory&apos; threw exception; nested exception is javax.persistence.PersistenceException: [PersistenceUnit: default] Unable to build Hibernate SessionFactory
	at org.springframework.beans.factory.support.SimpleInstantiationStrategy.instantiate(SimpleInstantiationStrategy.java:189)
	at org.springframework.beans.factory.support.ConstructorResolver.instantiateUsingFactoryMethod(ConstructorResolver.java:588)
	... 48 common frames omitted
Caused by: javax.persistence.PersistenceException: [PersistenceUnit: default] Unable to build Hibernate SessionFactory
	at org.hibernate.jpa.boot.internal.EntityManagerFactoryBuilderImpl.persistenceException(EntityManagerFactoryBuilderImpl.java:954)
	at org.hibernate.jpa.boot.internal.EntityManagerFactoryBuilderImpl.build(EntityManagerFactoryBuilderImpl.java:884)
	at org.springframework.orm.jpa.vendor.SpringHibernateJpaPersistenceProvider.createContainerEntityManagerFactory(SpringHibernateJpaPersistenceProvider.java:60)
	at org.springframework.orm.jpa.LocalContainerEntityManagerFactoryBean.createNativeEntityManagerFactory(LocalContainerEntityManagerFactoryBean.java:340)
	at org.springframework.orm.jpa.AbstractEntityManagerFactoryBean.afterPropertiesSet(AbstractEntityManagerFactoryBean.java:319)
	at fr.gestion.donnees.SpringConfiguration.entityManagerFactory(SpringConfiguration.java:41)
	at fr.gestion.donnees.SpringConfiguration$$EnhancerBySpringCGLIB$$27b4b909.CGLIB$entityManagerFactory$0(&lt;generated&gt;)
	at fr.gestion.donnees.SpringConfiguration$$EnhancerBySpringCGLIB$$27b4b909$$FastClassBySpringCGLIB$$d6371d14.invoke(&lt;generated&gt;)
	at org.springframework.cglib.proxy.MethodProxy.invokeSuper(MethodProxy.java:228)
	at org.springframework.context.annotation.ConfigurationClassEnhancer$BeanMethodInterceptor.intercept(ConfigurationClassEnhancer.java:356)
	at fr.gestion.donnees.SpringConfiguration$$EnhancerBySpringCGLIB$$27b4b909.entityManagerFactory(&lt;generated&gt;)
	at sun.reflect.NativeMethodAccessorImpl.invoke0(Native Method)
	at sun.reflect.NativeMethodAccessorImpl.invoke(NativeMethodAccessorImpl.java:62)
	at sun.reflect.DelegatingMethodAccessorImpl.invoke(DelegatingMethodAccessorImpl.java:43)
	at java.lang.reflect.Method.invoke(Method.java:498)
	at org.springframework.beans.factory.support.SimpleInstantiationStrategy.instantiate(SimpleInstantiationStrategy.java:162)
	... 49 common frames omitted
Caused by: org.hibernate.MappingException: Could not determine type for: java.util.List, at table: Enseignant, for columns: [org.hibernate.mapping.Column(demandes)]
	at org.hibernate.mapping.SimpleValue.getType(SimpleValue.java:411)
	at org.hibernate.mapping.SimpleValue.isValid(SimpleValue.java:384)
	at org.hibernate.mapping.Property.isValid(Property.java:226)
	at org.hibernate.mapping.PersistentClass.validate(PersistentClass.java:529)
	at org.hibernate.mapping.RootClass.validate(RootClass.java:265)
	at org.hibernate.boot.internal.MetadataImpl.validate(MetadataImpl.java:329)
	at org.hibernate.boot.internal.SessionFactoryBuilderImpl.build(SessionFactoryBuilderImpl.java:464)
	at org.hibernate.jpa.boot.internal.EntityManagerFactoryBuilderImpl.build(EntityManagerFactoryBuilderImpl.java:881)
	... 63 common frames omitted
</system-out>
  </testcase>
</testsuite>